[ 2015-09-19T00:05:25+08:00 ] 123.125.71.36 /gxtt/29/1E53EF6EC1B33FA72F1243668221099223_1.gif
INFO: [ app_init ] --START--
INFO: Run Behavior\BuildLiteBehavior [ RunTime:0.000016s ]
INFO: [ app_init ] --END-- [ RunTime:0.000306s ]
ERR: 无法加载模块:Gxtt

[ 2015-09-19T01:24:37+08:00 ] 123.125.71.56 /gxtt/25/1E53EF6EC1B33FA72F1243657268564187_2.jpg
INFO: [ app_init ] --START--
INFO: Run Behavior\BuildLiteBehavior [ RunTime:0.000016s ]
INFO: [ app_init ] --END-- [ RunTime:0.000309s ]
ERR: 无法加载模块:Gxtt

[ 2015-09-19T01:49:26+08:00 ] 23.110.80.42 http://www.sogou.com/index.html
INFO: [ app_init ] --START--
INFO: Run Behavior\BuildLiteBehavior [ RunTime:0.000018s ]
INFO: [ app_init ] --END-- [ RunTime:0.000305s ]
ERR: 无法加载模块:Index

[ 2015-09-19T01:49:49+08:00 ] 220.181.108.92 /gxtt/25/1E53EF6EC1B33FA72F1243657268564187_1.jpg
INFO: [ app_init ] --START--
INFO: Run Behavior\BuildLiteBehavior [ RunTime:0.000015s ]
INFO: [ app_init ] --END-- [ RunTime:0.000307s ]
ERR: 无法加载模块:Gxtt

[ 2015-09-19T02:04:18+08:00 ] 37.187.114.171 /Afaria/Account/Login.aspx
INFO: [ app_init ] --START--
INFO: Run Behavior\BuildLiteBehavior [ RunTime:0.000015s ]
INFO: [ app_init ] --END-- [ RunTime:0.000300s ]
ERR: 无法加载模块:Afaria

[ 2015-09-19T02:43:50+08:00 ] 123.125.71.36 /wxws/19/1E53EF6EC1B33FA72F1243618876963138_1.jpg
INFO: [ app_init ] --START--
INFO: Run Behavior\BuildLiteBehavior [ RunTime:0.000029s ]
INFO: [ app_init ] --END-- [ RunTime:0.000549s ]
ERR: 无法加载模块:Wxws

[ 2015-09-19T03:09:02+08:00 ] 123.125.71.24 /wxws/18/1E53EF6EC1B33FA72F1243618711569131_1.jpg
INFO: [ app_init ] --START--
INFO: Run Behavior\BuildLiteBehavior [ RunTime:0.000019s ]
INFO: [ app_init ] --END-- [ RunTime:0.000308s ]
ERR: 无法加载模块:Wxws

[ 2015-09-19T03:11:01+08:00 ] 185.25.151.159 http://testp1.piwo.pila.pl/testproxy.php
INFO: [ app_init ] --START--
INFO: Run Behavior\BuildLiteBehavior [ RunTime:0.000015s ]
INFO: [ app_init ] --END-- [ RunTime:0.000298s ]
ERR: 无法加载模块:Testproxy

[ 2015-09-19T03:20:08+08:00 ] 110.86.5.90 /abcd112cc.css
INFO: [ app_init ] --START--
INFO: Run Behavior\BuildLiteBehavior [ RunTime:0.000015s ]
INFO: [ app_init ] --END-- [ RunTime:0.000307s ]
ERR: 无法加载模块:Abcd112cc

[ 2015-09-19T03:20:12+08:00 ] 110.86.5.90 /abcd112cc.css
INFO: [ app_init ] --START--
INFO: Run Behavior\BuildLiteBehavior [ RunTime:0.000021s ]
INFO: [ app_init ] --END-- [ RunTime:0.000387s ]
ERR: 无法加载模块:Abcd112cc

[ 2015-09-19T03:20:22+08:00 ] 110.86.5.90 /abcd112cc.css
INFO: [ app_init ] --START--
INFO: Run Behavior\BuildLiteBehavior [ RunTime:0.000015s ]
INFO: [ app_init ] --END-- [ RunTime:0.000361s ]
ERR: 无法加载模块:Abcd112cc

[ 2015-09-19T03:20:54+08:00 ] 110.86.5.90 /abcd112cc.css
INFO: [ app_init ] --START--
INFO: Run Behavior\BuildLiteBehavior [ RunTime:0.000016s ]
INFO: [ app_init ] --END-- [ RunTime:0.000302s ]
ERR: 无法加载模块:Abcd112cc

[ 2015-09-19T03:21:03+08:00 ] 110.86.5.90 /abcd112cc.css
INFO: [ app_init ] --START--
INFO: Run Behavior\BuildLiteBehavior [ RunTime:0.000015s ]
INFO: [ app_init ] --END-- [ RunTime:0.000302s ]
ERR: 无法加载模块:Abcd112cc

[ 2015-09-19T03:21:22+08:00 ] 110.86.5.90 /abcd112cc.css
INFO: [ app_init ] --START--
INFO: Run Behavior\BuildLiteBehavior [ RunTime:0.000016s ]
INFO: [ app_init ] --END-- [ RunTime:0.000353s ]
ERR: 无法加载模块:Abcd112cc

[ 2015-09-19T03:21:36+08:00 ] 110.86.5.90 /abcd112cc.css
INFO: [ app_init ] --START--
INFO: Run Behavior\BuildLiteBehavior [ RunTime:0.000020s ]
INFO: [ app_init ] --END-- [ RunTime:0.000381s ]
ERR: 无法加载模块:Abcd112cc

[ 2015-09-19T03:37:49+08:00 ] 123.125.71.53 /wp-content/uploads/2011/06/tueye1-300x278.jpg
INFO: [ app_init ] --START--
INFO: Run Behavior\BuildLiteBehavior [ RunTime:0.000024s ]
INFO: [ app_init ] --END-- [ RunTime:0.000421s ]
ERR: 无法加载模块:Wp-content

[ 2015-09-19T04:09:07+08:00 ] 118.193.154.185 /wwwroot.rar
INFO: [ app_init ] --START--
INFO: Run Behavior\BuildLiteBehavior [ RunTime:0.000015s ]
INFO: [ app_init ] --END-- [ RunTime:0.000302s ]
ERR: 无法加载模块:Wwwroot

[ 2015-09-19T04:09:08+08:00 ] 118.193.154.185 /www.rar
INFO: [ app_init ] --START--
INFO: Run Behavior\BuildLiteBehavior [ RunTime:0.000016s ]
INFO: [ app_init ] --END-- [ RunTime:0.000348s ]
ERR: 无法加载模块:Www

[ 2015-09-19T04:09:08+08:00 ] 118.193.154.185 /htdocs.rar
INFO: [ app_init ] --START--
INFO: Run Behavior\BuildLiteBehavior [ RunTime:0.000016s ]
INFO: [ app_init ] --END-- [ RunTime:0.000307s ]
ERR: 无法加载模块:Htdocs

[ 2015-09-19T04:09:09+08:00 ] 118.193.154.185 /website.rar
INFO: [ app_init ] --START--
INFO: Run Behavior\BuildLiteBehavior [ RunTime:0.000015s ]
INFO: [ app_init ] --END-- [ RunTime:0.000308s ]
ERR: 无法加载模块:Website

[ 2015-09-19T04:09:09+08:00 ] 118.193.154.185 /WebRoot.rar
INFO: [ app_init ] --START--
INFO: Run Behavior\BuildLiteBehavior [ RunTime:0.000015s ]
INFO: [ app_init ] --END-- [ RunTime:0.000338s ]
ERR: 无法加载模块:WebRoot

[ 2015-09-19T04:09:10+08:00 ] 118.193.154.185 /www.tueye.com.zip
INFO: [ app_init ] --START--
INFO: Run Behavior\BuildLiteBehavior [ RunTime:0.000016s ]
INFO: [ app_init ] --END-- [ RunTime:0.000311s ]
ERR: 无法加载模块:Www.tueye.com

[ 2015-09-19T04:09:11+08:00 ] 118.193.154.185 /www_tueye_com.rar
INFO: [ app_init ] --START--
INFO: Run Behavior\BuildLiteBehavior [ RunTime:0.000017s ]
INFO: [ app_init ] --END-- [ RunTime:0.000319s ]
ERR: 无法加载模块:Www_tueye_com

[ 2015-09-19T04:09:11+08:00 ] 118.193.154.185 /wwwtueyecom.zip
INFO: [ app_init ] --START--
INFO: Run Behavior\BuildLiteBehavior [ RunTime:0.000015s ]
INFO: [ app_init ] --END-- [ RunTime:0.000307s ]
ERR: 无法加载模块:Wwwtueyecom

[ 2015-09-19T04:09:12+08:00 ] 118.193.154.185 /tueye.sql
INFO: [ app_init ] --START--
INFO: Run Behavior\BuildLiteBehavior [ RunTime:0.000015s ]
INFO: [ app_init ] --END-- [ RunTime:0.000367s ]
ERR: 无法加载模块:Tueye

[ 2015-09-19T05:22:12+08:00 ] 220.181.108.150 /dtts/169/01080BAD2AD34D46031245919370211322_9.jpg
INFO: [ app_init ] --START--
INFO: Run Behavior\BuildLiteBehavior [ RunTime:0.000015s ]
INFO: [ app_init ] --END-- [ RunTime:0.000311s ]
ERR: 无法加载模块:Dtts

[ 2015-09-19T05:41:44+08:00 ] 66.249.64.37 /robots.txt
INFO: [ app_init ] --START--
INFO: Run Behavior\BuildLiteBehavior [ RunTime:0.000016s ]
INFO: [ app_init ] --END-- [ RunTime:0.000369s ]
ERR: 无法加载模块:Robots

[ 2015-09-19T06:35:45+08:00 ] 66.249.64.81 /robots.txt
INFO: [ app_init ] --START--
INFO: Run Behavior\BuildLiteBehavior [ RunTime:0.000015s ]
INFO: [ app_init ] --END-- [ RunTime:0.000322s ]
ERR: 无法加载模块:Robots

[ 2015-09-19T06:49:53+08:00 ] 66.249.64.37 /category/nvsfzdp?nowcatid=13
INFO: [ app_init ] --START--
INFO: Run Behavior\BuildLiteBehavior [ RunTime:0.000016s ]
INFO: [ app_init ] --END-- [ RunTime:0.000353s ]
ERR: 无法加载模块:Category

[ 2015-09-19T06:52:15+08:00 ] 123.125.71.20 /html/channel/tucool
INFO: [ app_init ] --START--
INFO: Run Behavior\BuildLiteBehavior [ RunTime:0.000016s ]
INFO: [ app_init ] --END-- [ RunTime:0.000404s ]
ERR: 无法加载模块:Html

[ 2015-09-19T07:06:36+08:00 ] 220.181.108.78 /dtts/169/01080BAD2AD34D46031245919370211322_5.jpg
INFO: [ app_init ] --START--
INFO: Run Behavior\BuildLiteBehavior [ RunTime:0.000019s ]
INFO: [ app_init ] --END-- [ RunTime:0.000323s ]
ERR: 无法加载模块:Dtts

[ 2015-09-19T07:20:24+08:00 ] 66.249.64.27 /weifenlei
INFO: [ app_init ] --START--
INFO: Run Behavior\BuildLiteBehavior [ RunTime:0.000015s ]
INFO: [ app_init ] --END-- [ RunTime:0.000301s ]
ERR: 无法加载模块:Weifenlei

[ 2015-09-19T07:38:53+08:00 ] 66.249.64.27 /date/2011/06/page/4
INFO: [ app_init ] --START--
INFO: Run Behavior\BuildLiteBehavior [ RunTime:0.000021s ]
INFO: [ app_init ] --END-- [ RunTime:0.000370s ]
ERR: 无法加载模块:Date

[ 2015-09-19T07:55:30+08:00 ] 123.125.71.17 /robots.txt
INFO: [ app_init ] --START--
INFO: Run Behavior\BuildLiteBehavior [ RunTime:0.000016s ]
INFO: [ app_init ] --END-- [ RunTime:0.000307s ]
ERR: 无法加载模块:Robots

[ 2015-09-19T07:57:00+08:00 ] 220.181.108.143 /dtts/169/01080BAD2AD34D46031245919370211322_10.jpg
INFO: [ app_init ] --START--
INFO: Run Behavior\BuildLiteBehavior [ RunTime:0.000020s ]
INFO: [ app_init ] --END-- [ RunTime:0.000310s ]
ERR: 无法加载模块:Dtts

[ 2015-09-19T08:06:33+08:00 ] 66.249.64.27 /category/yangsheng
INFO: [ app_init ] --START--
INFO: Run Behavior\BuildLiteBehavior [ RunTime:0.000015s ]
INFO: [ app_init ] --END-- [ RunTime:0.000307s ]
ERR: 无法加载模块:Category

[ 2015-09-19T08:18:55+08:00 ] 66.249.64.37 /fuzhuangdapei/889.html
INFO: [ app_init ] --START--
INFO: Run Behavior\BuildLiteBehavior [ RunTime:0.000016s ]
INFO: [ app_init ] --END-- [ RunTime:0.000305s ]
ERR: 无法加载模块:Fuzhuangdapei

[ 2015-09-19T08:25:02+08:00 ] 66.249.64.27 /xbfzdp/?nowcatid=15
INFO: [ app_init ] --START--
INFO: Run Behavior\BuildLiteBehavior [ RunTime:0.000014s ]
INFO: [ app_init ] --END-- [ RunTime:0.000370s ]
ERR: 无法加载模块:Xbfzdp

[ 2015-09-19T08:25:48+08:00 ] 123.125.71.53 /wxws/497/2DC219E64DDD5ECB311252932793278193_2.jpg
INFO: [ app_init ] --START--
INFO: Run Behavior\BuildLiteBehavior [ RunTime:0.000015s ]
INFO: [ app_init ] --END-- [ RunTime:0.000372s ]
ERR: 无法加载模块:Wxws

[ 2015-09-19T08:49:43+08:00 ] 66.249.64.27 /category/faxingsheji/
INFO: [ app_init ] --START--
INFO: Run Behavior\BuildLiteBehavior [ RunTime:0.000015s ]
INFO: [ app_init ] --END-- [ RunTime:0.000351s ]
ERR: 无法加载模块:Category

[ 2015-09-19T08:50:07+08:00 ] 176.9.10.227 /robots.txt
INFO: [ app_init ] --START--
INFO: Run Behavior\BuildLiteBehavior [ RunTime:0.000015s ]
INFO: [ app_init ] --END-- [ RunTime:0.000309s ]
ERR: 无法加载模块:Robots

[ 2015-09-19T08:51:00+08:00 ] 123.125.71.12 /themes/images/pingrun.gif
INFO: [ app_init ] --START--
INFO: Run Behavior\BuildLiteBehavior [ RunTime:0.000016s ]
INFO: [ app_init ] --END-- [ RunTime:0.000312s ]
ERR: 无法加载模块:Themes

[ 2015-09-19T09:13:33+08:00 ] 220.181.108.181 /shop/tpl/static/css/index_1200.css?version=20140212
INFO: [ app_init ] --START--
INFO: Run Behavior\BuildLiteBehavior [ RunTime:0.000016s ]
INFO: [ app_init ] --END-- [ RunTime:0.000321s ]
ERR: 无法加载模块:Shop

[ 2015-09-19T09:16:12+08:00 ] 123.125.71.91 /gxtt/468/24F3B5ABA60D4C04F81252392167924763_1.jpg
INFO: [ app_init ] --START--
INFO: Run Behavior\BuildLiteBehavior [ RunTime:0.000015s ]
INFO: [ app_init ] --END-- [ RunTime:0.000300s ]
ERR: 无法加载模块:Gxtt

[ 2015-09-19T09:17:22+08:00 ] 66.249.64.27 /index.html/category/huazhuang
INFO: [ app_init ] --START--
INFO: Run Behavior\BuildLiteBehavior [ RunTime:0.000015s ]
INFO: [ app_init ] --END-- [ RunTime:0.000353s ]
ERR: 无法加载模块:Index.html

[ 2015-09-19T09:23:36+08:00 ] 66.249.64.37 /yangsheng/343.html/
INFO: [ app_init ] --START--
INFO: Run Behavior\BuildLiteBehavior [ RunTime:0.000014s ]
INFO: [ app_init ] --END-- [ RunTime:0.000306s ]
ERR: 无法加载模块:Yangsheng

[ 2015-09-19T09:29:52+08:00 ] 66.249.64.27 /category/huazhuang?nowcatid=5
INFO: [ app_init ] --START--
INFO: Run Behavior\BuildLiteBehavior [ RunTime:0.000015s ]
INFO: [ app_init ] --END-- [ RunTime:0.000302s ]
ERR: 无法加载模块:Category

[ 2015-09-19T09:33:03+08:00 ] 66.249.64.37 /yangsheng/1212.html/
INFO: [ app_init ] --START--
INFO: Run Behavior\BuildLiteBehavior [ RunTime:0.000016s ]
INFO: [ app_init ] --END-- [ RunTime:0.000302s ]
ERR: 无法加载模块:Yangsheng

[ 2015-09-19T09:36:02+08:00 ] 66.249.64.27 /yangsheng/317.html
INFO: [ app_init ] --START--
INFO: Run Behavior\BuildLiteBehavior [ RunTime:0.000015s ]
INFO: [ app_init ] --END-- [ RunTime:0.000298s ]
ERR: 无法加载模块:Yangsheng

[ 2015-09-19T09:55:49+08:00 ] 46.172.71.251 /rom-0
INFO: [ app_init ] --START--
INFO: Run Behavior\BuildLiteBehavior [ RunTime:0.000016s ]
INFO: [ app_init ] --END-- [ RunTime:0.000380s ]
ERR: 无法加载模块:Rom-0

[ 2015-09-19T10:03:42+08:00 ] 66.249.64.27 /huazhuang/1095.html/
INFO: [ app_init ] --START--
INFO: Run Behavior\BuildLiteBehavior [ RunTime:0.000016s ]
INFO: [ app_init ] --END-- [ RunTime:0.000357s ]
ERR: 无法加载模块:Huazhuang

[ 2015-09-19T10:31:30+08:00 ] 185.25.151.159 http://testp3.pospr.waw.pl/testproxy.php
INFO: [ app_init ] --START--
INFO: Run Behavior\BuildLiteBehavior [ RunTime:0.000015s ]
INFO: [ app_init ] --END-- [ RunTime:0.000302s ]
ERR: 无法加载模块:Testproxy

[ 2015-09-19T10:35:24+08:00 ] 220.181.108.177 /dtts/253/01080BAD2AD34D460312477573884551011_6.jpg
INFO: [ app_init ] --START--
INFO: Run Behavior\BuildLiteBehavior [ RunTime:0.000015s ]
INFO: [ app_init ] --END-- [ RunTime:0.000307s ]
ERR: 无法加载模块:Dtts

[ 2015-09-19T10:38:25+08:00 ] 62.210.85.77 /robots.txt
INFO: [ app_init ] --START--
INFO: Run Behavior\BuildLiteBehavior [ RunTime:0.000015s ]
INFO: [ app_init ] --END-- [ RunTime:0.000303s ]
ERR: 无法加载模块:Robots

[ 2015-09-19T10:46:56+08:00 ] 66.249.64.37 /faxingsheji/187.html/
INFO: [ app_init ] --START--
INFO: Run Behavior\BuildLiteBehavior [ RunTime:0.000016s ]
INFO: [ app_init ] --END-- [ RunTime:0.000305s ]
ERR: 无法加载模块:Faxingsheji

[ 2015-09-19T11:02:23+08:00 ] 66.249.64.27 /fuzhuangdapei/79.html
INFO: [ app_init ] --START--
INFO: Run Behavior\BuildLiteBehavior [ RunTime:0.000017s ]
INFO: [ app_init ] --END-- [ RunTime:0.000320s ]
ERR: 无法加载模块:Fuzhuangdapei

[ 2015-09-19T11:09:48+08:00 ] 117.169.1.115 /36130152.html
INFO: [ app_init ] --START--
INFO: Run Behavior\BuildLiteBehavior [ RunTime:0.000016s ]
INFO: [ app_init ] --END-- [ RunTime:0.000303s ]
ERR: 无法加载模块:36130152

[ 2015-09-19T11:15:17+08:00 ] 66.249.64.27 /yangsheng/355.html?nowcatid=3
INFO: [ app_init ] --START--
INFO: Run Behavior\BuildLiteBehavior [ RunTime:0.000016s ]
INFO: [ app_init ] --END-- [ RunTime:0.000300s ]
ERR: 无法加载模块:Yangsheng

[ 2015-09-19T11:25:48+08:00 ] 220.181.108.144 /dtts/253/01080BAD2AD34D460312477573884551011_2.jpg
INFO: [ app_init ] --START--
INFO: Run Behavior\BuildLiteBehavior [ RunTime:0.000016s ]
INFO: [ app_init ] --END-- [ RunTime:0.000352s ]
ERR: 无法加载模块:Dtts

[ 2015-09-19T11:54:34+08:00 ] 123.125.71.29 /dtts/253/01080BAD2AD34D460312477573884551011_10.jpg
INFO: [ app_init ] --START--
INFO: Run Behavior\BuildLiteBehavior [ RunTime:0.000016s ]
INFO: [ app_init ] --END-- [ RunTime:0.000389s ]
ERR: 无法加载模块:Dtts

[ 2015-09-19T12:12:29+08:00 ] 162.210.196.130 /robots.txt
INFO: [ app_init ] --START--
INFO: Run Behavior\BuildLiteBehavior [ RunTime:0.000018s ]
INFO: [ app_init ] --END-- [ RunTime:0.000332s ]
ERR: 无法加载模块:Robots

[ 2015-09-19T12:22:42+08:00 ] 66.249.64.37 /huazhuang/1197.html
INFO: [ app_init ] --START--
INFO: Run Behavior\BuildLiteBehavior [ RunTime:0.000019s ]
INFO: [ app_init ] --END-- [ RunTime:0.000353s ]
ERR: 无法加载模块:Huazhuang

[ 2015-09-19T12:29:03+08:00 ] 66.249.64.27 /huazhuang/1157.html
INFO: [ app_init ] --START--
INFO: Run Behavior\BuildLiteBehavior [ RunTime:0.000018s ]
INFO: [ app_init ] --END-- [ RunTime:0.000310s ]
ERR: 无法加载模块:Huazhuang

[ 2015-09-19T12:32:13+08:00 ] 66.249.64.27 /shss/257/index.html
INFO: [ app_init ] --START--
INFO: Run Behavior\BuildLiteBehavior [ RunTime:0.000016s ]
INFO: [ app_init ] --END-- [ RunTime:0.000357s ]
ERR: 无法加载模块:Shss

[ 2015-09-19T12:34:15+08:00 ] 117.169.6.115 /1024160622.html
INFO: [ app_init ] --START--
INFO: Run Behavior\BuildLiteBehavior [ RunTime:0.000015s ]
INFO: [ app_init ] --END-- [ RunTime:0.000317s ]
ERR: 无法加载模块:1024160622

[ 2015-09-19T12:35:13+08:00 ] 66.249.64.27 /weifenlei/753.html
INFO: [ app_init ] --START--
INFO: Run Behavior\BuildLiteBehavior [ RunTime:0.000015s ]
INFO: [ app_init ] --END-- [ RunTime:0.000300s ]
ERR: 无法加载模块:Weifenlei

[ 2015-09-19T12:38:13+08:00 ] 66.249.64.37 /huazhuang/1235.html
INFO: [ app_init ] --START--
INFO: Run Behavior\BuildLiteBehavior [ RunTime:0.000017s ]
INFO: [ app_init ] --END-- [ RunTime:0.000343s ]
ERR: 无法加载模块:Huazhuang

[ 2015-09-19T12:50:33+08:00 ] 66.249.64.37 /huazhuang/1121.html
INFO: [ app_init ] --START--
INFO: Run Behavior\BuildLiteBehavior [ RunTime:0.000020s ]
INFO: [ app_init ] --END-- [ RunTime:0.000354s ]
ERR: 无法加载模块:Huazhuang

[ 2015-09-19T12:56:42+08:00 ] 66.249.64.27 /faxingsheji/739.html
INFO: [ app_init ] --START--
INFO: Run Behavior\BuildLiteBehavior [ RunTime:0.000016s ]
INFO: [ app_init ] --END-- [ RunTime:0.000305s ]
ERR: 无法加载模块:Faxingsheji

[ 2015-09-19T12:59:42+08:00 ] 66.249.64.37 /shss/260/index.html
INFO: [ app_init ] --START--
INFO: Run Behavior\BuildLiteBehavior [ RunTime:0.000018s ]
INFO: [ app_init ] --END-- [ RunTime:0.000313s ]
ERR: 无法加载模块:Shss

[ 2015-09-19T13:02:42+08:00 ] 66.249.64.37 /faxingsheji/592.html
INFO: [ app_init ] --START--
INFO: Run Behavior\BuildLiteBehavior [ RunTime:0.000015s ]
INFO: [ app_init ] --END-- [ RunTime:0.000305s ]
ERR: 无法加载模块:Faxingsheji

[ 2015-09-19T13:18:22+08:00 ] 66.249.64.27 /fuzhuangdapei/639.html
INFO: [ app_init ] --START--
INFO: Run Behavior\BuildLiteBehavior [ RunTime:0.000016s ]
INFO: [ app_init ] --END-- [ RunTime:0.000305s ]
ERR: 无法加载模块:Fuzhuangdapei

[ 2015-09-19T13:19:15+08:00 ] 66.249.64.37 /shss/258/index.html
INFO: [ app_init ] --START--
INFO: Run Behavior\BuildLiteBehavior [ RunTime:0.000016s ]
INFO: [ app_init ] --END-- [ RunTime:0.000305s ]
ERR: 无法加载模块:Shss

[ 2015-09-19T13:19:48+08:00 ] 66.249.64.37 /wp-content/uploads/2011/12/23.jpg
INFO: [ app_init ] --START--
INFO: Run Behavior\BuildLiteBehavior [ RunTime:0.000016s ]
INFO: [ app_init ] --END-- [ RunTime:0.000317s ]
ERR: 无法加载模块:Wp-content

[ 2015-09-19T13:22:48+08:00 ] 66.249.64.27 /fuzhuangdapei/660.html
INFO: [ app_init ] --START--
INFO: Run Behavior\BuildLiteBehavior [ RunTime:0.000019s ]
INFO: [ app_init ] --END-- [ RunTime:0.000328s ]
ERR: 无法加载模块:Fuzhuangdapei

[ 2015-09-19T13:24:32+08:00 ] 66.249.64.27 /faxingsheji/769.html
INFO: [ app_init ] --START--
INFO: Run Behavior\BuildLiteBehavior [ RunTime:0.000017s ]
INFO: [ app_init ] --END-- [ RunTime:0.000309s ]
ERR: 无法加载模块:Faxingsheji

[ 2015-09-19T13:26:04+08:00 ] 66.249.64.27 /ssln/17/1E53EF6EC1B33FA72F1243618518776125_4.jpg
INFO: [ app_init ] --START--
INFO: Run Behavior\BuildLiteBehavior [ RunTime:0.000017s ]
INFO: [ app_init ] --END-- [ RunTime:0.000360s ]
ERR: 无法加载模块:Ssln

[ 2015-09-19T13:26:05+08:00 ] 66.249.64.37 /wp-content/uploads/2011/12/23.jpg
INFO: [ app_init ] --START--
INFO: Run Behavior\BuildLiteBehavior [ RunTime:0.000015s ]
INFO: [ app_init ] --END-- [ RunTime:0.000356s ]
ERR: 无法加载模块:Wp-content

[ 2015-09-19T13:27:16+08:00 ] 66.249.64.37 /ssln/17/1E53EF6EC1B33FA72F1243618518776125_1.jpg
INFO: [ app_init ] --START--
INFO: Run Behavior\BuildLiteBehavior [ RunTime:0.000016s ]
INFO: [ app_init ] --END-- [ RunTime:0.000388s ]
ERR: 无法加载模块:Ssln

[ 2015-09-19T13:28:25+08:00 ] 66.249.64.27 /wp-content/uploads/2011/08/tueye_faxing21-225x300.jpg
INFO: [ app_init ] --START--
INFO: Run Behavior\BuildLiteBehavior [ RunTime:0.000015s ]
INFO: [ app_init ] --END-- [ RunTime:0.000377s ]
ERR: 无法加载模块:Wp-content

[ 2015-09-19T13:29:36+08:00 ] 66.249.64.37 /wp-content/uploads/2011/06/tueye_fuzhuang_123-300x265.jpg
INFO: [ app_init ] --START--
INFO: Run Behavior\BuildLiteBehavior [ RunTime:0.000018s ]
INFO: [ app_init ] --END-- [ RunTime:0.000309s ]
ERR: 无法加载模块:Wp-content

[ 2015-09-19T13:33:05+08:00 ] 66.249.64.32 /wp-content/uploads/2011/07/tueye_faxing29-232x300.jpg
INFO: [ app_init ] --START--
INFO: Run Behavior\BuildLiteBehavior [ RunTime:0.000016s ]
INFO: [ app_init ] --END-- [ RunTime:0.000306s ]
ERR: 无法加载模块:Wp-content

[ 2015-09-19T13:33:45+08:00 ] 66.249.64.37 /gxtt/600/2DC219E64DDD5ECB311255934019525961_1.jpg
INFO: [ app_init ] --START--
INFO: Run Behavior\BuildLiteBehavior [ RunTime:0.000017s ]
INFO: [ app_init ] --END-- [ RunTime:0.000369s ]
ERR: 无法加载模块:Gxtt

[ 2015-09-19T13:33:52+08:00 ] 66.249.64.37 /wp-content/uploads/2011/07/tueye_faxing216-300x300.jpg
INFO: [ app_init ] --START--
INFO: Run Behavior\BuildLiteBehavior [ RunTime:0.000015s ]
INFO: [ app_init ] --END-- [ RunTime:0.000306s ]
ERR: 无法加载模块:Wp-content

[ 2015-09-19T13:33:54+08:00 ] 66.249.64.37 /wp-content/uploads/2011/11/413.jpg
INFO: [ app_init ] --START--
INFO: Run Behavior\BuildLiteBehavior [ RunTime:0.000015s ]
INFO: [ app_init ] --END-- [ RunTime:0.000358s ]
ERR: 无法加载模块:Wp-content

[ 2015-09-19T13:35:51+08:00 ] 66.249.64.27 /wp-content/uploads/2011/08/tueye_faxing61-258x300.jpg
INFO: [ app_init ] --START--
INFO: Run Behavior\BuildLiteBehavior [ RunTime:0.000022s ]
INFO: [ app_init ] --END-- [ RunTime:0.000331s ]
ERR: 无法加载模块:Wp-content

[ 2015-09-19T13:40:35+08:00 ] 66.249.64.27 /wp-content/uploads/2011/07/tueye_faxing130-200x300.jpg
INFO: [ app_init ] --START--
INFO: Run Behavior\BuildLiteBehavior [ RunTime:0.000016s ]
INFO: [ app_init ] --END-- [ RunTime:0.000336s ]
ERR: 无法加载模块:Wp-content

[ 2015-09-19T13:42:38+08:00 ] 220.181.108.153 /dtts/52/6AE93571384A8B53B6124400426805414_9.bmp
INFO: [ app_init ] --START--
INFO: Run Behavior\BuildLiteBehavior [ RunTime:0.000016s ]
INFO: [ app_init ] --END-- [ RunTime:0.000358s ]
ERR: 无法加载模块:Dtts

[ 2015-09-19T13:43:35+08:00 ] 66.249.64.32 /wp-content/uploads/2011/07/tueye_faxing168-271x300.jpg
INFO: [ app_init ] --START--
INFO: Run Behavior\BuildLiteBehavior [ RunTime:0.000016s ]
INFO: [ app_init ] --END-- [ RunTime:0.000360s ]
ERR: 无法加载模块:Wp-content

[ 2015-09-19T13:45:20+08:00 ] 66.249.64.27 /wp-content/uploads/2011/08/tueye_faxing79-300x300.jpg
INFO: [ app_init ] --START--
INFO: Run Behavior\BuildLiteBehavior [ RunTime:0.000016s ]
INFO: [ app_init ] --END-- [ RunTime:0.000306s ]
ERR: 无法加载模块:Wp-content

[ 2015-09-19T13:46:42+08:00 ] 66.249.64.37 /wp-content/uploads/2011/07/tueye_faxing130-200x300.jpg
INFO: [ app_init ] --START--
INFO: Run Behavior\BuildLiteBehavior [ RunTime:0.000016s ]
INFO: [ app_init ] --END-- [ RunTime:0.000304s ]
ERR: 无法加载模块:Wp-content

[ 2015-09-19T13:47:43+08:00 ] 66.249.64.37 /wp-content/uploads/2011/08/tueye_faxing81-224x300.jpg
INFO: [ app_init ] --START--
INFO: Run Behavior\BuildLiteBehavior [ RunTime:0.000016s ]
INFO: [ app_init ] --END-- [ RunTime:0.000303s ]
ERR: 无法加载模块:Wp-content

[ 2015-09-19T13:52:52+08:00 ] 66.249.64.37 /wp-content/uploads/2011/12/54.jpg
INFO: [ app_init ] --START--
INFO: Run Behavior\BuildLiteBehavior [ RunTime:0.000016s ]
INFO: [ app_init ] --END-- [ RunTime:0.000300s ]
ERR: 无法加载模块:Wp-content

[ 2015-09-19T13:54:00+08:00 ] 66.249.64.37 /wp-content/uploads/2011/06/tueye_huazhuang24-214x300.jpg
INFO: [ app_init ] --START--
INFO: Run Behavior\BuildLiteBehavior [ RunTime:0.000018s ]
INFO: [ app_init ] --END-- [ RunTime:0.000352s ]
ERR: 无法加载模块:Wp-content

[ 2015-09-19T13:54:52+08:00 ] 66.249.64.37 /wp-content/uploads/2011/10/52.jpg
INFO: [ app_init ] --START--
INFO: Run Behavior\BuildLiteBehavior [ RunTime:0.000015s ]
INFO: [ app_init ] --END-- [ RunTime:0.000370s ]
ERR: 无法加载模块:Wp-content

[ 2015-09-19T13:57:16+08:00 ] 66.249.64.37 /wp-content/uploads/2011/11/52.jpg
INFO: [ app_init ] --START--
INFO: Run Behavior\BuildLiteBehavior [ RunTime:0.000016s ]
INFO: [ app_init ] --END-- [ RunTime:0.000375s ]
ERR: 无法加载模块:Wp-content

[ 2015-09-19T13:59:39+08:00 ] 66.249.64.37 /wp-content/uploads/2011/08/tueye_faxing91-240x300.jpg
INFO: [ app_init ] --START--
INFO: Run Behavior\BuildLiteBehavior [ RunTime:0.000016s ]
INFO: [ app_init ] --END-- [ RunTime:0.000309s ]
ERR: 无法加载模块:Wp-content

[ 2015-09-19T14:02:03+08:00 ] 66.249.64.37 /wp-content/uploads/2011/08/tueye_faxing59-235x300.jpg
INFO: [ app_init ] --START--
INFO: Run Behavior\BuildLiteBehavior [ RunTime:0.000016s ]
INFO: [ app_init ] --END-- [ RunTime:0.000321s ]
ERR: 无法加载模块:Wp-content

[ 2015-09-19T14:04:28+08:00 ] 66.249.64.32 /wp-content/uploads/2011/08/tueye_faxing16-218x300.jpg
INFO: [ app_init ] --START--
INFO: Run Behavior\BuildLiteBehavior [ RunTime:0.000017s ]
INFO: [ app_init ] --END-- [ RunTime:0.000307s ]
ERR: 无法加载模块:Wp-content

[ 2015-09-19T14:09:12+08:00 ] 66.249.64.37 /wp-content/uploads/2011/08/tueye_faxing86-300x227.jpg
INFO: [ app_init ] --START--
INFO: Run Behavior\BuildLiteBehavior [ RunTime:0.000015s ]
INFO: [ app_init ] --END-- [ RunTime:0.000311s ]
ERR: 无法加载模块:Wp-content

[ 2015-09-19T14:11:36+08:00 ] 66.249.64.32 /wp-content/uploads/2011/08/111-227x300.jpg
INFO: [ app_init ] --START--
INFO: Run Behavior\BuildLiteBehavior [ RunTime:0.000015s ]
INFO: [ app_init ] --END-- [ RunTime:0.000300s ]
ERR: 无法加载模块:Wp-content

[ 2015-09-19T14:16:23+08:00 ] 66.249.64.32 /wp-content/uploads/2011/08/117.jpg
INFO: [ app_init ] --START--
INFO: Run Behavior\BuildLiteBehavior [ RunTime:0.000015s ]
INFO: [ app_init ] --END-- [ RunTime:0.000351s ]
ERR: 无法加载模块:Wp-content

[ 2015-09-19T14:18:45+08:00 ] 66.249.64.27 /wp-content/uploads/2011/11/216.jpg
INFO: [ app_init ] --START--
INFO: Run Behavior\BuildLiteBehavior [ RunTime:0.000015s ]
INFO: [ app_init ] --END-- [ RunTime:0.000354s ]
ERR: 无法加载模块:Wp-content

[ 2015-09-19T14:18:55+08:00 ] 176.9.10.227 /robots.txt
INFO: [ app_init ] --START--
INFO: Run Behavior\BuildLiteBehavior [ RunTime:0.000016s ]
INFO: [ app_init ] --END-- [ RunTime:0.000306s ]
ERR: 无法加载模块:Robots

[ 2015-09-19T14:25:56+08:00 ] 66.249.64.27 /wp-content/uploads/2011/09/16-216x300.jpg
INFO: [ app_init ] --START--
INFO: Run Behavior\BuildLiteBehavior [ RunTime:0.000017s ]
INFO: [ app_init ] --END-- [ RunTime:0.000352s ]
ERR: 无法加载模块:Wp-content

[ 2015-09-19T14:30:42+08:00 ] 66.249.64.27 /wp-content/uploads/2011/08/110-194x300.jpg
INFO: [ app_init ] --START--
INFO: Run Behavior\BuildLiteBehavior [ RunTime:0.000016s ]
INFO: [ app_init ] --END-- [ RunTime:0.000364s ]
ERR: 无法加载模块:Wp-content

[ 2015-09-19T14:33:06+08:00 ] 66.249.64.37 /wp-content/uploads/2011/08/tueye_faxing27-241x300.jpg
INFO: [ app_init ] --START--
INFO: Run Behavior\BuildLiteBehavior [ RunTime:0.000016s ]
INFO: [ app_init ] --END-- [ RunTime:0.000355s ]
ERR: 无法加载模块:Wp-content

[ 2015-09-19T14:37:51+08:00 ] 66.249.64.37 /wp-content/uploads/2011/08/tueye_faxing38-300x225.jpg
INFO: [ app_init ] --START--
INFO: Run Behavior\BuildLiteBehavior [ RunTime:0.000016s ]
INFO: [ app_init ] --END-- [ RunTime:0.000352s ]
ERR: 无法加载模块:Wp-content

[ 2015-09-19T14:40:16+08:00 ] 66.249.64.37 /wp-content/uploads/2011/07/tueye_faxing261-208x300.jpg
INFO: [ app_init ] --START--
INFO: Run Behavior\BuildLiteBehavior [ RunTime:0.000016s ]
INFO: [ app_init ] --END-- [ RunTime:0.000381s ]
ERR: 无法加载模块:Wp-content

[ 2015-09-19T14:42:39+08:00 ] 66.249.64.27 /wp-content/uploads/2011/08/tueye_faxing88-300x225.jpg
INFO: [ app_init ] --START--
INFO: Run Behavior\BuildLiteBehavior [ RunTime:0.000016s ]
INFO: [ app_init ] --END-- [ RunTime:0.000352s ]
ERR: 无法加载模块:Wp-content

[ 2015-09-19T14:45:02+08:00 ] 66.249.64.37 /wp-content/uploads/2011/08/112-262x300.jpg
INFO: [ app_init ] --START--
INFO: Run Behavior\BuildLiteBehavior [ RunTime:0.000020s ]
INFO: [ app_init ] --END-- [ RunTime:0.000325s ]
ERR: 无法加载模块:Wp-content

[ 2015-09-19T14:47:25+08:00 ] 66.249.64.27 /wp-content/uploads/2011/06/tueye_fuzhuang_167-277x300.jpg
INFO: [ app_init ] --START--
INFO: Run Behavior\BuildLiteBehavior [ RunTime:0.000016s ]
INFO: [ app_init ] --END-- [ RunTime:0.000375s ]
ERR: 无法加载模块:Wp-content

[ 2015-09-19T14:59:45+08:00 ] 66.249.64.27 /wp-content/uploads/2011/08/tueye_faxing74-300x221.jpg
INFO: [ app_init ] --START--
INFO: Run Behavior\BuildLiteBehavior [ RunTime:0.000016s ]
INFO: [ app_init ] --END-- [ RunTime:0.000357s ]
ERR: 无法加载模块:Wp-content

[ 2015-09-19T15:01:15+08:00 ] 66.249.64.37 /wp-content/uploads/2011/07/tueye_faxing53-210x300.jpg
INFO: [ app_init ] --START--
INFO: Run Behavior\BuildLiteBehavior [ RunTime:0.000016s ]
INFO: [ app_init ] --END-- [ RunTime:0.000358s ]
ERR: 无法加载模块:Wp-content

[ 2015-09-19T15:01:44+08:00 ] 66.249.64.27 /wp-content/uploads/2011/07/tueye_faxing241-300x300.jpg
INFO: [ app_init ] --START--
INFO: Run Behavior\BuildLiteBehavior [ RunTime:0.000016s ]
INFO: [ app_init ] --END-- [ RunTime:0.000358s ]
ERR: 无法加载模块:Wp-content

[ 2015-09-19T15:04:08+08:00 ] 66.249.64.37 /wp-content/uploads/2011/07/tueye_faxing52-210x300.jpg
INFO: [ app_init ] --START--
INFO: Run Behavior\BuildLiteBehavior [ RunTime:0.000016s ]
INFO: [ app_init ] --END-- [ RunTime:0.000307s ]
ERR: 无法加载模块:Wp-content

[ 2015-09-19T15:12:39+08:00 ] 220.181.108.107 /shss/90/6AE93571384A8B53B61244362921611378_1.jpg
INFO: [ app_init ] --START--
INFO: Run Behavior\BuildLiteBehavior [ RunTime:0.000016s ]
INFO: [ app_init ] --END-- [ RunTime:0.000309s ]
ERR: 无法加载模块:Shss

[ 2015-09-19T15:13:41+08:00 ] 66.249.64.27 /wp-content/uploads/2011/07/tueye_faxing252-235x300.jpg
INFO: [ app_init ] --START--
INFO: Run Behavior\BuildLiteBehavior [ RunTime:0.000016s ]
INFO: [ app_init ] --END-- [ RunTime:0.000360s ]
ERR: 无法加载模块:Wp-content

[ 2015-09-19T15:16:05+08:00 ] 66.249.64.37 /wp-content/uploads/2011/08/tueye_faxing101-192x300.jpg
INFO: [ app_init ] --START--
INFO: Run Behavior\BuildLiteBehavior [ RunTime:0.000016s ]
INFO: [ app_init ] --END-- [ RunTime:0.000302s ]
ERR: 无法加载模块:Wp-content

[ 2015-09-19T15:18:27+08:00 ] 66.249.64.37 /wp-content/uploads/2011/07/tueye_faxing225-225x300.jpg
INFO: [ app_init ] --START--
INFO: Run Behavior\BuildLiteBehavior [ RunTime:0.000072s ]
INFO: [ app_init ] --END-- [ RunTime:0.000375s ]
ERR: 无法加载模块:Wp-content

[ 2015-09-19T15:20:51+08:00 ] 66.249.64.27 /wp-content/uploads/2011/07/tueye_faxing197-275x300.jpg
INFO: [ app_init ] --START--
INFO: Run Behavior\BuildLiteBehavior [ RunTime:0.000015s ]
INFO: [ app_init ] --END-- [ RunTime:0.000349s ]
ERR: 无法加载模块:Wp-content

[ 2015-09-19T15:23:14+08:00 ] 66.249.64.27 /wp-content/uploads/2011/12/16.jpg
INFO: [ app_init ] --START--
INFO: Run Behavior\BuildLiteBehavior [ RunTime:0.000065s ]
INFO: [ app_init ] --END-- [ RunTime:0.000357s ]
ERR: 无法加载模块:Wp-content

[ 2015-09-19T15:30:24+08:00 ] 66.249.64.37 /wp-content/uploads/2011/12/28.jpg
INFO: [ app_init ] --START--
INFO: Run Behavior\BuildLiteBehavior [ RunTime:0.000015s ]
INFO: [ app_init ] --END-- [ RunTime:0.000355s ]
ERR: 无法加载模块:Wp-content

[ 2015-09-19T15:32:47+08:00 ] 66.249.64.37 /gxtt/601/2DC219E64DDD5ECB311255934428561975_5.jpg
INFO: [ app_init ] --START--
INFO: Run Behavior\BuildLiteBehavior [ RunTime:0.000018s ]
INFO: [ app_init ] --END-- [ RunTime:0.000315s ]
ERR: 无法加载模块:Gxtt

[ 2015-09-19T15:34:39+08:00 ] 220.181.108.157 /faxingsheji/911.html
INFO: [ app_init ] --START--
INFO: Run Behavior\BuildLiteBehavior [ RunTime:0.000016s ]
INFO: [ app_init ] --END-- [ RunTime:0.000307s ]
ERR: 无法加载模块:Faxingsheji

[ 2015-09-19T15:35:11+08:00 ] 66.249.64.27 /gxtt/601/2DC219E64DDD5ECB311255934428561975_6.jpg
INFO: [ app_init ] --START--
INFO: Run Behavior\BuildLiteBehavior [ RunTime:0.000016s ]
INFO: [ app_init ] --END-- [ RunTime:0.000301s ]
ERR: 无法加载模块:Gxtt

[ 2015-09-19T15:42:21+08:00 ] 66.249.64.27 /wp-content/uploads/2011/06/tueye_huazhuang25-300x300.jpg
INFO: [ app_init ] --START--
INFO: Run Behavior\BuildLiteBehavior [ RunTime:0.000016s ]
INFO: [ app_init ] --END-- [ RunTime:0.000355s ]
ERR: 无法加载模块:Wp-content

[ 2015-09-19T15:51:54+08:00 ] 66.249.64.27 /wp-content/uploads/2011/07/tueye_faxing166-300x266.jpg
INFO: [ app_init ] --START--
INFO: Run Behavior\BuildLiteBehavior [ RunTime:0.000019s ]
INFO: [ app_init ] --END-- [ RunTime:0.000375s ]
ERR: 无法加载模块:Wp-content

[ 2015-09-19T15:56:41+08:00 ] 66.249.64.37 /wp-content/uploads/2011/08/tueye_faxing58-230x300.jpg
INFO: [ app_init ] --START--
INFO: Run Behavior\BuildLiteBehavior [ RunTime:0.000016s ]
INFO: [ app_init ] --END-- [ RunTime:0.000309s ]
ERR: 无法加载模块:Wp-content

[ 2015-09-19T15:59:03+08:00 ] 66.249.64.37 /wp-content/uploads/2011/06/tueye_huazhuang7-214x300.jpg
INFO: [ app_init ] --START--
INFO: Run Behavior\BuildLiteBehavior [ RunTime:0.000016s ]
INFO: [ app_init ] --END-- [ RunTime:0.000381s ]
ERR: 无法加载模块:Wp-content

[ 2015-09-19T16:01:27+08:00 ] 66.249.64.27 /wp-content/uploads/2011/07/tueye_faxing105-200x300.jpg
INFO: [ app_init ] --START--
INFO: Run Behavior\BuildLiteBehavior [ RunTime:0.000016s ]
INFO: [ app_init ] --END-- [ RunTime:0.000302s ]
ERR: 无法加载模块:Wp-content

[ 2015-09-19T16:03:50+08:00 ] 66.249.64.27 /wp-content/uploads/2011/08/tueye_faxing8-225x300.jpg
INFO: [ app_init ] --START--
INFO: Run Behavior\BuildLiteBehavior [ RunTime:0.000015s ]
INFO: [ app_init ] --END-- [ RunTime:0.000364s ]
ERR: 无法加载模块:Wp-content

[ 2015-09-19T16:06:14+08:00 ] 66.249.64.27 /wp-content/uploads/2011/06/tueye_fuzhuang_136-227x300.jpg
INFO: [ app_init ] --START--
INFO: Run Behavior\BuildLiteBehavior [ RunTime:0.000015s ]
INFO: [ app_init ] --END-- [ RunTime:0.000350s ]
ERR: 无法加载模块:Wp-content

[ 2015-09-19T16:08:36+08:00 ] 66.249.64.37 /wp-content/uploads/2011/07/tueye_faxing163-300x266.jpg
INFO: [ app_init ] --START--
INFO: Run Behavior\BuildLiteBehavior [ RunTime:0.000021s ]
INFO: [ app_init ] --END-- [ RunTime:0.000414s ]
ERR: 无法加载模块:Wp-content

[ 2015-09-19T16:11:00+08:00 ] 66.249.64.27 /wp-content/uploads/2011/06/tueye_huazhuang10-300x210.jpg
INFO: [ app_init ] --START--
INFO: Run Behavior\BuildLiteBehavior [ RunTime:0.000016s ]
INFO: [ app_init ] --END-- [ RunTime:0.000352s ]
ERR: 无法加载模块:Wp-content

[ 2015-09-19T16:15:47+08:00 ] 66.249.64.27 /wp-content/uploads/2011/12/22.jpg
INFO: [ app_init ] --START--
INFO: Run Behavior\BuildLiteBehavior [ RunTime:0.000015s ]
INFO: [ app_init ] --END-- [ RunTime:0.000316s ]
ERR: 无法加载模块:Wp-content

[ 2015-09-19T16:18:09+08:00 ] 66.249.64.32 /wp-content/uploads/2011/06/tueye_fuzhuang_114-300x300.jpg
INFO: [ app_init ] --START--
INFO: Run Behavior\BuildLiteBehavior [ RunTime:0.000015s ]
INFO: [ app_init ] --END-- [ RunTime:0.000325s ]
ERR: 无法加载模块:Wp-content

[ 2015-09-19T16:25:20+08:00 ] 66.249.64.27 /wp-content/uploads/2011/06/tueye_huazhuang16-300x210.jpg
INFO: [ app_init ] --START--
INFO: Run Behavior\BuildLiteBehavior [ RunTime:0.000064s ]
INFO: [ app_init ] --END-- [ RunTime:0.000353s ]
ERR: 无法加载模块:Wp-content

[ 2015-09-19T16:30:05+08:00 ] 111.206.36.10 /images/wind/navA.png
INFO: [ app_init ] --START--
INFO: Run Behavior\BuildLiteBehavior [ RunTime:0.000017s ]
INFO: [ app_init ] --END-- [ RunTime:0.000310s ]
ERR: 无法加载模块:Images

[ 2015-09-19T16:30:06+08:00 ] 66.249.64.27 /dtts/169/01080BAD2AD34D46031245919370211322_3.jpg
INFO: [ app_init ] --START--
INFO: Run Behavior\BuildLiteBehavior [ RunTime:0.000016s ]
INFO: [ app_init ] --END-- [ RunTime:0.000400s ]
ERR: 无法加载模块:Dtts

[ 2015-09-19T16:32:30+08:00 ] 66.249.64.37 /gxtt/57/6AE93571384A8B53B6124403330291659_2.jpg
INFO: [ app_init ] --START--
INFO: Run Behavior\BuildLiteBehavior [ RunTime:0.000016s ]
INFO: [ app_init ] --END-- [ RunTime:0.000356s ]
ERR: 无法加载模块:Gxtt

[ 2015-09-19T16:34:53+08:00 ] 66.249.64.27 /wp-content/uploads/2011/12/210.jpg
INFO: [ app_init ] --START--
INFO: Run Behavior\BuildLiteBehavior [ RunTime:0.000019s ]
INFO: [ app_init ] --END-- [ RunTime:0.000318s ]
ERR: 无法加载模块:Wp-content

[ 2015-09-19T16:37:17+08:00 ] 66.249.64.37 /wp-content/uploads/2011/12/2.jpg
INFO: [ app_init ] --START--
INFO: Run Behavior\BuildLiteBehavior [ RunTime:0.000016s ]
INFO: [ app_init ] --END-- [ RunTime:0.000315s ]
ERR: 无法加载模块:Wp-content

[ 2015-09-19T16:39:23+08:00 ] 111.206.36.10 /images/wind/old.gif
INFO: [ app_init ] --START--
INFO: Run Behavior\BuildLiteBehavior [ RunTime:0.000015s ]
INFO: [ app_init ] --END-- [ RunTime:0.000357s ]
ERR: 无法加载模块:Images

[ 2015-09-19T16:39:39+08:00 ] 66.249.64.37 /pages/topics/aduploadimg/zheli.gif
INFO: [ app_init ] --START--
INFO: Run Behavior\BuildLiteBehavior [ RunTime:0.000017s ]
INFO: [ app_init ] --END-- [ RunTime:0.000318s ]
ERR: 无法加载模块:Pages

[ 2015-09-19T16:42:03+08:00 ] 66.249.64.37 /gxtt/600/2DC219E64DDD5ECB311255934019525961_11.jpg
INFO: [ app_init ] --START--
INFO: Run Behavior\BuildLiteBehavior [ RunTime:0.000023s ]
INFO: [ app_init ] --END-- [ RunTime:0.000526s ]
ERR: 无法加载模块:Gxtt

[ 2015-09-19T16:42:39+08:00 ] 220.181.108.86 /shss/528/2DC219E64DDD5ECB311253524860230384_2.jpg
INFO: [ app_init ] --START--
INFO: Run Behavior\BuildLiteBehavior [ RunTime:0.000018s ]
INFO: [ app_init ] --END-- [ RunTime:0.000402s ]
ERR: 无法加载模块:Shss

[ 2015-09-19T16:46:50+08:00 ] 66.249.64.37 /wp-content/uploads/2011/12/26.jpg
INFO: [ app_init ] --START--
INFO: Run Behavior\BuildLiteBehavior [ RunTime:0.000016s ]
INFO: [ app_init ] --END-- [ RunTime:0.000324s ]
ERR: 无法加载模块:Wp-content

[ 2015-09-19T16:56:23+08:00 ] 66.249.64.37 /wp-content/uploads/2011/07/tueye_faxing56-210x300.jpg
INFO: [ app_init ] --START--
INFO: Run Behavior\BuildLiteBehavior [ RunTime:0.000016s ]
INFO: [ app_init ] --END-- [ RunTime:0.000372s ]
ERR: 无法加载模块:Wp-content

[ 2015-09-19T16:58:45+08:00 ] 66.249.64.37 /gxtt/600/2DC219E64DDD5ECB311255934019525961_10.jpg
INFO: [ app_init ] --START--
INFO: Run Behavior\BuildLiteBehavior [ RunTime:0.000016s ]
INFO: [ app_init ] --END-- [ RunTime:0.000352s ]
ERR: 无法加载模块:Gxtt

[ 2015-09-19T17:01:12+08:00 ] 66.249.64.27 /wp-content/uploads/2011/10/14.jpg
INFO: [ app_init ] --START--
INFO: Run Behavior\BuildLiteBehavior [ RunTime:0.000015s ]
INFO: [ app_init ] --END-- [ RunTime:0.000306s ]
ERR: 无法加载模块:Wp-content

[ 2015-09-19T17:03:33+08:00 ] 66.249.64.27 /wp-content/uploads/2011/10/2.jpg
INFO: [ app_init ] --START--
INFO: Run Behavior\BuildLiteBehavior [ RunTime:0.000017s ]
INFO: [ app_init ] --END-- [ RunTime:0.000308s ]
ERR: 无法加载模块:Wp-content

[ 2015-09-19T17:05:56+08:00 ] 66.249.64.27 /wp-content/uploads/2011/06/tueye_fuzhuang_116-300x300.jpg
INFO: [ app_init ] --START--
INFO: Run Behavior\BuildLiteBehavior [ RunTime:0.000016s ]
INFO: [ app_init ] --END-- [ RunTime:0.000370s ]
ERR: 无法加载模块:Wp-content

[ 2015-09-19T17:08:18+08:00 ] 66.249.64.27 /wp-content/uploads/2011/11/121.jpg
INFO: [ app_init ] --START--
INFO: Run Behavior\BuildLiteBehavior [ RunTime:0.000017s ]
INFO: [ app_init ] --END-- [ RunTime:0.000317s ]
ERR: 无法加载模块:Wp-content

[ 2015-09-19T17:11:26+08:00 ] 123.125.71.43 /shss/528/2DC219E64DDD5ECB311253524860230384_1.jpg
INFO: [ app_init ] --START--
INFO: Run Behavior\BuildLiteBehavior [ RunTime:0.000016s ]
INFO: [ app_init ] --END-- [ RunTime:0.000356s ]
ERR: 无法加载模块:Shss

[ 2015-09-19T17:15:30+08:00 ] 66.249.64.37 /wp-content/uploads/2011/06/tueye_fuzhuang_110-199x300.jpg
INFO: [ app_init ] --START--
INFO: Run Behavior\BuildLiteBehavior [ RunTime:0.000018s ]
INFO: [ app_init ] --END-- [ RunTime:0.000377s ]
ERR: 无法加载模块:Wp-content

[ 2015-09-19T17:17:53+08:00 ] 66.249.64.27 /shss/400/24F3B5ABA60D4C04F81251350948154380_3.jpg
INFO: [ app_init ] --START--
INFO: Run Behavior\BuildLiteBehavior [ RunTime:0.000016s ]
INFO: [ app_init ] --END-- [ RunTime:0.000384s ]
ERR: 无法加载模块:Shss

[ 2015-09-19T17:25:03+08:00 ] 66.249.64.37 /wp-content/uploads/2011/11/113.jpg
INFO: [ app_init ] --START--
INFO: Run Behavior\BuildLiteBehavior [ RunTime:0.000016s ]
INFO: [ app_init ] --END-- [ RunTime:0.000308s ]
ERR: 无法加载模块:Wp-content

[ 2015-09-19T17:29:49+08:00 ] 66.249.64.37 /shss/400/24F3B5ABA60D4C04F81251350948154380_1.jpg
INFO: [ app_init ] --START--
INFO: Run Behavior\BuildLiteBehavior [ RunTime:0.000017s ]
INFO: [ app_init ] --END-- [ RunTime:0.000311s ]
ERR: 无法加载模块:Shss

[ 2015-09-19T17:32:13+08:00 ] 66.249.64.27 /gxtt/572/2DC219E64DDD5ECB311255417008334743_11.jpg
INFO: [ app_init ] --START--
INFO: Run Behavior\BuildLiteBehavior [ RunTime:0.000017s ]
INFO: [ app_init ] --END-- [ RunTime:0.000351s ]
ERR: 无法加载模块:Gxtt

[ 2015-09-19T17:34:36+08:00 ] 66.249.64.27 /gxtt/600/2DC219E64DDD5ECB311255934019525961_2.jpg
INFO: [ app_init ] --START--
INFO: Run Behavior\BuildLiteBehavior [ RunTime:0.000015s ]
INFO: [ app_init ] --END-- [ RunTime:0.000362s ]
ERR: 无法加载模块:Gxtt

[ 2015-09-19T17:39:23+08:00 ] 66.249.64.27 /wp-content/uploads/2011/11/23.jpg
INFO: [ app_init ] --START--
INFO: Run Behavior\BuildLiteBehavior [ RunTime:0.000015s ]
INFO: [ app_init ] --END-- [ RunTime:0.000369s ]
ERR: 无法加载模块:Wp-content

[ 2015-09-19T17:40:15+08:00 ] 220.181.108.139 /shss/400/24F3B5ABA60D4C04F81251350948154380_4.jpg
INFO: [ app_init ] --START--
INFO: Run Behavior\BuildLiteBehavior [ RunTime:0.000015s ]
INFO: [ app_init ] --END-- [ RunTime:0.000306s ]
ERR: 无法加载模块:Shss

[ 2015-09-19T17:41:46+08:00 ] 66.249.64.27 /robots.txt
INFO: [ app_init ] --START--
INFO: Run Behavior\BuildLiteBehavior [ RunTime:0.000016s ]
INFO: [ app_init ] --END-- [ RunTime:0.000379s ]
ERR: 无法加载模块:Robots

[ 2015-09-19T17:41:47+08:00 ] 66.249.64.27 /wp-content/uploads/2011/06/tueye_huazhuang11-300x225.jpg
INFO: [ app_init ] --START--
INFO: Run Behavior\BuildLiteBehavior [ RunTime:0.000015s ]
INFO: [ app_init ] --END-- [ RunTime:0.000356s ]
ERR: 无法加载模块:Wp-content

[ 2015-09-19T17:46:33+08:00 ] 66.249.64.27 /wp-content/uploads/2011/07/tueye_faxing69-268x300.jpg
INFO: [ app_init ] --START--
INFO: Run Behavior\BuildLiteBehavior [ RunTime:0.000065s ]
INFO: [ app_init ] --END-- [ RunTime:0.000368s ]
ERR: 无法加载模块:Wp-content

[ 2015-09-19T17:53:38+08:00 ] 66.249.64.27 /themes/images/21.gif
INFO: [ app_init ] --START--
INFO: Run Behavior\BuildLiteBehavior [ RunTime:0.000016s ]
INFO: [ app_init ] --END-- [ RunTime:0.000303s ]
ERR: 无法加载模块:Themes

[ 2015-09-19T17:54:27+08:00 ] 66.249.64.27 /wp-content/uploads/2011/07/tueye_faxing69-268x300.jpg
INFO: [ app_init ] --START--
INFO: Run Behavior\BuildLiteBehavior [ RunTime:0.000016s ]
INFO: [ app_init ] --END-- [ RunTime:0.000312s ]
ERR: 无法加载模块:Wp-content

[ 2015-09-19T17:54:42+08:00 ] 185.49.14.190 http://testp2.czar.bielawa.pl/testproxy.php
INFO: [ app_init ] --START--
INFO: Run Behavior\BuildLiteBehavior [ RunTime:0.000017s ]
INFO: [ app_init ] --END-- [ RunTime:0.000309s ]
ERR: 无法加载模块:Testproxy

[ 2015-09-19T17:58:23+08:00 ] 66.249.64.37 /gxtt/600/2DC219E64DDD5ECB311255934019525961_12.jpg
INFO: [ app_init ] --START--
INFO: Run Behavior\BuildLiteBehavior [ RunTime:0.000016s ]
INFO: [ app_init ] --END-- [ RunTime:0.000370s ]
ERR: 无法加载模块:Gxtt

[ 2015-09-19T18:03:34+08:00 ] 66.249.64.27 /gxtt/601/2DC219E64DDD5ECB311255934428561975_2.jpg
INFO: [ app_init ] --START--
INFO: Run Behavior\BuildLiteBehavior [ RunTime:0.000016s ]
INFO: [ app_init ] --END-- [ RunTime:0.000322s ]
ERR: 无法加载模块:Gxtt

[ 2015-09-19T18:04:39+08:00 ] 66.249.64.37 /wp-content/uploads/2011/12/315.jpg
INFO: [ app_init ] --START--
INFO: Run Behavior\BuildLiteBehavior [ RunTime:0.000015s ]
INFO: [ app_init ] --END-- [ RunTime:0.000357s ]
ERR: 无法加载模块:Wp-content

[ 2015-09-19T18:12:38+08:00 ] 220.181.108.145 /shss/400/24F3B5ABA60D4C04F81251350948154380_2.jpg
INFO: [ app_init ] --START--
INFO: Run Behavior\BuildLiteBehavior [ RunTime:0.000016s ]
INFO: [ app_init ] --END-- [ RunTime:0.000323s ]
ERR: 无法加载模块:Shss

[ 2015-09-19T18:13:04+08:00 ] 66.249.64.37 /gxtt/601/2DC219E64DDD5ECB311255934428561975_3.jpg
INFO: [ app_init ] --START--
INFO: Run Behavior\BuildLiteBehavior [ RunTime:0.000016s ]
INFO: [ app_init ] --END-- [ RunTime:0.000313s ]
ERR: 无法加载模块:Gxtt

[ 2015-09-19T18:13:05+08:00 ] 66.249.64.37 /wp-content/uploads/2011/12/52.jpg
INFO: [ app_init ] --START--
INFO: Run Behavior\BuildLiteBehavior [ RunTime:0.000015s ]
INFO: [ app_init ] --END-- [ RunTime:0.000353s ]
ERR: 无法加载模块:Wp-content

[ 2015-09-19T18:13:06+08:00 ] 66.249.64.27 /themes/images/soucang.gif
INFO: [ app_init ] --START--
INFO: Run Behavior\BuildLiteBehavior [ RunTime:0.000016s ]
INFO: [ app_init ] --END-- [ RunTime:0.000355s ]
ERR: 无法加载模块:Themes

[ 2015-09-19T18:15:27+08:00 ] 66.249.64.27 /wp-content/uploads/2011/06/tueye7-300x285.jpg
INFO: [ app_init ] --START--
INFO: Run Behavior\BuildLiteBehavior [ RunTime:0.000016s ]
INFO: [ app_init ] --END-- [ RunTime:0.000307s ]
ERR: 无法加载模块:Wp-content

[ 2015-09-19T18:17:22+08:00 ] 66.249.64.27 /wp-content/uploads/2011/06/tueye_fuzhuang_131-300x210.jpg
INFO: [ app_init ] --START--
INFO: Run Behavior\BuildLiteBehavior [ RunTime:0.000015s ]
INFO: [ app_init ] --END-- [ RunTime:0.000362s ]
ERR: 无法加载模块:Wp-content

[ 2015-09-19T18:19:44+08:00 ] 66.249.64.27 /wp-content/uploads/2011/07/tueye_faxing172-300x288.jpg
INFO: [ app_init ] --START--
INFO: Run Behavior\BuildLiteBehavior [ RunTime:0.000015s ]
INFO: [ app_init ] --END-- [ RunTime:0.000300s ]
ERR: 无法加载模块:Wp-content

[ 2015-09-19T18:24:35+08:00 ] 66.249.64.27 /gxtt/600/2DC219E64DDD5ECB311255934019525961_9.jpg
INFO: [ app_init ] --START--
INFO: Run Behavior\BuildLiteBehavior [ RunTime:0.000015s ]
INFO: [ app_init ] --END-- [ RunTime:0.000299s ]
ERR: 无法加载模块:Gxtt

[ 2015-09-19T18:26:56+08:00 ] 66.249.64.37 /wp-content/uploads/2011/12/417.jpg
INFO: [ app_init ] --START--
INFO: Run Behavior\BuildLiteBehavior [ RunTime:0.000020s ]
INFO: [ app_init ] --END-- [ RunTime:0.000318s ]
ERR: 无法加载模块:Wp-content

[ 2015-09-19T18:29:18+08:00 ] 66.249.64.27 /wp-content/uploads/2012/01/31.jpg
INFO: [ app_init ] --START--
INFO: Run Behavior\BuildLiteBehavior [ RunTime:0.000016s ]
INFO: [ app_init ] --END-- [ RunTime:0.000303s ]
ERR: 无法加载模块:Wp-content

[ 2015-09-19T18:31:43+08:00 ] 66.249.64.27 /wp-content/uploads/2011/12/51.jpg
INFO: [ app_init ] --START--
INFO: Run Behavior\BuildLiteBehavior [ RunTime:0.000016s ]
INFO: [ app_init ] --END-- [ RunTime:0.000349s ]
ERR: 无法加载模块:Wp-content

[ 2015-09-19T18:34:07+08:00 ] 66.249.64.37 /wp-content/uploads/2011/06/tueye_fuzhuang_137-264x300.jpg
INFO: [ app_init ] --START--
INFO: Run Behavior\BuildLiteBehavior [ RunTime:0.000016s ]
INFO: [ app_init ] --END-- [ RunTime:0.000306s ]
ERR: 无法加载模块:Wp-content

[ 2015-09-19T18:35:59+08:00 ] 144.76.175.75 /robots.txt
INFO: [ app_init ] --START--
INFO: Run Behavior\BuildLiteBehavior [ RunTime:0.000015s ]
INFO: [ app_init ] --END-- [ RunTime:0.000303s ]
ERR: 无法加载模块:Robots

[ 2015-09-19T18:38:52+08:00 ] 66.249.64.37 /wp-content/uploads/2011/07/tueye_faxing102-208x300.jpg
INFO: [ app_init ] --START--
INFO: Run Behavior\BuildLiteBehavior [ RunTime:0.000018s ]
INFO: [ app_init ] --END-- [ RunTime:0.000385s ]
ERR: 无法加载模块:Wp-content

[ 2015-09-19T18:41:17+08:00 ] 66.249.64.27 /gxtt/160/01080BAD2AD34D46031245759414670255_5.gif
INFO: [ app_init ] --START--
INFO: Run Behavior\BuildLiteBehavior [ RunTime:0.000016s ]
INFO: [ app_init ] --END-- [ RunTime:0.000399s ]
ERR: 无法加载模块:Gxtt

[ 2015-09-19T18:41:26+08:00 ] 123.125.71.52 /shss/400/24F3B5ABA60D4C04F81251350948154380_1.jpg
INFO: [ app_init ] --START--
INFO: Run Behavior\BuildLiteBehavior [ RunTime:0.000017s ]
INFO: [ app_init ] --END-- [ RunTime:0.000461s ]
ERR: 无法加载模块:Shss

[ 2015-09-19T18:48:26+08:00 ] 66.249.64.37 /wp-content/uploads/2011/07/tueye_faxing219-266x300.jpg
INFO: [ app_init ] --START--
INFO: Run Behavior\BuildLiteBehavior [ RunTime:0.000016s ]
INFO: [ app_init ] --END-- [ RunTime:0.000350s ]
ERR: 无法加载模块:Wp-content

[ 2015-09-19T18:53:14+08:00 ] 66.249.64.27 /shss/528/2dc219e64ddd5ecb311253524860230384_3.jpg
INFO: [ app_init ] --START--
INFO: Run Behavior\BuildLiteBehavior [ RunTime:0.000016s ]
INFO: [ app_init ] --END-- [ RunTime:0.000385s ]
ERR: 无法加载模块:Shss

[ 2015-09-19T18:55:38+08:00 ] 66.249.64.27 /wp-content/uploads/2011/07/tueye_faxing121-300x300.jpg
INFO: [ app_init ] --START--
INFO: Run Behavior\BuildLiteBehavior [ RunTime:0.000017s ]
INFO: [ app_init ] --END-- [ RunTime:0.000323s ]
ERR: 无法加载模块:Wp-content

[ 2015-09-19T18:58:00+08:00 ] 66.249.64.27 /wp-content/uploads/2011/08/3.jpg
INFO: [ app_init ] --START--
INFO: Run Behavior\BuildLiteBehavior [ RunTime:0.000016s ]
INFO: [ app_init ] --END-- [ RunTime:0.000304s ]
ERR: 无法加载模块:Wp-content

[ 2015-09-19T19:02:49+08:00 ] 66.249.64.27 /wp-content/uploads/2011/09/15-200x300.jpg
INFO: [ app_init ] --START--
INFO: Run Behavior\BuildLiteBehavior [ RunTime:0.000017s ]
INFO: [ app_init ] --END-- [ RunTime:0.000310s ]
ERR: 无法加载模块:Wp-content

[ 2015-09-19T19:09:57+08:00 ] 66.249.64.27 /wp-content/uploads/2011/12/115.jpg
INFO: [ app_init ] --START--
INFO: Run Behavior\BuildLiteBehavior [ RunTime:0.000015s ]
INFO: [ app_init ] --END-- [ RunTime:0.000359s ]
ERR: 无法加载模块:Wp-content

[ 2015-09-19T19:12:16+08:00 ] 101.226.169.195 /hack.php?H_name=bank
INFO: [ app_init ] --START--
INFO: Run Behavior\BuildLiteBehavior [ RunTime:0.000015s ]
INFO: [ app_init ] --END-- [ RunTime:0.000304s ]
ERR: 无法加载模块:Hack

[ 2015-09-19T19:12:23+08:00 ] 66.249.64.27 /wp-content/uploads/2011/10/41.jpg
INFO: [ app_init ] --START--
INFO: Run Behavior\BuildLiteBehavior [ RunTime:0.000015s ]
INFO: [ app_init ] --END-- [ RunTime:0.000371s ]
ERR: 无法加载模块:Wp-content

[ 2015-09-19T19:14:46+08:00 ] 66.249.64.32 /wp-content/uploads/2011/06/tueye_fuzhuang_169-208x300.jpg
INFO: [ app_init ] --START--
INFO: Run Behavior\BuildLiteBehavior [ RunTime:0.000025s ]
INFO: [ app_init ] --END-- [ RunTime:0.000609s ]
ERR: 无法加载模块:Wp-content

[ 2015-09-19T19:17:09+08:00 ] 66.249.64.27 /gxtt/600/2DC219E64DDD5ECB311255934019525961_7.jpg
INFO: [ app_init ] --START--
INFO: Run Behavior\BuildLiteBehavior [ RunTime:0.000015s ]
INFO: [ app_init ] --END-- [ RunTime:0.000304s ]
ERR: 无法加载模块:Gxtt

[ 2015-09-19T19:19:31+08:00 ] 66.249.64.27 /wp-content/uploads/2011/06/tueye_fuzhuang_133-241x300.jpg
INFO: [ app_init ] --START--
INFO: Run Behavior\BuildLiteBehavior [ RunTime:0.000016s ]
INFO: [ app_init ] --END-- [ RunTime:0.000304s ]
ERR: 无法加载模块:Wp-content

[ 2015-09-19T19:21:57+08:00 ] 66.249.64.27 /wp-content/uploads/2011/06/tueye_fuzhuang_113-300x300.jpg
INFO: [ app_init ] --START--
INFO: Run Behavior\BuildLiteBehavior [ RunTime:0.000050s ]
INFO: [ app_init ] --END-- [ RunTime:0.000342s ]
ERR: 无法加载模块:Wp-content

[ 2015-09-19T19:24:20+08:00 ] 66.249.64.27 /wp-content/uploads/2011/08/116.jpg
INFO: [ app_init ] --START--
INFO: Run Behavior\BuildLiteBehavior [ RunTime:0.000016s ]
INFO: [ app_init ] --END-- [ RunTime:0.000306s ]
ERR: 无法加载模块:Wp-content

[ 2015-09-19T19:26:43+08:00 ] 66.249.64.27 /wp-content/uploads/2011/11/123.jpg
INFO: [ app_init ] --START--
INFO: Run Behavior\BuildLiteBehavior [ RunTime:0.000016s ]
INFO: [ app_init ] --END-- [ RunTime:0.000315s ]
ERR: 无法加载模块:Wp-content

[ 2015-09-19T19:31:30+08:00 ] 66.249.64.27 /wp-content/uploads/2011/06/tueye3-300x272.jpg
INFO: [ app_init ] --START--
INFO: Run Behavior\BuildLiteBehavior [ RunTime:0.000064s ]
INFO: [ app_init ] --END-- [ RunTime:0.000354s ]
ERR: 无法加载模块:Wp-content

[ 2015-09-19T19:33:53+08:00 ] 66.249.64.37 /wp-content/uploads/2011/06/tueye_fuzhuang_115-300x300.jpg
INFO: [ app_init ] --START--
INFO: Run Behavior\BuildLiteBehavior [ RunTime:0.000015s ]
INFO: [ app_init ] --END-- [ RunTime:0.000318s ]
ERR: 无法加载模块:Wp-content

[ 2015-09-19T19:40:44+08:00 ] 66.249.64.81 /robots.txt
INFO: [ app_init ] --START--
INFO: Run Behavior\BuildLiteBehavior [ RunTime:0.000019s ]
INFO: [ app_init ] --END-- [ RunTime:0.000318s ]
ERR: 无法加载模块:Robots

[ 2015-09-19T19:41:04+08:00 ] 66.249.64.37 /wp-content/uploads/2011/11/214.jpg
INFO: [ app_init ] --START--
INFO: Run Behavior\BuildLiteBehavior [ RunTime:0.000016s ]
INFO: [ app_init ] --END-- [ RunTime:0.000351s ]
ERR: 无法加载模块:Wp-content

[ 2015-09-19T19:45:51+08:00 ] 66.249.64.37 /wp-content/uploads/2011/08/tueye_faxing40-252x300.jpg
INFO: [ app_init ] --START--
INFO: Run Behavior\BuildLiteBehavior [ RunTime:0.000015s ]
INFO: [ app_init ] --END-- [ RunTime:0.000352s ]
ERR: 无法加载模块:Wp-content

[ 2015-09-19T19:48:15+08:00 ] 66.249.64.37 /wp-content/uploads/2011/10/15.jpg
INFO: [ app_init ] --START--
INFO: Run Behavior\BuildLiteBehavior [ RunTime:0.000016s ]
INFO: [ app_init ] --END-- [ RunTime:0.000306s ]
ERR: 无法加载模块:Wp-content

[ 2015-09-19T19:53:01+08:00 ] 66.249.64.27 /wp-content/uploads/2011/11/71.jpg
INFO: [ app_init ] --START--
INFO: Run Behavior\BuildLiteBehavior [ RunTime:0.000016s ]
INFO: [ app_init ] --END-- [ RunTime:0.000302s ]
ERR: 无法加载模块:Wp-content

[ 2015-09-19T19:55:25+08:00 ] 66.249.64.37 /wp-content/uploads/2011/07/tueye_faxing220-270x300.jpg
INFO: [ app_init ] --START--
INFO: Run Behavior\BuildLiteBehavior [ RunTime:0.000016s ]
INFO: [ app_init ] --END-- [ RunTime:0.000306s ]
ERR: 无法加载模块:Wp-content

[ 2015-09-19T19:57:49+08:00 ] 66.249.64.27 /wp-content/uploads/2011/07/tueye_faxing224-230x300.jpg
INFO: [ app_init ] --START--
INFO: Run Behavior\BuildLiteBehavior [ RunTime:0.000016s ]
INFO: [ app_init ] --END-- [ RunTime:0.000390s ]
ERR: 无法加载模块:Wp-content

[ 2015-09-19T20:00:12+08:00 ] 66.249.64.27 /wp-content/uploads/2011/12/35.jpg
INFO: [ app_init ] --START--
INFO: Run Behavior\BuildLiteBehavior [ RunTime:0.000016s ]
INFO: [ app_init ] --END-- [ RunTime:0.000340s ]
ERR: 无法加载模块:Wp-content

[ 2015-09-19T20:02:35+08:00 ] 66.249.64.37 /wp-content/uploads/2011/11/314.jpg
INFO: [ app_init ] --START--
INFO: Run Behavior\BuildLiteBehavior [ RunTime:0.000016s ]
INFO: [ app_init ] --END-- [ RunTime:0.000360s ]
ERR: 无法加载模块:Wp-content

[ 2015-09-19T20:04:59+08:00 ] 66.249.64.27 /wp-content/uploads/2011/08/tueye_faxing22-262x300.jpg
INFO: [ app_init ] --START--
INFO: Run Behavior\BuildLiteBehavior [ RunTime:0.000015s ]
INFO: [ app_init ] --END-- [ RunTime:0.000375s ]
ERR: 无法加载模块:Wp-content

[ 2015-09-19T20:07:22+08:00 ] 66.249.64.27 /wp-content/uploads/2011/11/11.jpg
INFO: [ app_init ] --START--
INFO: Run Behavior\BuildLiteBehavior [ RunTime:0.000015s ]
INFO: [ app_init ] --END-- [ RunTime:0.000330s ]
ERR: 无法加载模块:Wp-content

[ 2015-09-19T20:09:46+08:00 ] 66.249.64.27 /wp-content/uploads/2011/12/45.jpg
INFO: [ app_init ] --START--
INFO: Run Behavior\BuildLiteBehavior [ RunTime:0.000014s ]
INFO: [ app_init ] --END-- [ RunTime:0.000357s ]
ERR: 无法加载模块:Wp-content

[ 2015-09-19T20:11:25+08:00 ] 123.125.71.14 /pages/topics/gxtt/4745887B685BCDD0C11242651525715122/4745887B685BCDD0C11242651525715122_2.GIF
INFO: [ app_init ] --START--
INFO: Run Behavior\BuildLiteBehavior [ RunTime:0.000015s ]
INFO: [ app_init ] --END-- [ RunTime:0.000310s ]
ERR: 无法加载模块:Pages

[ 2015-09-19T20:12:10+08:00 ] 66.249.64.37 /wp-content/uploads/2011/08/tueye_faxing73-221x300.jpg
INFO: [ app_init ] --START--
INFO: Run Behavior\BuildLiteBehavior [ RunTime:0.000015s ]
INFO: [ app_init ] --END-- [ RunTime:0.000303s ]
ERR: 无法加载模块:Wp-content

[ 2015-09-19T20:14:33+08:00 ] 66.249.64.27 /dtts/169/01080BAD2AD34D46031245919370211322_1.jpg
INFO: [ app_init ] --START--
INFO: Run Behavior\BuildLiteBehavior [ RunTime:0.000015s ]
INFO: [ app_init ] --END-- [ RunTime:0.000308s ]
ERR: 无法加载模块:Dtts

[ 2015-09-19T20:19:20+08:00 ] 66.249.64.27 /gxtt/246/01080BAD2AD34D46031247485939572956_4.bmp
INFO: [ app_init ] --START--
INFO: Run Behavior\BuildLiteBehavior [ RunTime:0.000015s ]
INFO: [ app_init ] --END-- [ RunTime:0.000339s ]
ERR: 无法加载模块:Gxtt

[ 2015-09-19T20:21:43+08:00 ] 66.249.64.37 /wp-content/uploads/2011/06/tueye_huazhuang22-199x300.jpg
INFO: [ app_init ] --START--
INFO: Run Behavior\BuildLiteBehavior [ RunTime:0.000015s ]
INFO: [ app_init ] --END-- [ RunTime:0.000351s ]
ERR: 无法加载模块:Wp-content

[ 2015-09-19T20:28:54+08:00 ] 66.249.79.128 /wp-content/uploads/2011/07/tueye_faxing127-210x300.jpg
INFO: [ app_init ] --START--
INFO: Run Behavior\BuildLiteBehavior [ RunTime:0.000015s ]
INFO: [ app_init ] --END-- [ RunTime:0.000298s ]
ERR: 无法加载模块:Wp-content

[ 2015-09-19T20:31:18+08:00 ] 66.249.79.138 /gxtt/600/2DC219E64DDD5ECB311255934019525961_8.jpg
INFO: [ app_init ] --START--
INFO: Run Behavior\BuildLiteBehavior [ RunTime:0.000015s ]
INFO: [ app_init ] --END-- [ RunTime:0.000359s ]
ERR: 无法加载模块:Gxtt

[ 2015-09-19T20:40:15+08:00 ] 220.181.108.118 /gxtt/601/2DC219E64DDD5ECB311255934428561975_9.jpg
INFO: [ app_init ] --START--
INFO: Run Behavior\BuildLiteBehavior [ RunTime:0.000015s ]
INFO: [ app_init ] --END-- [ RunTime:0.000304s ]
ERR: 无法加载模块:Gxtt

[ 2015-09-19T20:43:11+08:00 ] 66.249.79.128 /wp-content/uploads/2011/07/tueye_faxing175-221x300.jpg
INFO: [ app_init ] --START--
INFO: Run Behavior\BuildLiteBehavior [ RunTime:0.000016s ]
INFO: [ app_init ] --END-- [ RunTime:0.000363s ]
ERR: 无法加载模块:Wp-content

[ 2015-09-19T20:52:33+08:00 ] 66.249.79.138 /wp-content/uploads/2011/08/tueye_faxing45-250x300.jpg
INFO: [ app_init ] --START--
INFO: Run Behavior\BuildLiteBehavior [ RunTime:0.000016s ]
INFO: [ app_init ] --END-- [ RunTime:0.000349s ]
ERR: 无法加载模块:Wp-content

[ 2015-09-19T20:57:27+08:00 ] 66.249.79.128 /wp-content/uploads/2011/06/tueye_fuzhuang_125-255x300.jpg
INFO: [ app_init ] --START--
INFO: Run Behavior\BuildLiteBehavior [ RunTime:0.000016s ]
INFO: [ app_init ] --END-- [ RunTime:0.000363s ]
ERR: 无法加载模块:Wp-content

[ 2015-09-19T21:02:37+08:00 ] 66.249.79.145 /wp-content/uploads/2011/06/tueye_fuzhuang_117-300x300.jpg
INFO: [ app_init ] --START--
INFO: Run Behavior\BuildLiteBehavior [ RunTime:0.000015s ]
INFO: [ app_init ] --END-- [ RunTime:0.000303s ]
ERR: 无法加载模块:Wp-content

[ 2015-09-19T21:04:02+08:00 ] 66.249.79.128 /wp-content/uploads/2011/07/tueye_faxing111-257x300.jpg
INFO: [ app_init ] --START--
INFO: Run Behavior\BuildLiteBehavior [ RunTime:0.000016s ]
INFO: [ app_init ] --END-- [ RunTime:0.000352s ]
ERR: 无法加载模块:Wp-content

[ 2015-09-19T21:06:57+08:00 ] 66.249.79.138 /gxtt/600/2DC219E64DDD5ECB311255934019525961_5.jpg
INFO: [ app_init ] --START--
INFO: Run Behavior\BuildLiteBehavior [ RunTime:0.000016s ]
INFO: [ app_init ] --END-- [ RunTime:0.000307s ]
ERR: 无法加载模块:Gxtt

[ 2015-09-19T21:12:37+08:00 ] 123.125.71.110 /gxtt/601/2DC219E64DDD5ECB311255934428561975_5.jpg
INFO: [ app_init ] --START--
INFO: Run Behavior\BuildLiteBehavior [ RunTime:0.000015s ]
INFO: [ app_init ] --END-- [ RunTime:0.000304s ]
ERR: 无法加载模块:Gxtt

[ 2015-09-19T21:14:11+08:00 ] 66.249.79.138 /wp-content/uploads/2011/08/18-225x300.jpg
INFO: [ app_init ] --START--
INFO: Run Behavior\BuildLiteBehavior [ RunTime:0.000015s ]
INFO: [ app_init ] --END-- [ RunTime:0.000300s ]
ERR: 无法加载模块:Wp-content

[ 2015-09-19T21:16:36+08:00 ] 66.249.79.145 /gxtt/600/2DC219E64DDD5ECB311255934019525961_6.jpg
INFO: [ app_init ] --START--
INFO: Run Behavior\BuildLiteBehavior [ RunTime:0.000015s ]
INFO: [ app_init ] --END-- [ RunTime:0.000300s ]
ERR: 无法加载模块:Gxtt

[ 2015-09-19T21:22:57+08:00 ] 66.249.79.145 /wp-content/uploads/2011/07/tueye_faxing193-252x300.jpg
INFO: [ app_init ] --START--
INFO: Run Behavior\BuildLiteBehavior [ RunTime:0.000016s ]
INFO: [ app_init ] --END-- [ RunTime:0.000356s ]
ERR: 无法加载模块:Wp-content

[ 2015-09-19T21:24:16+08:00 ] 46.229.164.99 /robots.txt
INFO: [ app_init ] --START--
INFO: Run Behavior\BuildLiteBehavior [ RunTime:0.000015s ]
INFO: [ app_init ] --END-- [ RunTime:0.000300s ]
ERR: 无法加载模块:Robots

[ 2015-09-19T21:28:53+08:00 ] 66.249.79.138 /wp-content/uploads/2011/12/14.jpg
INFO: [ app_init ] --START--
INFO: Run Behavior\BuildLiteBehavior [ RunTime:0.000016s ]
INFO: [ app_init ] --END-- [ RunTime:0.000302s ]
ERR: 无法加载模块:Wp-content

[ 2015-09-19T21:30:22+08:00 ] 66.249.79.128 /wp-content/uploads/2011/12/411.jpg
INFO: [ app_init ] --START--
INFO: Run Behavior\BuildLiteBehavior [ RunTime:0.000015s ]
INFO: [ app_init ] --END-- [ RunTime:0.000308s ]
ERR: 无法加载模块:Wp-content

[ 2015-09-19T21:33:00+08:00 ] 66.249.79.128 /dtts/169/01080BAD2AD34D46031245919370211322_6.jpg
INFO: [ app_init ] --START--
INFO: Run Behavior\BuildLiteBehavior [ RunTime:0.000015s ]
INFO: [ app_init ] --END-- [ RunTime:0.000363s ]
ERR: 无法加载模块:Dtts

[ 2015-09-19T21:38:07+08:00 ] 66.249.79.138 /dtts/169/01080BAD2AD34D46031245919370211322_10.jpg
INFO: [ app_init ] --START--
INFO: Run Behavior\BuildLiteBehavior [ RunTime:0.000015s ]
INFO: [ app_init ] --END-- [ RunTime:0.000309s ]
ERR: 无法加载模块:Dtts

[ 2015-09-19T21:41:26+08:00 ] 123.125.71.46 /gxtt/600/2DC219E64DDD5ECB311255934019525961_9.jpg
INFO: [ app_init ] --START--
INFO: Run Behavior\BuildLiteBehavior [ RunTime:0.000015s ]
INFO: [ app_init ] --END-- [ RunTime:0.000300s ]
ERR: 无法加载模块:Gxtt

[ 2015-09-19T22:10:16+08:00 ] 123.125.71.12 /gxtt/600/2DC219E64DDD5ECB311255934019525961_8.jpg
INFO: [ app_init ] --START--
INFO: Run Behavior\BuildLiteBehavior [ RunTime:0.000015s ]
INFO: [ app_init ] --END-- [ RunTime:0.000305s ]
ERR: 无法加载模块:Gxtt

[ 2015-09-19T23:40:12+08:00 ] 123.125.71.28 /gxtt/600/2DC219E64DDD5ECB311255934019525961_10.jpg
INFO: [ app_init ] --START--
INFO: Run Behavior\BuildLiteBehavior [ RunTime:0.000017s ]
INFO: [ app_init ] --END-- [ RunTime:0.000312s ]
ERR: 无法加载模块:Gxtt

