[ 2015-11-15T01:37:51+08:00 ] 123.125.71.84 /sort.php?action=admin
INFO: [ app_init ] --START--
INFO: Run Behavior\BuildLiteBehavior [ RunTime:0.000017s ]
INFO: [ app_init ] --END-- [ RunTime:0.000382s ]
ERR: 无法加载模块:Sort

[ 2015-11-15T01:51:03+08:00 ] 203.208.60.188 /mobile/
INFO: [ app_init ] --START--
INFO: Run Behavior\BuildLiteBehavior [ RunTime:0.000016s ]
INFO: [ app_init ] --END-- [ RunTime:0.000367s ]
ERR: 无法加载模块:Mobile

[ 2015-11-15T02:24:25+08:00 ] 123.125.71.111 /shss/400/24F3B5ABA60D4C04F81251350948154380_4.jpg
INFO: [ app_init ] --START--
INFO: Run Behavior\BuildLiteBehavior [ RunTime:0.000017s ]
INFO: [ app_init ] --END-- [ RunTime:0.000316s ]
ERR: 无法加载模块:Shss

[ 2015-11-15T02:46:51+08:00 ] 123.125.71.12 /shss/400/24F3B5ABA60D4C04F81251350948154380_1.jpg
INFO: [ app_init ] --START--
INFO: Run Behavior\BuildLiteBehavior [ RunTime:0.000016s ]
INFO: [ app_init ] --END-- [ RunTime:0.000355s ]
ERR: 无法加载模块:Shss

[ 2015-11-15T05:16:09+08:00 ] 180.76.15.14 /robots.txt
INFO: [ app_init ] --START--
INFO: Run Behavior\BuildLiteBehavior [ RunTime:0.000016s ]
INFO: [ app_init ] --END-- [ RunTime:0.000322s ]
ERR: 无法加载模块:Robots

[ 2015-11-15T05:56:52+08:00 ] 180.150.227.246 /wp-login.php
INFO: [ app_init ] --START--
INFO: Run Behavior\BuildLiteBehavior [ RunTime:0.000016s ]
INFO: [ app_init ] --END-- [ RunTime:0.000308s ]
ERR: 无法加载模块:Wp-login

[ 2015-11-15T06:58:45+08:00 ] 123.125.71.21 /shss/528/2DC219E64DDD5ECB311253524860230384_1.jpg
INFO: [ app_init ] --START--
INFO: Run Behavior\BuildLiteBehavior [ RunTime:0.000017s ]
INFO: [ app_init ] --END-- [ RunTime:0.000312s ]
ERR: 无法加载模块:Shss

[ 2015-11-15T07:03:21+08:00 ] 91.196.50.33 http://testp4.pospr.waw.pl/testproxy.php
INFO: [ app_init ] --START--
INFO: Run Behavior\BuildLiteBehavior [ RunTime:0.000017s ]
INFO: [ app_init ] --END-- [ RunTime:0.000389s ]
ERR: 无法加载模块:Testproxy

[ 2015-11-15T08:55:46+08:00 ] 64.79.100.35 /robots.txt
INFO: [ app_init ] --START--
INFO: Run Behavior\BuildLiteBehavior [ RunTime:0.000016s ]
INFO: [ app_init ] --END-- [ RunTime:0.000307s ]
ERR: 无法加载模块:Robots

[ 2015-11-15T09:20:05+08:00 ] 69.30.198.202 /robots.txt
INFO: [ app_init ] --START--
INFO: Run Behavior\BuildLiteBehavior [ RunTime:0.000029s ]
INFO: [ app_init ] --END-- [ RunTime:0.000433s ]
ERR: 无法加载模块:Robots

[ 2015-11-15T09:34:33+08:00 ] 43.224.80.21 /favicon.ico
INFO: [ app_init ] --START--
INFO: Run Behavior\BuildLiteBehavior [ RunTime:0.000016s ]
INFO: [ app_init ] --END-- [ RunTime:0.000314s ]
ERR: 无法加载模块:Favicon

[ 2015-11-15T10:02:57+08:00 ] 61.160.213.110 http://zc.qq.com/chs/index.html?type=1
INFO: [ app_init ] --START--
INFO: Run Behavior\BuildLiteBehavior [ RunTime:0.000016s ]
INFO: [ app_init ] --END-- [ RunTime:0.000372s ]
ERR: 无法加载模块:Chs

[ 2015-11-15T10:03:36+08:00 ] 23.110.80.42 http://www.sogou.com/index.html
INFO: [ app_init ] --START--
INFO: Run Behavior\BuildLiteBehavior [ RunTime:0.000017s ]
INFO: [ app_init ] --END-- [ RunTime:0.000319s ]
ERR: 无法加载模块:Index

[ 2015-11-15T10:18:31+08:00 ] 123.125.71.86 /shss/308/D758D21DEBBCB43E7D124888329187295_3.jpg
INFO: [ app_init ] --START--
INFO: Run Behavior\BuildLiteBehavior [ RunTime:0.000022s ]
INFO: [ app_init ] --END-- [ RunTime:0.000324s ]
ERR: 无法加载模块:Shss

[ 2015-11-15T11:03:32+08:00 ] 203.208.60.143 /shss/258/index.html
INFO: [ app_init ] --START--
INFO: Run Behavior\BuildLiteBehavior [ RunTime:0.000016s ]
INFO: [ app_init ] --END-- [ RunTime:0.000307s ]
ERR: 无法加载模块:Shss

[ 2015-11-15T11:03:37+08:00 ] 203.208.60.139 /shss/260/index.html
INFO: [ app_init ] --START--
INFO: Run Behavior\BuildLiteBehavior [ RunTime:0.000015s ]
INFO: [ app_init ] --END-- [ RunTime:0.000376s ]
ERR: 无法加载模块:Shss

[ 2015-11-15T11:03:53+08:00 ] 203.208.60.175 /robots.txt
INFO: [ app_init ] --START--
INFO: Run Behavior\BuildLiteBehavior [ RunTime:0.000015s ]
INFO: [ app_init ] --END-- [ RunTime:0.000301s ]
ERR: 无法加载模块:Robots

[ 2015-11-15T11:03:54+08:00 ] 203.208.60.135 /shss/257/index.html
INFO: [ app_init ] --START--
INFO: Run Behavior\BuildLiteBehavior [ RunTime:0.000016s ]
INFO: [ app_init ] --END-- [ RunTime:0.000319s ]
ERR: 无法加载模块:Shss

[ 2015-11-15T11:09:17+08:00 ] 123.125.71.55 /shss/528/2DC219E64DDD5ECB311253524860230384_3.jpg
INFO: [ app_init ] --START--
INFO: Run Behavior\BuildLiteBehavior [ RunTime:0.000016s ]
INFO: [ app_init ] --END-- [ RunTime:0.000334s ]
ERR: 无法加载模块:Shss

[ 2015-11-15T16:33:38+08:00 ] 185.25.148.240 http://testp5.mielno.lubin.pl/testproxy.php
INFO: [ app_init ] --START--
INFO: Run Behavior\BuildLiteBehavior [ RunTime:0.000023s ]
INFO: [ app_init ] --END-- [ RunTime:0.000354s ]
ERR: 无法加载模块:Testproxy

[ 2015-11-15T17:06:12+08:00 ] 61.160.213.110 http://zc.qq.com/chs/index.html?type=1
INFO: [ app_init ] --START--
INFO: Run Behavior\BuildLiteBehavior [ RunTime:0.000015s ]
INFO: [ app_init ] --END-- [ RunTime:0.000368s ]
ERR: 无法加载模块:Chs

[ 2015-11-15T17:13:16+08:00 ] 123.5.57.140 /shss/528/2DC219E64DDD5ECB311253524860230384_4.jpg
INFO: [ app_init ] --START--
INFO: Run Behavior\BuildLiteBehavior [ RunTime:0.000017s ]
INFO: [ app_init ] --END-- [ RunTime:0.000548s ]
ERR: 无法加载模块:Shss

[ 2015-11-15T17:13:16+08:00 ] 123.5.57.140 /shss/528/2DC219E64DDD5ECB311253524860230384_4.jpg
INFO: [ app_init ] --START--
INFO: Run Behavior\BuildLiteBehavior [ RunTime:0.000016s ]
INFO: [ app_init ] --END-- [ RunTime:0.000415s ]
ERR: 无法加载模块:Shss

[ 2015-11-15T17:57:58+08:00 ] 62.210.107.201 /robots.txt
INFO: [ app_init ] --START--
INFO: Run Behavior\BuildLiteBehavior [ RunTime:0.000017s ]
INFO: [ app_init ] --END-- [ RunTime:0.000321s ]
ERR: 无法加载模块:Robots

[ 2015-11-15T18:04:12+08:00 ] 123.125.71.77 /shss/308/D758D21DEBBCB43E7D124888329187295_2.jpg
INFO: [ app_init ] --START--
INFO: Run Behavior\BuildLiteBehavior [ RunTime:0.000015s ]
INFO: [ app_init ] --END-- [ RunTime:0.000312s ]
ERR: 无法加载模块:Shss

[ 2015-11-15T19:32:12+08:00 ] 118.186.129.202 /favicon.ico
INFO: [ app_init ] --START--
INFO: Run Behavior\BuildLiteBehavior [ RunTime:0.000016s ]
INFO: [ app_init ] --END-- [ RunTime:0.000315s ]
ERR: 无法加载模块:Favicon

[ 2015-11-15T20:09:26+08:00 ] 180.149.156.116 /shss/308/D758D21DEBBCB43E7D124888329187295_1.jpg
INFO: [ app_init ] --START--
INFO: Run Behavior\BuildLiteBehavior [ RunTime:0.000017s ]
INFO: [ app_init ] --END-- [ RunTime:0.000346s ]
ERR: 无法加载模块:Shss

[ 2015-11-15T20:09:27+08:00 ] 123.125.125.158 /shss/308/D758D21DEBBCB43E7D124888329187295_1.jpg
INFO: [ app_init ] --START--
INFO: Run Behavior\BuildLiteBehavior [ RunTime:0.000016s ]
INFO: [ app_init ] --END-- [ RunTime:0.000383s ]
ERR: 无法加载模块:Shss

[ 2015-11-15T20:23:59+08:00 ] 203.208.60.142 /robots.txt
INFO: [ app_init ] --START--
INFO: Run Behavior\BuildLiteBehavior [ RunTime:0.000015s ]
INFO: [ app_init ] --END-- [ RunTime:0.000326s ]
ERR: 无法加载模块:Robots

[ 2015-11-15T21:26:55+08:00 ] 182.114.145.183 /favicon.ico
INFO: [ app_init ] --START--
INFO: Run Behavior\BuildLiteBehavior [ RunTime:0.000016s ]
INFO: [ app_init ] --END-- [ RunTime:0.000361s ]
ERR: 无法加载模块:Favicon

[ 2015-11-15T22:09:42+08:00 ] 220.181.108.154 /sort.php?action=online
INFO: [ app_init ] --START--
INFO: Run Behavior\BuildLiteBehavior [ RunTime:0.000016s ]
INFO: [ app_init ] --END-- [ RunTime:0.000313s ]
ERR: 无法加载模块:Sort

