[ 2015-11-05T00:20:05+08:00 ] 185.49.14.190 http://testp5.mielno.lubin.pl/testproxy.php
INFO: [ app_init ] --START--
INFO: Run Behavior\BuildLiteBehavior [ RunTime:0.000016s ]
INFO: [ app_init ] --END-- [ RunTime:0.000308s ]
ERR: 无法加载模块:Testproxy

[ 2015-11-05T00:48:53+08:00 ] 123.126.113.127 /robots.txt
INFO: [ app_init ] --START--
INFO: Run Behavior\BuildLiteBehavior [ RunTime:0.000017s ]
INFO: [ app_init ] --END-- [ RunTime:0.000316s ]
ERR: 无法加载模块:Robots

[ 2015-11-05T00:49:10+08:00 ] 123.126.113.127 /yangsheng/701.html
INFO: [ app_init ] --START--
INFO: Run Behavior\BuildLiteBehavior [ RunTime:0.000016s ]
INFO: [ app_init ] --END-- [ RunTime:0.000308s ]
ERR: 无法加载模块:Yangsheng

[ 2015-11-05T00:49:24+08:00 ] 123.126.113.127 /fmls/533/index.html
INFO: [ app_init ] --START--
INFO: Run Behavior\BuildLiteBehavior [ RunTime:0.000016s ]
INFO: [ app_init ] --END-- [ RunTime:0.000315s ]
ERR: 无法加载模块:Fmls

[ 2015-11-05T00:49:54+08:00 ] 123.126.113.127 /gxtt/160/index.html
INFO: [ app_init ] --START--
INFO: Run Behavior\BuildLiteBehavior [ RunTime:0.000015s ]
INFO: [ app_init ] --END-- [ RunTime:0.000311s ]
ERR: 无法加载模块:Gxtt

[ 2015-11-05T00:50:10+08:00 ] 123.126.113.127 /dtts/61/index.html
INFO: [ app_init ] --START--
INFO: Run Behavior\BuildLiteBehavior [ RunTime:0.000016s ]
INFO: [ app_init ] --END-- [ RunTime:0.000329s ]
ERR: 无法加载模块:Dtts

[ 2015-11-05T00:50:25+08:00 ] 123.126.113.127 /wxws/462/index.html
INFO: [ app_init ] --START--
INFO: Run Behavior\BuildLiteBehavior [ RunTime:0.000016s ]
INFO: [ app_init ] --END-- [ RunTime:0.000314s ]
ERR: 无法加载模块:Wxws

[ 2015-11-05T01:13:10+08:00 ] 220.181.108.114 /shss/308/D758D21DEBBCB43E7D124888329187295_3.jpg
INFO: [ app_init ] --START--
INFO: Run Behavior\BuildLiteBehavior [ RunTime:0.000016s ]
INFO: [ app_init ] --END-- [ RunTime:0.000305s ]
ERR: 无法加载模块:Shss

[ 2015-11-05T01:18:37+08:00 ] 123.125.71.116 /shss/400/24F3B5ABA60D4C04F81251350948154380_1.jpg
INFO: [ app_init ] --START--
INFO: Run Behavior\BuildLiteBehavior [ RunTime:0.000018s ]
INFO: [ app_init ] --END-- [ RunTime:0.000494s ]
ERR: 无法加载模块:Shss

[ 2015-11-05T02:09:45+08:00 ] 64.79.100.17 /robots.txt
INFO: [ app_init ] --START--
INFO: Run Behavior\BuildLiteBehavior [ RunTime:0.000018s ]
INFO: [ app_init ] --END-- [ RunTime:0.000370s ]
ERR: 无法加载模块:Robots

[ 2015-11-05T02:15:20+08:00 ] 121.42.0.36 /hudson/
INFO: [ app_init ] --START--
INFO: Run Behavior\BuildLiteBehavior [ RunTime:0.000016s ]
INFO: [ app_init ] --END-- [ RunTime:0.000315s ]
ERR: 无法加载模块:Hudson

[ 2015-11-05T02:15:36+08:00 ] 121.42.0.36 /login.jsp
INFO: [ app_init ] --START--
INFO: Run Behavior\BuildLiteBehavior [ RunTime:0.000021s ]
INFO: [ app_init ] --END-- [ RunTime:0.000336s ]
ERR: 无法加载模块:Login

[ 2015-11-05T02:15:43+08:00 ] 121.42.0.36 /index.html
INFO: [ app_init ] --START--
INFO: Run Behavior\BuildLiteBehavior [ RunTime:0.000016s ]
INFO: [ app_init ] --END-- [ RunTime:0.000324s ]
ERR: 无法加载模块:Index

[ 2015-11-05T02:15:47+08:00 ] 121.42.0.36 /server-status/
INFO: [ app_init ] --START--
INFO: Run Behavior\BuildLiteBehavior [ RunTime:0.000019s ]
INFO: [ app_init ] --END-- [ RunTime:0.000316s ]
ERR: 无法加载模块:Server-status

[ 2015-11-05T02:16:02+08:00 ] 121.42.0.36 /console/
INFO: [ app_init ] --START--
INFO: Run Behavior\BuildLiteBehavior [ RunTime:0.000016s ]
INFO: [ app_init ] --END-- [ RunTime:0.000369s ]
ERR: 无法加载模块:Console

[ 2015-11-05T02:16:11+08:00 ] 121.42.0.36 /zabbix/
INFO: [ app_init ] --START--
INFO: Run Behavior\BuildLiteBehavior [ RunTime:0.000016s ]
INFO: [ app_init ] --END-- [ RunTime:0.000303s ]
ERR: 无法加载模块:Zabbix

[ 2015-11-05T02:16:23+08:00 ] 121.42.0.36 /cacti/index.php
INFO: [ app_init ] --START--
INFO: Run Behavior\BuildLiteBehavior [ RunTime:0.000018s ]
INFO: [ app_init ] --END-- [ RunTime:0.000436s ]
ERR: 无法加载模块:Cacti

[ 2015-11-05T02:16:32+08:00 ] 121.42.0.36 /axis2/
INFO: [ app_init ] --START--
INFO: Run Behavior\BuildLiteBehavior [ RunTime:0.000015s ]
INFO: [ app_init ] --END-- [ RunTime:0.000302s ]
ERR: 无法加载模块:Axis2

[ 2015-11-05T02:16:40+08:00 ] 121.42.0.36 /solr/
INFO: [ app_init ] --START--
INFO: Run Behavior\BuildLiteBehavior [ RunTime:0.000019s ]
INFO: [ app_init ] --END-- [ RunTime:0.000343s ]
ERR: 无法加载模块:Solr

[ 2015-11-05T02:46:03+08:00 ] 123.125.71.58 /shss/90/6AE93571384A8B53B61244362921611378_4.jpg
INFO: [ app_init ] --START--
INFO: Run Behavior\BuildLiteBehavior [ RunTime:0.000016s ]
INFO: [ app_init ] --END-- [ RunTime:0.000310s ]
ERR: 无法加载模块:Shss

[ 2015-11-05T04:07:22+08:00 ] 80.79.119.220 /images/joomla_logo_black.jpg
INFO: [ app_init ] --START--
INFO: Run Behavior\BuildLiteBehavior [ RunTime:0.000031s ]
INFO: [ app_init ] --END-- [ RunTime:0.000322s ]
ERR: 无法加载模块:Images

[ 2015-11-05T04:07:22+08:00 ] 80.79.119.220 /misc/druplicon.png
INFO: [ app_init ] --START--
INFO: Run Behavior\BuildLiteBehavior [ RunTime:0.000016s ]
INFO: [ app_init ] --END-- [ RunTime:0.000304s ]
ERR: 无法加载模块:Misc

[ 2015-11-05T04:19:48+08:00 ] 123.125.71.114 /shss/528/2DC219E64DDD5ECB311253524860230384_1.jpg
INFO: [ app_init ] --START--
INFO: Run Behavior\BuildLiteBehavior [ RunTime:0.000015s ]
INFO: [ app_init ] --END-- [ RunTime:0.000308s ]
ERR: 无法加载模块:Shss

[ 2015-11-05T05:19:18+08:00 ] 220.181.108.102 /shss/528/2DC219E64DDD5ECB311253524860230384_3.jpg
INFO: [ app_init ] --START--
INFO: Run Behavior\BuildLiteBehavior [ RunTime:0.000015s ]
INFO: [ app_init ] --END-- [ RunTime:0.000353s ]
ERR: 无法加载模块:Shss

[ 2015-11-05T05:28:40+08:00 ] 157.55.39.176 /exchange.php
INFO: [ app_init ] --START--
INFO: Run Behavior\BuildLiteBehavior [ RunTime:0.000018s ]
INFO: [ app_init ] --END-- [ RunTime:0.000387s ]
ERR: 无法加载模块:Exchange

[ 2015-11-05T06:01:58+08:00 ] 203.208.60.133 /huazhuang/1472.html
INFO: [ app_init ] --START--
INFO: Run Behavior\BuildLiteBehavior [ RunTime:0.000015s ]
INFO: [ app_init ] --END-- [ RunTime:0.000306s ]
ERR: 无法加载模块:Huazhuang

[ 2015-11-05T06:02:43+08:00 ] 157.55.39.225 /robots.txt
INFO: [ app_init ] --START--
INFO: Run Behavior\BuildLiteBehavior [ RunTime:0.000016s ]
INFO: [ app_init ] --END-- [ RunTime:0.000321s ]
ERR: 无法加载模块:Robots

[ 2015-11-05T06:43:41+08:00 ] 157.55.39.225 /message.php
INFO: [ app_init ] --START--
INFO: Run Behavior\BuildLiteBehavior [ RunTime:0.000016s ]
INFO: [ app_init ] --END-- [ RunTime:0.000310s ]
ERR: 无法加载模块:Message

[ 2015-11-05T07:16:09+08:00 ] 203.208.60.135 /yangsheng/1514.html
INFO: [ app_init ] --START--
INFO: Run Behavior\BuildLiteBehavior [ RunTime:0.000017s ]
INFO: [ app_init ] --END-- [ RunTime:0.000349s ]
ERR: 无法加载模块:Yangsheng

[ 2015-11-05T07:37:30+08:00 ] 182.118.22.142 /login
INFO: [ app_init ] --START--
INFO: Run Behavior\BuildLiteBehavior [ RunTime:0.000017s ]
INFO: [ app_init ] --END-- [ RunTime:0.000381s ]
ERR: 无法加载模块:Login

[ 2015-11-05T08:28:39+08:00 ] 45.55.246.72 /index.htm
INFO: [ app_init ] --START--
INFO: Run Behavior\BuildLiteBehavior [ RunTime:0.000024s ]
INFO: [ app_init ] --END-- [ RunTime:0.000398s ]
ERR: 无法加载模块:Index

[ 2015-11-05T08:54:46+08:00 ] 123.125.71.111 /shss/528/2DC219E64DDD5ECB311253524860230384_4.jpg
INFO: [ app_init ] --START--
INFO: Run Behavior\BuildLiteBehavior [ RunTime:0.000016s ]
INFO: [ app_init ] --END-- [ RunTime:0.000373s ]
ERR: 无法加载模块:Shss

[ 2015-11-05T09:33:52+08:00 ] 185.25.151.159 http://testp4.pospr.waw.pl/testproxy.php
INFO: [ app_init ] --START--
INFO: Run Behavior\BuildLiteBehavior [ RunTime:0.000016s ]
INFO: [ app_init ] --END-- [ RunTime:0.000304s ]
ERR: 无法加载模块:Testproxy

[ 2015-11-05T11:18:17+08:00 ] 87.250.241.70 /robots.txt
INFO: [ app_init ] --START--
INFO: Run Behavior\BuildLiteBehavior [ RunTime:0.000016s ]
INFO: [ app_init ] --END-- [ RunTime:0.000308s ]
ERR: 无法加载模块:Robots

[ 2015-11-05T13:39:50+08:00 ] 180.76.15.134 /dtts/336/
INFO: [ app_init ] --START--
INFO: Run Behavior\BuildLiteBehavior [ RunTime:0.000015s ]
INFO: [ app_init ] --END-- [ RunTime:0.000332s ]
ERR: 无法加载模块:Dtts

[ 2015-11-05T14:40:32+08:00 ] 118.144.38.82 /favicon.ico
INFO: [ app_init ] --START--
INFO: Run Behavior\BuildLiteBehavior [ RunTime:0.000016s ]
INFO: [ app_init ] --END-- [ RunTime:0.000317s ]
ERR: 无法加载模块:Favicon

[ 2015-11-05T14:48:54+08:00 ] 121.42.0.19 /ajax/api/hook/decodeArguments?arguments=O%3A12%3A%22vB_dB_Result%22%3A2%3A%7Bs%3A5%3A%22%00%2A%00db%22%3BO%3A11%3A%22vB_Database%22%3A1%3A%7Bs%3A9%3A%22functions%22%3Ba%3A1%3A%7Bs%3A11%3A%22free_result%22%3Bs%3A6%3A%22assert%22%3B%7D%7Ds%3A12%3A%22%00%2A%00recordset%22%3Bs%3A20%3A%22print_r%28md5%28233333%29%29%22%3B%7D
INFO: [ app_init ] --START--
INFO: Run Behavior\BuildLiteBehavior [ RunTime:0.000065s ]
INFO: [ app_init ] --END-- [ RunTime:0.000362s ]
ERR: 无法加载模块:Ajax

[ 2015-11-05T15:30:04+08:00 ] 207.46.13.84 /robots.txt
INFO: [ app_init ] --START--
INFO: Run Behavior\BuildLiteBehavior [ RunTime:0.000015s ]
INFO: [ app_init ] --END-- [ RunTime:0.000358s ]
ERR: 无法加载模块:Robots

[ 2015-11-05T15:44:44+08:00 ] 121.42.0.31 /ajax/api/hook/decodeArguments?arguments=O%3A12%3A%22vB_dB_Result%22%3A2%3A%7Bs%3A5%3A%22%00%2A%00db%22%3BO%3A11%3A%22vB_Database%22%3A1%3A%7Bs%3A9%3A%22functions%22%3Ba%3A1%3A%7Bs%3A11%3A%22free_result%22%3Bs%3A6%3A%22assert%22%3B%7D%7Ds%3A12%3A%22%00%2A%00recordset%22%3Bs%3A20%3A%22print_r%28md5%28233333%29%29%22%3B%7D
INFO: [ app_init ] --START--
INFO: Run Behavior\BuildLiteBehavior [ RunTime:0.000016s ]
INFO: [ app_init ] --END-- [ RunTime:0.000308s ]
ERR: 无法加载模块:Ajax

[ 2015-11-05T16:48:57+08:00 ] 123.126.113.127 /gxtt/31/index.html
INFO: [ app_init ] --START--
INFO: Run Behavior\BuildLiteBehavior [ RunTime:0.000016s ]
INFO: [ app_init ] --END-- [ RunTime:0.000305s ]
ERR: 无法加载模块:Gxtt

[ 2015-11-05T17:05:50+08:00 ] 42.121.237.23 http://proxy.gouwudating.cn/api/proxy/type_check
INFO: [ app_init ] --START--
INFO: Run Behavior\BuildLiteBehavior [ RunTime:0.000017s ]
INFO: [ app_init ] --END-- [ RunTime:0.000345s ]
ERR: 无法加载模块:Api

[ 2015-11-05T18:07:15+08:00 ] 121.42.0.31 /ajax/api/hook/decodeArguments?arguments=O%3A12%3A%22vB_dB_Result%22%3A2%3A%7Bs%3A5%3A%22%00%2A%00db%22%3BO%3A11%3A%22vB_Database%22%3A1%3A%7Bs%3A9%3A%22functions%22%3Ba%3A1%3A%7Bs%3A11%3A%22free_result%22%3Bs%3A6%3A%22assert%22%3B%7D%7Ds%3A12%3A%22%00%2A%00recordset%22%3Bs%3A20%3A%22print_r%28md5%28233333%29%29%22%3B%7D
INFO: [ app_init ] --START--
INFO: Run Behavior\BuildLiteBehavior [ RunTime:0.000018s ]
INFO: [ app_init ] --END-- [ RunTime:0.000317s ]
ERR: 无法加载模块:Ajax

[ 2015-11-05T18:49:03+08:00 ] 121.42.0.37 /ajax/api/hook/decodeArguments?arguments=O%3A12%3A%22vB_dB_Result%22%3A2%3A%7Bs%3A5%3A%22%00%2A%00db%22%3BO%3A11%3A%22vB_Database%22%3A1%3A%7Bs%3A9%3A%22functions%22%3Ba%3A1%3A%7Bs%3A11%3A%22free_result%22%3Bs%3A6%3A%22assert%22%3B%7D%7Ds%3A12%3A%22%00%2A%00recordset%22%3Bs%3A20%3A%22print_r%28md5%28233333%29%29%22%3B%7D
INFO: [ app_init ] --START--
INFO: Run Behavior\BuildLiteBehavior [ RunTime:0.000015s ]
INFO: [ app_init ] --END-- [ RunTime:0.000305s ]
ERR: 无法加载模块:Ajax

[ 2015-11-05T19:33:24+08:00 ] 220.181.108.178 /shss/400/24F3B5ABA60D4C04F81251350948154380_3.jpg
INFO: [ app_init ] --START--
INFO: Run Behavior\BuildLiteBehavior [ RunTime:0.000017s ]
INFO: [ app_init ] --END-- [ RunTime:0.000305s ]
ERR: 无法加载模块:Shss

[ 2015-11-05T19:52:02+08:00 ] 123.125.71.15 /fuzhuangdapei/1070.html
INFO: [ app_init ] --START--
INFO: Run Behavior\BuildLiteBehavior [ RunTime:0.000015s ]
INFO: [ app_init ] --END-- [ RunTime:0.000304s ]
ERR: 无法加载模块:Fuzhuangdapei

[ 2015-11-05T20:53:50+08:00 ] 91.196.50.33 http://testp4.pospr.waw.pl/testproxy.php
INFO: [ app_init ] --START--
INFO: Run Behavior\BuildLiteBehavior [ RunTime:0.000018s ]
INFO: [ app_init ] --END-- [ RunTime:0.000344s ]
ERR: 无法加载模块:Testproxy

[ 2015-11-05T20:58:25+08:00 ] 62.210.107.201 /robots.txt
INFO: [ app_init ] --START--
INFO: Run Behavior\BuildLiteBehavior [ RunTime:0.000019s ]
INFO: [ app_init ] --END-- [ RunTime:0.000379s ]
ERR: 无法加载模块:Robots

[ 2015-11-05T21:20:47+08:00 ] 69.30.198.178 /robots.txt
INFO: [ app_init ] --START--
INFO: Run Behavior\BuildLiteBehavior [ RunTime:0.000016s ]
INFO: [ app_init ] --END-- [ RunTime:0.000362s ]
ERR: 无法加载模块:Robots

[ 2015-11-05T21:21:54+08:00 ] 42.62.36.199 /dtts/52/6AE93571384A8B53B6124400426805414_9.bmp
INFO: [ app_init ] --START--
INFO: Run Behavior\BuildLiteBehavior [ RunTime:0.000022s ]
INFO: [ app_init ] --END-- [ RunTime:0.000497s ]
ERR: 无法加载模块:Dtts

[ 2015-11-05T21:33:15+08:00 ] 207.46.13.84 /robots.txt
INFO: [ app_init ] --START--
INFO: Run Behavior\BuildLiteBehavior [ RunTime:0.000016s ]
INFO: [ app_init ] --END-- [ RunTime:0.000303s ]
ERR: 无法加载模块:Robots

[ 2015-11-05T21:48:18+08:00 ] 42.121.237.23 http://proxy.gouwudating.cn/api/proxy/type_check
INFO: [ app_init ] --START--
INFO: Run Behavior\BuildLiteBehavior [ RunTime:0.000018s ]
INFO: [ app_init ] --END-- [ RunTime:0.000343s ]
ERR: 无法加载模块:Api

[ 2015-11-05T21:52:42+08:00 ] 121.42.0.30 /ajax/api/hook/decodeArguments?arguments=O%3A12%3A%22vB_dB_Result%22%3A2%3A%7Bs%3A5%3A%22%00%2A%00db%22%3BO%3A11%3A%22vB_Database%22%3A1%3A%7Bs%3A9%3A%22functions%22%3Ba%3A1%3A%7Bs%3A11%3A%22free_result%22%3Bs%3A6%3A%22assert%22%3B%7D%7Ds%3A12%3A%22%00%2A%00recordset%22%3Bs%3A20%3A%22print_r%28md5%28233333%29%29%22%3B%7D
INFO: [ app_init ] --START--
INFO: Run Behavior\BuildLiteBehavior [ RunTime:0.000017s ]
INFO: [ app_init ] --END-- [ RunTime:0.000386s ]
ERR: 无法加载模块:Ajax

[ 2015-11-05T22:30:42+08:00 ] 203.208.60.128 /robots.txt
INFO: [ app_init ] --START--
INFO: Run Behavior\BuildLiteBehavior [ RunTime:0.000031s ]
INFO: [ app_init ] --END-- [ RunTime:0.000675s ]
ERR: 无法加载模块:Robots

[ 2015-11-05T22:35:49+08:00 ] 117.78.13.29 /robots.txt
INFO: [ app_init ] --START--
INFO: Run Behavior\BuildLiteBehavior [ RunTime:0.000016s ]
INFO: [ app_init ] --END-- [ RunTime:0.000378s ]
ERR: 无法加载模块:Robots

[ 2015-11-05T22:41:44+08:00 ] 108.59.8.70 /robots.txt
INFO: [ app_init ] --START--
INFO: Run Behavior\BuildLiteBehavior [ RunTime:0.000018s ]
INFO: [ app_init ] --END-- [ RunTime:0.000363s ]
ERR: 无法加载模块:Robots

[ 2015-11-05T22:47:38+08:00 ] 108.59.8.70 /robots.txt
INFO: [ app_init ] --START--
INFO: Run Behavior\BuildLiteBehavior [ RunTime:0.000017s ]
INFO: [ app_init ] --END-- [ RunTime:0.000396s ]
ERR: 无法加载模块:Robots

[ 2015-11-05T22:49:15+08:00 ] 108.59.8.70 /robots.txt
INFO: [ app_init ] --START--
INFO: Run Behavior\BuildLiteBehavior [ RunTime:0.000024s ]
INFO: [ app_init ] --END-- [ RunTime:0.000475s ]
ERR: 无法加载模块:Robots

[ 2015-11-05T22:50:28+08:00 ] 108.59.8.70 /robots.txt
INFO: [ app_init ] --START--
INFO: Run Behavior\BuildLiteBehavior [ RunTime:0.000016s ]
INFO: [ app_init ] --END-- [ RunTime:0.000325s ]
ERR: 无法加载模块:Robots

[ 2015-11-05T23:09:27+08:00 ] 68.180.230.60 /robots.txt
INFO: [ app_init ] --START--
INFO: Run Behavior\BuildLiteBehavior [ RunTime:0.000017s ]
INFO: [ app_init ] --END-- [ RunTime:0.000364s ]
ERR: 无法加载模块:Robots

[ 2015-11-05T23:10:21+08:00 ] 178.202.133.84 /robots.txt
INFO: [ app_init ] --START--
INFO: Run Behavior\BuildLiteBehavior [ RunTime:0.000016s ]
INFO: [ app_init ] --END-- [ RunTime:0.000301s ]
ERR: 无法加载模块:Robots

[ 2015-11-05T23:44:35+08:00 ] 78.46.50.246 /robots.txt
INFO: [ app_init ] --START--
INFO: Run Behavior\BuildLiteBehavior [ RunTime:0.000015s ]
INFO: [ app_init ] --END-- [ RunTime:0.000308s ]
ERR: 无法加载模块:Robots

[ 2015-11-05T23:45:58+08:00 ] 62.210.148.247 /robots.txt
INFO: [ app_init ] --START--
INFO: Run Behavior\BuildLiteBehavior [ RunTime:0.000022s ]
INFO: [ app_init ] --END-- [ RunTime:0.000377s ]
ERR: 无法加载模块:Robots

