[ 2015-10-01T00:52:27+08:00 ] 110.86.5.90 /abcd112cc.css
INFO: [ app_init ] --START--
INFO: Run Behavior\BuildLiteBehavior [ RunTime:0.000016s ]
INFO: [ app_init ] --END-- [ RunTime:0.001382s ]
ERR: 无法加载模块:Abcd112cc

[ 2015-10-01T00:52:27+08:00 ] 110.86.5.90 /abcd112cc.css
INFO: [ app_init ] --START--
INFO: Run Behavior\BuildLiteBehavior [ RunTime:0.000020s ]
INFO: [ app_init ] --END-- [ RunTime:0.000331s ]
ERR: 无法加载模块:Abcd112cc

[ 2015-10-01T00:52:40+08:00 ] 110.86.5.90 /abcd112cc.css
INFO: [ app_init ] --START--
INFO: Run Behavior\BuildLiteBehavior [ RunTime:0.000022s ]
INFO: [ app_init ] --END-- [ RunTime:0.000327s ]
ERR: 无法加载模块:Abcd112cc

[ 2015-10-01T01:42:40+08:00 ] 121.42.0.30 /admin/images/menu-current-arrow.gif
INFO: [ app_init ] --START--
INFO: Run Behavior\BuildLiteBehavior [ RunTime:0.000015s ]
INFO: [ app_init ] --END-- [ RunTime:0.000304s ]
ERR: 无法加载模块:Admin

[ 2015-10-01T01:42:40+08:00 ] 121.42.0.30 /install/images/default/top1_r.jpg
INFO: [ app_init ] --START--
INFO: Run Behavior\BuildLiteBehavior [ RunTime:0.000017s ]
INFO: [ app_init ] --END-- [ RunTime:0.000326s ]
ERR: 无法加载模块:Install

[ 2015-10-01T01:42:40+08:00 ] 121.42.0.30 /images/default/hd_a1.gif
INFO: [ app_init ] --START--
INFO: Run Behavior\BuildLiteBehavior [ RunTime:0.000014s ]
INFO: [ app_init ] --END-- [ RunTime:0.000305s ]
ERR: 无法加载模块:Images

[ 2015-10-01T01:42:41+08:00 ] 121.42.0.30 /upload/200812/20081230023106860.gif
INFO: [ app_init ] --START--
INFO: Run Behavior\BuildLiteBehavior [ RunTime:0.000016s ]
INFO: [ app_init ] --END-- [ RunTime:0.000369s ]
ERR: 无法加载模块:Upload

[ 2015-10-01T01:42:41+08:00 ] 121.42.0.30 /Images/Mlogin/Bitmap02.gif
INFO: [ app_init ] --START--
INFO: Run Behavior\BuildLiteBehavior [ RunTime:0.000025s ]
INFO: [ app_init ] --END-- [ RunTime:0.000559s ]
ERR: 无法加载模块:Images

[ 2015-10-01T01:42:41+08:00 ] 121.42.0.30 /theme/admin/images/upload.gif
INFO: [ app_init ] --START--
INFO: Run Behavior\BuildLiteBehavior [ RunTime:0.000016s ]
INFO: [ app_init ] --END-- [ RunTime:0.000337s ]
ERR: 无法加载模块:Theme

[ 2015-10-01T01:42:42+08:00 ] 121.42.0.30 /install/images/steptab.png
INFO: [ app_init ] --START--
INFO: Run Behavior\BuildLiteBehavior [ RunTime:0.000016s ]
INFO: [ app_init ] --END-- [ RunTime:0.000302s ]
ERR: 无法加载模块:Install

[ 2015-10-01T01:42:44+08:00 ] 121.42.0.30 /admin/image/menu_h4.png
INFO: [ app_init ] --START--
INFO: Run Behavior\BuildLiteBehavior [ RunTime:0.000016s ]
INFO: [ app_init ] --END-- [ RunTime:0.000357s ]
ERR: 无法加载模块:Admin

[ 2015-10-01T01:42:44+08:00 ] 121.42.0.30 /images/list_bg.png
INFO: [ app_init ] --START--
INFO: Run Behavior\BuildLiteBehavior [ RunTime:0.000017s ]
INFO: [ app_init ] --END-- [ RunTime:0.000354s ]
ERR: 无法加载模块:Images

[ 2015-10-01T01:42:45+08:00 ] 121.42.0.30 /data/admin/allowurl.txt
INFO: [ app_init ] --START--
INFO: Run Behavior\BuildLiteBehavior [ RunTime:0.000016s ]
INFO: [ app_init ] --END-- [ RunTime:0.000325s ]
ERR: 无法加载模块:Data

[ 2015-10-01T01:42:45+08:00 ] 121.42.0.30 /include/data/vdcode.jpg
INFO: [ app_init ] --START--
INFO: Run Behavior\BuildLiteBehavior [ RunTime:0.000015s ]
INFO: [ app_init ] --END-- [ RunTime:0.000304s ]
ERR: 无法加载模块:Include

[ 2015-10-01T01:42:45+08:00 ] 121.42.0.30 /images/loadinglit.gif
INFO: [ app_init ] --START--
INFO: Run Behavior\BuildLiteBehavior [ RunTime:0.000015s ]
INFO: [ app_init ] --END-- [ RunTime:0.000352s ]
ERR: 无法加载模块:Images

[ 2015-10-01T01:42:46+08:00 ] 121.42.0.30 /plus/img/wbg.gif
INFO: [ app_init ] --START--
INFO: Run Behavior\BuildLiteBehavior [ RunTime:0.000016s ]
INFO: [ app_init ] --END-- [ RunTime:0.000303s ]
ERR: 无法加载模块:Plus

[ 2015-10-01T01:42:46+08:00 ] 121.42.0.30 /data/cache/index.htm
INFO: [ app_init ] --START--
INFO: Run Behavior\BuildLiteBehavior [ RunTime:0.000016s ]
INFO: [ app_init ] --END-- [ RunTime:0.000356s ]
ERR: 无法加载模块:Data

[ 2015-10-01T01:42:46+08:00 ] 121.42.0.30 /templets/default/images/ico-3.gif
INFO: [ app_init ] --START--
INFO: Run Behavior\BuildLiteBehavior [ RunTime:0.000015s ]
INFO: [ app_init ] --END-- [ RunTime:0.000301s ]
ERR: 无法加载模块:Templets

[ 2015-10-01T01:42:51+08:00 ] 121.42.0.30 /images/confirm_close.gif
INFO: [ app_init ] --START--
INFO: Run Behavior\BuildLiteBehavior [ RunTime:0.000015s ]
INFO: [ app_init ] --END-- [ RunTime:0.000325s ]
ERR: 无法加载模块:Images

[ 2015-10-01T01:42:51+08:00 ] 121.42.0.30 /user/images/must.gif
INFO: [ app_init ] --START--
INFO: Run Behavior\BuildLiteBehavior [ RunTime:0.000016s ]
INFO: [ app_init ] --END-- [ RunTime:0.000301s ]
ERR: 无法加载模块:User

[ 2015-10-01T01:42:52+08:00 ] 121.42.0.30 /template/images/li1.gif
INFO: [ app_init ] --START--
INFO: Run Behavior\BuildLiteBehavior [ RunTime:0.000016s ]
INFO: [ app_init ] --END-- [ RunTime:0.000366s ]
ERR: 无法加载模块:Template

[ 2015-10-01T01:42:52+08:00 ] 121.42.0.30 /favicon.ico
INFO: [ app_init ] --START--
INFO: Run Behavior\BuildLiteBehavior [ RunTime:0.000016s ]
INFO: [ app_init ] --END-- [ RunTime:0.000331s ]
ERR: 无法加载模块:Favicon

[ 2015-10-01T01:42:52+08:00 ] 121.42.0.30 /images/page_code.png
INFO: [ app_init ] --START--
INFO: Run Behavior\BuildLiteBehavior [ RunTime:0.000016s ]
INFO: [ app_init ] --END-- [ RunTime:0.000301s ]
ERR: 无法加载模块:Images

[ 2015-10-01T01:42:53+08:00 ] 121.42.0.30 /editors/index.html
INFO: [ app_init ] --START--
INFO: Run Behavior\BuildLiteBehavior [ RunTime:0.000016s ]
INFO: [ app_init ] --END-- [ RunTime:0.000301s ]
ERR: 无法加载模块:Editors

[ 2015-10-01T01:42:53+08:00 ] 121.42.0.30 /images/samples/4_small.jpg
INFO: [ app_init ] --START--
INFO: Run Behavior\BuildLiteBehavior [ RunTime:0.000016s ]
INFO: [ app_init ] --END-- [ RunTime:0.000362s ]
ERR: 无法加载模块:Images

[ 2015-10-01T01:42:53+08:00 ] 121.42.0.30 /includes/templates/classic/images/stars_5.gif
INFO: [ app_init ] --START--
INFO: Run Behavior\BuildLiteBehavior [ RunTime:0.000016s ]
INFO: [ app_init ] --END-- [ RunTime:0.000326s ]
ERR: 无法加载模块:Includes

[ 2015-10-01T01:42:54+08:00 ] 121.42.0.30 /includes/templates/template_default/images/always-free-shipping.gif
INFO: [ app_init ] --START--
INFO: Run Behavior\BuildLiteBehavior [ RunTime:0.000016s ]
INFO: [ app_init ] --END-- [ RunTime:0.000300s ]
ERR: 无法加载模块:Includes

[ 2015-10-01T01:42:54+08:00 ] 121.42.0.30 /includes/templates/template_default/buttons/english/button_tell_a_friend.gif
INFO: [ app_init ] --START--
INFO: Run Behavior\BuildLiteBehavior [ RunTime:0.000015s ]
INFO: [ app_init ] --END-- [ RunTime:0.000298s ]
ERR: 无法加载模块:Includes

[ 2015-10-01T01:42:54+08:00 ] 121.42.0.30 /admin/images/login/index_hz02.gif
INFO: [ app_init ] --START--
INFO: Run Behavior\BuildLiteBehavior [ RunTime:0.000016s ]
INFO: [ app_init ] --END-- [ RunTime:0.000304s ]
ERR: 无法加载模块:Admin

[ 2015-10-01T01:42:54+08:00 ] 121.42.0.30 /admin/images/login/index_hz03.gif
INFO: [ app_init ] --START--
INFO: Run Behavior\BuildLiteBehavior [ RunTime:0.000016s ]
INFO: [ app_init ] --END-- [ RunTime:0.000318s ]
ERR: 无法加载模块:Admin

[ 2015-10-01T01:42:55+08:00 ] 121.42.0.30 /images/default/ico_loading3.gif
INFO: [ app_init ] --START--
INFO: Run Behavior\BuildLiteBehavior [ RunTime:0.000016s ]
INFO: [ app_init ] --END-- [ RunTime:0.000301s ]
ERR: 无法加载模块:Images

[ 2015-10-01T01:42:55+08:00 ] 121.42.0.30 /a_d/install/data.sql
INFO: [ app_init ] --START--
INFO: Run Behavior\BuildLiteBehavior [ RunTime:0.000016s ]
INFO: [ app_init ] --END-- [ RunTime:0.000301s ]
ERR: 无法加载模块:A_d

[ 2015-10-01T01:42:55+08:00 ] 121.42.0.30 /admin/images/cutimg/ccc.gif
INFO: [ app_init ] --START--
INFO: Run Behavior\BuildLiteBehavior [ RunTime:0.000023s ]
INFO: [ app_init ] --END-- [ RunTime:0.000393s ]
ERR: 无法加载模块:Admin

[ 2015-10-01T01:42:56+08:00 ] 121.42.0.30 /template/user/images/manage_r2_c18.jpg
INFO: [ app_init ] --START--
INFO: Run Behavior\BuildLiteBehavior [ RunTime:0.000023s ]
INFO: [ app_init ] --END-- [ RunTime:0.000462s ]
ERR: 无法加载模块:Template

[ 2015-10-01T01:42:56+08:00 ] 121.42.0.30 /admin/images/admintitlebg.gif
INFO: [ app_init ] --START--
INFO: Run Behavior\BuildLiteBehavior [ RunTime:0.000016s ]
INFO: [ app_init ] --END-- [ RunTime:0.000305s ]
ERR: 无法加载模块:Admin

[ 2015-10-01T01:42:56+08:00 ] 121.42.0.30 /images/gengtie.jpg
INFO: [ app_init ] --START--
INFO: Run Behavior\BuildLiteBehavior [ RunTime:0.000016s ]
INFO: [ app_init ] --END-- [ RunTime:0.000302s ]
ERR: 无法加载模块:Images

[ 2015-10-01T01:42:57+08:00 ] 121.42.0.30 /README.txt
INFO: [ app_init ] --START--
INFO: Run Behavior\BuildLiteBehavior [ RunTime:0.000016s ]
INFO: [ app_init ] --END-- [ RunTime:0.000365s ]
ERR: 无法加载模块:README

[ 2015-10-01T01:42:57+08:00 ] 121.42.0.30 /themes/README.txt
INFO: [ app_init ] --START--
INFO: Run Behavior\BuildLiteBehavior [ RunTime:0.000018s ]
INFO: [ app_init ] --END-- [ RunTime:0.000327s ]
ERR: 无法加载模块:Themes

[ 2015-10-01T01:42:57+08:00 ] 121.42.0.30 /Admin/Images/icon_lpdhjl.png
INFO: [ app_init ] --START--
INFO: Run Behavior\BuildLiteBehavior [ RunTime:0.000018s ]
INFO: [ app_init ] --END-- [ RunTime:0.000380s ]
ERR: 无法加载模块:Admin

[ 2015-10-01T01:43:00+08:00 ] 121.42.0.30 /skins/doccms_model_1/images/bg_contact_a.png
INFO: [ app_init ] --START--
INFO: Run Behavior\BuildLiteBehavior [ RunTime:0.000016s ]
INFO: [ app_init ] --END-- [ RunTime:0.000326s ]
ERR: 无法加载模块:Skins

[ 2015-10-01T01:43:00+08:00 ] 121.42.0.30 /admini/images/s_managehtml/icon_refresh.png
INFO: [ app_init ] --START--
INFO: Run Behavior\BuildLiteBehavior [ RunTime:0.000023s ]
INFO: [ app_init ] --END-- [ RunTime:0.000323s ]
ERR: 无法加载模块:Admini

[ 2015-10-01T01:43:01+08:00 ] 121.42.0.30 /Admin/Images/Icon-Nav-Close-over.gif
INFO: [ app_init ] --START--
INFO: Run Behavior\BuildLiteBehavior [ RunTime:0.000016s ]
INFO: [ app_init ] --END-- [ RunTime:0.000301s ]
ERR: 无法加载模块:Admin

[ 2015-10-01T01:43:01+08:00 ] 121.42.0.30 /images/menu_righttop.gif
INFO: [ app_init ] --START--
INFO: Run Behavior\BuildLiteBehavior [ RunTime:0.000015s ]
INFO: [ app_init ] --END-- [ RunTime:0.000354s ]
ERR: 无法加载模块:Images

[ 2015-10-01T01:43:08+08:00 ] 121.42.0.30 /app/Tpl/lashou3/Public/images/adbg_t.png
INFO: [ app_init ] --START--
INFO: Run Behavior\BuildLiteBehavior [ RunTime:0.000016s ]
INFO: [ app_init ] --END-- [ RunTime:0.000306s ]
ERR: 无法加载模块:App

[ 2015-10-01T01:43:08+08:00 ] 121.42.0.30 /Public/img_loading.gif
INFO: [ app_init ] --START--
INFO: Run Behavior\BuildLiteBehavior [ RunTime:0.000016s ]
INFO: [ app_init ] --END-- [ RunTime:0.000298s ]
ERR: 无法加载模块:Public

[ 2015-10-01T01:43:08+08:00 ] 121.42.0.30 /robots.txt
INFO: [ app_init ] --START--
INFO: Run Behavior\BuildLiteBehavior [ RunTime:0.000016s ]
INFO: [ app_init ] --END-- [ RunTime:0.000348s ]
ERR: 无法加载模块:Robots

[ 2015-10-01T01:43:09+08:00 ] 121.42.0.30 /system/images/tab_17.gif
INFO: [ app_init ] --START--
INFO: Run Behavior\BuildLiteBehavior [ RunTime:0.000016s ]
INFO: [ app_init ] --END-- [ RunTime:0.000304s ]
ERR: 无法加载模块:System

[ 2015-10-01T01:43:09+08:00 ] 121.42.0.30 /admin/images/tab_17.gif
INFO: [ app_init ] --START--
INFO: Run Behavior\BuildLiteBehavior [ RunTime:0.000017s ]
INFO: [ app_init ] --END-- [ RunTime:0.000397s ]
ERR: 无法加载模块:Admin

[ 2015-10-01T01:43:09+08:00 ] 121.42.0.30 /admin/images/top_tt_bg.gif
INFO: [ app_init ] --START--
INFO: Run Behavior\BuildLiteBehavior [ RunTime:0.000016s ]
INFO: [ app_init ] --END-- [ RunTime:0.000307s ]
ERR: 无法加载模块:Admin

[ 2015-10-01T01:43:10+08:00 ] 121.42.0.30 /m/_/images/fileicon/jpg.png
INFO: [ app_init ] --START--
INFO: Run Behavior\BuildLiteBehavior [ RunTime:0.000015s ]
INFO: [ app_init ] --END-- [ RunTime:0.000296s ]
ERR: 无法加载模块:M

[ 2015-10-01T01:43:12+08:00 ] 121.42.0.30 /admin/images/login/login_submit.gif
INFO: [ app_init ] --START--
INFO: Run Behavior\BuildLiteBehavior [ RunTime:0.000017s ]
INFO: [ app_init ] --END-- [ RunTime:0.000389s ]
ERR: 无法加载模块:Admin

[ 2015-10-01T01:43:13+08:00 ] 121.42.0.30 /images/webZx_bg.jpg
INFO: [ app_init ] --START--
INFO: Run Behavior\BuildLiteBehavior [ RunTime:0.000019s ]
INFO: [ app_init ] --END-- [ RunTime:0.000320s ]
ERR: 无法加载模块:Images

[ 2015-10-01T01:43:13+08:00 ] 121.42.0.30 /skins/images/ico_catalogue.png
INFO: [ app_init ] --START--
INFO: Run Behavior\BuildLiteBehavior [ RunTime:0.000015s ]
INFO: [ app_init ] --END-- [ RunTime:0.000302s ]
ERR: 无法加载模块:Skins

[ 2015-10-01T01:43:13+08:00 ] 121.42.0.30 /console/images/bg11.jpg
INFO: [ app_init ] --START--
INFO: Run Behavior\BuildLiteBehavior [ RunTime:0.000015s ]
INFO: [ app_init ] --END-- [ RunTime:0.000358s ]
ERR: 无法加载模块:Console

[ 2015-10-01T01:43:16+08:00 ] 121.42.0.30 /images-global/zoom/zoom-caption-fill.png
INFO: [ app_init ] --START--
INFO: Run Behavior\BuildLiteBehavior [ RunTime:0.000017s ]
INFO: [ app_init ] --END-- [ RunTime:0.000305s ]
ERR: 无法加载模块:Images-global

[ 2015-10-01T01:43:16+08:00 ] 121.42.0.30 /statics/blueth.gif
INFO: [ app_init ] --START--
INFO: Run Behavior\BuildLiteBehavior [ RunTime:0.000015s ]
INFO: [ app_init ] --END-- [ RunTime:0.000300s ]
ERR: 无法加载模块:Statics

[ 2015-10-01T01:43:16+08:00 ] 121.42.0.30 /statics/arrowleft-orange.gif
INFO: [ app_init ] --START--
INFO: Run Behavior\BuildLiteBehavior [ RunTime:0.000015s ]
INFO: [ app_init ] --END-- [ RunTime:0.000378s ]
ERR: 无法加载模块:Statics

[ 2015-10-01T01:43:17+08:00 ] 121.42.0.30 /favicon.ico
INFO: [ app_init ] --START--
INFO: Run Behavior\BuildLiteBehavior [ RunTime:0.000017s ]
INFO: [ app_init ] --END-- [ RunTime:0.000324s ]
ERR: 无法加载模块:Favicon

[ 2015-10-01T01:43:17+08:00 ] 121.42.0.30 /admin/images/netgather_com.gif
INFO: [ app_init ] --START--
INFO: Run Behavior\BuildLiteBehavior [ RunTime:0.000018s ]
INFO: [ app_init ] --END-- [ RunTime:0.000367s ]
ERR: 无法加载模块:Admin

[ 2015-10-01T01:43:17+08:00 ] 121.42.0.30 /cn/images/banner_page_bg.gif
INFO: [ app_init ] --START--
INFO: Run Behavior\BuildLiteBehavior [ RunTime:0.000015s ]
INFO: [ app_init ] --END-- [ RunTime:0.000301s ]
ERR: 无法加载模块:Cn

[ 2015-10-01T01:43:18+08:00 ] 121.42.0.30 /themes/forum/default/images/forum/lock.gif
INFO: [ app_init ] --START--
INFO: Run Behavior\BuildLiteBehavior [ RunTime:0.000015s ]
INFO: [ app_init ] --END-- [ RunTime:0.000354s ]
ERR: 无法加载模块:Themes

[ 2015-10-01T01:43:18+08:00 ] 121.42.0.30 /themes/space/default/images/fans_follow.png
INFO: [ app_init ] --START--
INFO: Run Behavior\BuildLiteBehavior [ RunTime:0.000024s ]
INFO: [ app_init ] --END-- [ RunTime:0.000336s ]
ERR: 无法加载模块:Themes

[ 2015-10-01T01:43:18+08:00 ] 121.42.0.30 /themes/site/default/images/logo.png
INFO: [ app_init ] --START--
INFO: Run Behavior\BuildLiteBehavior [ RunTime:0.000016s ]
INFO: [ app_init ] --END-- [ RunTime:0.000305s ]
ERR: 无法加载模块:Themes

[ 2015-10-01T01:43:18+08:00 ] 121.42.0.30 /favicon.ico
INFO: [ app_init ] --START--
INFO: Run Behavior\BuildLiteBehavior [ RunTime:0.000015s ]
INFO: [ app_init ] --END-- [ RunTime:0.000300s ]
ERR: 无法加载模块:Favicon

[ 2015-10-01T01:43:19+08:00 ] 121.42.0.30 /js/pw_ajax.js
INFO: [ app_init ] --START--
INFO: Run Behavior\BuildLiteBehavior [ RunTime:0.000019s ]
INFO: [ app_init ] --END-- [ RunTime:0.000365s ]
ERR: 无法加载模块:Js

[ 2015-10-01T01:43:19+08:00 ] 121.42.0.30 /licence.txt
INFO: [ app_init ] --START--
INFO: Run Behavior\BuildLiteBehavior [ RunTime:0.000016s ]
INFO: [ app_init ] --END-- [ RunTime:0.000303s ]
ERR: 无法加载模块:Licence

[ 2015-10-01T01:43:19+08:00 ] 121.42.0.30 /include/image/dui_r.gif
INFO: [ app_init ] --START--
INFO: Run Behavior\BuildLiteBehavior [ RunTime:0.000015s ]
INFO: [ app_init ] --END-- [ RunTime:0.000361s ]
ERR: 无法加载模块:Include

[ 2015-10-01T01:43:20+08:00 ] 121.42.0.30 /template/default/index/images/anvico.png
INFO: [ app_init ] --START--
INFO: Run Behavior\BuildLiteBehavior [ RunTime:0.000016s ]
INFO: [ app_init ] --END-- [ RunTime:0.000346s ]
ERR: 无法加载模块:Template

[ 2015-10-01T01:43:20+08:00 ] 121.42.0.30 /skin/default/image/add_job.gif
INFO: [ app_init ] --START--
INFO: Run Behavior\BuildLiteBehavior [ RunTime:0.000018s ]
INFO: [ app_init ] --END-- [ RunTime:0.000347s ]
ERR: 无法加载模块:Skin

[ 2015-10-01T01:43:20+08:00 ] 121.42.0.30 /inc/images/captcha_bg.jpg
INFO: [ app_init ] --START--
INFO: Run Behavior\BuildLiteBehavior [ RunTime:0.000015s ]
INFO: [ app_init ] --END-- [ RunTime:0.000303s ]
ERR: 无法加载模块:Inc

[ 2015-10-01T01:43:21+08:00 ] 121.42.0.30 /inc/templates/manage/images/cross_grey_small.png
INFO: [ app_init ] --START--
INFO: Run Behavior\BuildLiteBehavior [ RunTime:0.000016s ]
INFO: [ app_init ] --END-- [ RunTime:0.000300s ]
ERR: 无法加载模块:Inc

[ 2015-10-01T01:43:21+08:00 ] 121.42.0.30 /views/images/admin/closex.gif
INFO: [ app_init ] --START--
INFO: Run Behavior\BuildLiteBehavior [ RunTime:0.000015s ]
INFO: [ app_init ] --END-- [ RunTime:0.000304s ]
ERR: 无法加载模块:Views

[ 2015-10-01T01:43:21+08:00 ] 121.42.0.30 /template/default/images/gbook_btn_bg.gif
INFO: [ app_init ] --START--
INFO: Run Behavior\BuildLiteBehavior [ RunTime:0.000015s ]
INFO: [ app_init ] --END-- [ RunTime:0.000370s ]
ERR: 无法加载模块:Template

[ 2015-10-01T01:43:21+08:00 ] 121.42.0.30 /admin/views/images/admindex_itembg.gif
INFO: [ app_init ] --START--
INFO: Run Behavior\BuildLiteBehavior [ RunTime:0.000016s ]
INFO: [ app_init ] --END-- [ RunTime:0.000300s ]
ERR: 无法加载模块:Admin

[ 2015-10-01T01:43:22+08:00 ] 121.42.0.30 /content/templates/default/images/bg_cal_today.gif
INFO: [ app_init ] --START--
INFO: Run Behavior\BuildLiteBehavior [ RunTime:0.000016s ]
INFO: [ app_init ] --END-- [ RunTime:0.000296s ]
ERR: 无法加载模块:Content

[ 2015-10-01T01:43:22+08:00 ] 121.42.0.30 /admin/templates/met/images/logosmall.gif
INFO: [ app_init ] --START--
INFO: Run Behavior\BuildLiteBehavior [ RunTime:0.000015s ]
INFO: [ app_init ] --END-- [ RunTime:0.000351s ]
ERR: 无法加载模块:Admin

[ 2015-10-01T01:43:25+08:00 ] 121.42.0.30 /job/templates/met/css/style.css
INFO: [ app_init ] --START--
INFO: Run Behavior\BuildLiteBehavior [ RunTime:0.000065s ]
INFO: [ app_init ] --END-- [ RunTime:0.000382s ]
ERR: 无法加载模块:Job

[ 2015-10-01T01:43:25+08:00 ] 121.42.0.30 /wap/templates/met/images/listico.gif
INFO: [ app_init ] --START--
INFO: Run Behavior\BuildLiteBehavior [ RunTime:0.000015s ]
INFO: [ app_init ] --END-- [ RunTime:0.000313s ]
ERR: 无法加载模块:Wap

[ 2015-10-01T01:43:25+08:00 ] 121.42.0.30 /images/receipt/dly_yto.jpg
INFO: [ app_init ] --START--
INFO: Run Behavior\BuildLiteBehavior [ RunTime:0.000016s ]
INFO: [ app_init ] --END-- [ RunTime:0.000353s ]
ERR: 无法加载模块:Images

[ 2015-10-01T01:43:25+08:00 ] 121.42.0.30 /images/wap_logo.png
INFO: [ app_init ] --START--
INFO: Run Behavior\BuildLiteBehavior [ RunTime:0.000015s ]
INFO: [ app_init ] --END-- [ RunTime:0.000310s ]
ERR: 无法加载模块:Images

[ 2015-10-01T01:43:26+08:00 ] 121.42.0.30 /admin/ecshopfiles.md5
INFO: [ app_init ] --START--
INFO: Run Behavior\BuildLiteBehavior [ RunTime:0.000015s ]
INFO: [ app_init ] --END-- [ RunTime:0.000302s ]
ERR: 无法加载模块:Admin

[ 2015-10-01T01:43:26+08:00 ] 121.42.0.30 /admin/help/zh_cn/database.xml
INFO: [ app_init ] --START--
INFO: Run Behavior\BuildLiteBehavior [ RunTime:0.000016s ]
INFO: [ app_init ] --END-- [ RunTime:0.000306s ]
ERR: 无法加载模块:Admin

[ 2015-10-01T01:43:26+08:00 ] 121.42.0.30 /favicon.ico
INFO: [ app_init ] --START--
INFO: Run Behavior\BuildLiteBehavior [ RunTime:0.000016s ]
INFO: [ app_init ] --END-- [ RunTime:0.000300s ]
ERR: 无法加载模块:Favicon

[ 2015-10-01T01:43:27+08:00 ] 121.42.0.30 /Images/estar.gif
INFO: [ app_init ] --START--
INFO: Run Behavior\BuildLiteBehavior [ RunTime:0.000015s ]
INFO: [ app_init ] --END-- [ RunTime:0.000298s ]
ERR: 无法加载模块:Images

[ 2015-10-01T01:43:27+08:00 ] 121.42.0.30 /Template/Default/Layout/1s2s2/ico.gif
INFO: [ app_init ] --START--
INFO: Run Behavior\BuildLiteBehavior [ RunTime:0.000015s ]
INFO: [ app_init ] --END-- [ RunTime:0.000294s ]
ERR: 无法加载模块:Template

[ 2015-10-01T01:43:27+08:00 ] 121.42.0.30 /t3/style/css/common/card.css
INFO: [ app_init ] --START--
INFO: Run Behavior\BuildLiteBehavior [ RunTime:0.000016s ]
INFO: [ app_init ] --END-- [ RunTime:0.000356s ]
ERR: 无法加载模块:T3

[ 2015-10-01T01:43:28+08:00 ] 121.42.0.30 /images/admina/logo.png
INFO: [ app_init ] --START--
INFO: Run Behavior\BuildLiteBehavior [ RunTime:0.000017s ]
INFO: [ app_init ] --END-- [ RunTime:0.000362s ]
ERR: 无法加载模块:Images

[ 2015-10-01T01:43:28+08:00 ] 121.42.0.30 /images/admina/sitmap0.png
INFO: [ app_init ] --START--
INFO: Run Behavior\BuildLiteBehavior [ RunTime:0.000015s ]
INFO: [ app_init ] --END-- [ RunTime:0.000297s ]
ERR: 无法加载模块:Images

[ 2015-10-01T01:43:28+08:00 ] 121.42.0.30 /e/tool/feedback/temp/test.txt
INFO: [ app_init ] --START--
INFO: Run Behavior\BuildLiteBehavior [ RunTime:0.000016s ]
INFO: [ app_init ] --END-- [ RunTime:0.000356s ]
ERR: 无法加载模块:E

[ 2015-10-01T01:43:29+08:00 ] 121.42.0.30 /e/data/ecmseditor/images/blank.html
INFO: [ app_init ] --START--
INFO: Run Behavior\BuildLiteBehavior [ RunTime:0.000015s ]
INFO: [ app_init ] --END-- [ RunTime:0.000303s ]
ERR: 无法加载模块:E

[ 2015-10-01T01:43:29+08:00 ] 121.42.0.30 /robots.txt
INFO: [ app_init ] --START--
INFO: Run Behavior\BuildLiteBehavior [ RunTime:0.000017s ]
INFO: [ app_init ] --END-- [ RunTime:0.000310s ]
ERR: 无法加载模块:Robots

[ 2015-10-01T01:43:29+08:00 ] 121.42.0.30 /robots.txt
INFO: [ app_init ] --START--
INFO: Run Behavior\BuildLiteBehavior [ RunTime:0.000021s ]
INFO: [ app_init ] --END-- [ RunTime:0.000314s ]
ERR: 无法加载模块:Robots

[ 2015-10-01T01:43:29+08:00 ] 121.42.0.30 /siteserver/pic/company/logo.gif
INFO: [ app_init ] --START--
INFO: Run Behavior\BuildLiteBehavior [ RunTime:0.000015s ]
INFO: [ app_init ] --END-- [ RunTime:0.000300s ]
ERR: 无法加载模块:Siteserver

[ 2015-10-01T01:43:30+08:00 ] 121.42.0.30 /system/blue_point.png
INFO: [ app_init ] --START--
INFO: Run Behavior\BuildLiteBehavior [ RunTime:0.000015s ]
INFO: [ app_init ] --END-- [ RunTime:0.000300s ]
ERR: 无法加载模块:System

[ 2015-10-01T01:43:30+08:00 ] 121.42.0.30 /admin/Tpl/default/Common/images/blank.gif
INFO: [ app_init ] --START--
INFO: Run Behavior\BuildLiteBehavior [ RunTime:0.000017s ]
INFO: [ app_init ] --END-- [ RunTime:0.000432s ]
ERR: 无法加载模块:Admin

[ 2015-10-01T01:43:30+08:00 ] 121.42.0.30 /statics/images/applst_lbg.jpg
INFO: [ app_init ] --START--
INFO: Run Behavior\BuildLiteBehavior [ RunTime:0.000016s ]
INFO: [ app_init ] --END-- [ RunTime:0.000310s ]
ERR: 无法加载模块:Statics

[ 2015-10-01T01:43:31+08:00 ] 121.42.0.30 /statics/images/icon/error.png
INFO: [ app_init ] --START--
INFO: Run Behavior\BuildLiteBehavior [ RunTime:0.000015s ]
INFO: [ app_init ] --END-- [ RunTime:0.000302s ]
ERR: 无法加载模块:Statics

[ 2015-10-01T01:43:31+08:00 ] 121.42.0.30 /robots.txt
INFO: [ app_init ] --START--
INFO: Run Behavior\BuildLiteBehavior [ RunTime:0.000018s ]
INFO: [ app_init ] --END-- [ RunTime:0.000328s ]
ERR: 无法加载模块:Robots

[ 2015-10-01T01:43:31+08:00 ] 121.42.0.30 /favicon.ico
INFO: [ app_init ] --START--
INFO: Run Behavior\BuildLiteBehavior [ RunTime:0.000014s ]
INFO: [ app_init ] --END-- [ RunTime:0.000298s ]
ERR: 无法加载模块:Favicon

[ 2015-10-01T01:43:32+08:00 ] 121.42.0.30 /images/ad_location_middle_center1.jpg
INFO: [ app_init ] --START--
INFO: Run Behavior\BuildLiteBehavior [ RunTime:0.000016s ]
INFO: [ app_init ] --END-- [ RunTime:0.000303s ]
ERR: 无法加载模块:Images

[ 2015-10-01T01:43:32+08:00 ] 121.42.0.30 /theme/t1/themebg_preview.jpg
INFO: [ app_init ] --START--
INFO: Run Behavior\BuildLiteBehavior [ RunTime:0.000016s ]
INFO: [ app_init ] --END-- [ RunTime:0.000354s ]
ERR: 无法加载模块:Theme

[ 2015-10-01T01:43:32+08:00 ] 121.42.0.30 /images/table_bg.jpg
INFO: [ app_init ] --START--
INFO: Run Behavior\BuildLiteBehavior [ RunTime:0.000017s ]
INFO: [ app_init ] --END-- [ RunTime:0.000313s ]
ERR: 无法加载模块:Images

[ 2015-10-01T01:43:32+08:00 ] 121.42.0.30 /images/ext/midi.gif
INFO: [ app_init ] --START--
INFO: Run Behavior\BuildLiteBehavior [ RunTime:0.000021s ]
INFO: [ app_init ] --END-- [ RunTime:0.000423s ]
ERR: 无法加载模块:Images

[ 2015-10-01T01:43:33+08:00 ] 121.42.0.30 /data/setmealimg/3.gif
INFO: [ app_init ] --START--
INFO: Run Behavior\BuildLiteBehavior [ RunTime:0.000015s ]
INFO: [ app_init ] --END-- [ RunTime:0.000333s ]
ERR: 无法加载模块:Data

[ 2015-10-01T01:43:33+08:00 ] 121.42.0.30 /admin/images/admin_submit.jpg
INFO: [ app_init ] --START--
INFO: Run Behavior\BuildLiteBehavior [ RunTime:0.000016s ]
INFO: [ app_init ] --END-- [ RunTime:0.000338s ]
ERR: 无法加载模块:Admin

[ 2015-10-01T01:43:33+08:00 ] 121.42.0.30 /include/payment/logo/remittance.gif
INFO: [ app_init ] --START--
INFO: Run Behavior\BuildLiteBehavior [ RunTime:0.000016s ]
INFO: [ app_init ] --END-- [ RunTime:0.000353s ]
ERR: 无法加载模块:Include

[ 2015-10-01T01:43:34+08:00 ] 121.42.0.30 /views/default/skin/blue/images/front/buying.gif
INFO: [ app_init ] --START--
INFO: Run Behavior\BuildLiteBehavior [ RunTime:0.000019s ]
INFO: [ app_init ] --END-- [ RunTime:0.000374s ]
ERR: 无法加载模块:Views

[ 2015-10-01T01:43:34+08:00 ] 121.42.0.30 /install/images/guide_1.gif
INFO: [ app_init ] --START--
INFO: Run Behavior\BuildLiteBehavior [ RunTime:0.000018s ]
INFO: [ app_init ] --END-- [ RunTime:0.000322s ]
ERR: 无法加载模块:Install

[ 2015-10-01T01:43:34+08:00 ] 121.42.0.30 /upload/2011/11/30/20111130113535527.jpg
INFO: [ app_init ] --START--
INFO: Run Behavior\BuildLiteBehavior [ RunTime:0.000016s ]
INFO: [ app_init ] --END-- [ RunTime:0.000373s ]
ERR: 无法加载模块:Upload

[ 2015-10-01T01:43:35+08:00 ] 121.42.0.30 /plus/weather/icon/a_12.gif
INFO: [ app_init ] --START--
INFO: Run Behavior\BuildLiteBehavior [ RunTime:0.000015s ]
INFO: [ app_init ] --END-- [ RunTime:0.000318s ]
ERR: 无法加载模块:Plus

[ 2015-10-01T01:43:37+08:00 ] 121.42.0.30 /wp-includes/images/icon-pointer-flag.png
INFO: [ app_init ] --START--
INFO: Run Behavior\BuildLiteBehavior [ RunTime:0.000016s ]
INFO: [ app_init ] --END-- [ RunTime:0.000304s ]
ERR: 无法加载模块:Wp-includes

[ 2015-10-01T01:43:38+08:00 ] 121.42.0.30 /wp-admin/images/yes.png
INFO: [ app_init ] --START--
INFO: Run Behavior\BuildLiteBehavior [ RunTime:0.000021s ]
INFO: [ app_init ] --END-- [ RunTime:0.000372s ]
ERR: 无法加载模块:Wp-admin

[ 2015-10-01T01:43:38+08:00 ] 121.42.0.30 /wp-includes/js/swfobject.js
INFO: [ app_init ] --START--
INFO: Run Behavior\BuildLiteBehavior [ RunTime:0.000015s ]
INFO: [ app_init ] --END-- [ RunTime:0.000316s ]
ERR: 无法加载模块:Wp-includes

[ 2015-10-01T01:43:38+08:00 ] 121.42.0.30 /base/admin/images/linksup.gif
INFO: [ app_init ] --START--
INFO: Run Behavior\BuildLiteBehavior [ RunTime:0.000015s ]
INFO: [ app_init ] --END-- [ RunTime:0.000332s ]
ERR: 无法加载模块:Base

[ 2015-10-01T01:43:38+08:00 ] 121.42.0.30 /base/templates/images/2.png
INFO: [ app_init ] --START--
INFO: Run Behavior\BuildLiteBehavior [ RunTime:0.000015s ]
INFO: [ app_init ] --END-- [ RunTime:0.000359s ]
ERR: 无法加载模块:Base

[ 2015-10-01T01:43:39+08:00 ] 121.42.0.30 /zb_users/AVATAR/0.png
INFO: [ app_init ] --START--
INFO: Run Behavior\BuildLiteBehavior [ RunTime:0.000016s ]
INFO: [ app_init ] --END-- [ RunTime:0.000350s ]
ERR: 无法加载模块:Zb_users

[ 2015-10-01T01:43:39+08:00 ] 121.42.0.30 /zb_users/avatar/0.png
INFO: [ app_init ] --START--
INFO: Run Behavior\BuildLiteBehavior [ RunTime:0.000017s ]
INFO: [ app_init ] --END-- [ RunTime:0.000359s ]
ERR: 无法加载模块:Zb_users

[ 2015-10-01T01:43:39+08:00 ] 121.42.0.30 /admin/skins/images/ads_set3.gif
INFO: [ app_init ] --START--
INFO: Run Behavior\BuildLiteBehavior [ RunTime:0.000016s ]
INFO: [ app_init ] --END-- [ RunTime:0.000313s ]
ERR: 无法加载模块:Admin

[ 2015-10-01T01:43:40+08:00 ] 121.42.0.30 /images/forum_readme.gif
INFO: [ app_init ] --START--
INFO: Run Behavior\BuildLiteBehavior [ RunTime:0.000015s ]
INFO: [ app_init ] --END-- [ RunTime:0.000300s ]
ERR: 无法加载模块:Images

[ 2015-10-01T01:43:40+08:00 ] 121.42.0.30 /img/images/commentLoad.gif
INFO: [ app_init ] --START--
INFO: Run Behavior\BuildLiteBehavior [ RunTime:0.000016s ]
INFO: [ app_init ] --END-- [ RunTime:0.000353s ]
ERR: 无法加载模块:Img

[ 2015-10-01T01:43:40+08:00 ] 121.42.0.30 /install/images/bg-cmstop.jpg
INFO: [ app_init ] --START--
INFO: Run Behavior\BuildLiteBehavior [ RunTime:0.000016s ]
INFO: [ app_init ] --END-- [ RunTime:0.000348s ]
ERR: 无法加载模块:Install

[ 2015-10-01T01:43:43+08:00 ] 121.42.0.30 /data/adtool/theme/d2.jpg
INFO: [ app_init ] --START--
INFO: Run Behavior\BuildLiteBehavior [ RunTime:0.000015s ]
INFO: [ app_init ] --END-- [ RunTime:0.000299s ]
ERR: 无法加载模块:Data

[ 2015-10-01T01:43:43+08:00 ] 121.42.0.30 /images/wp-background-preview-bg.gif
INFO: [ app_init ] --START--
INFO: Run Behavior\BuildLiteBehavior [ RunTime:0.000020s ]
INFO: [ app_init ] --END-- [ RunTime:0.000323s ]
ERR: 无法加载模块:Images

[ 2015-10-01T01:43:43+08:00 ] 121.42.0.30 /install/images/r.gif
INFO: [ app_init ] --START--
INFO: Run Behavior\BuildLiteBehavior [ RunTime:0.000015s ]
INFO: [ app_init ] --END-- [ RunTime:0.000329s ]
ERR: 无法加载模块:Install

[ 2015-10-01T01:43:44+08:00 ] 121.42.0.30 /images/sampledata/fruitshop/fruits.gif
INFO: [ app_init ] --START--
INFO: Run Behavior\BuildLiteBehavior [ RunTime:0.000015s ]
INFO: [ app_init ] --END-- [ RunTime:0.000323s ]
ERR: 无法加载模块:Images

[ 2015-10-01T01:43:46+08:00 ] 121.42.0.30 /components/com_mailto/views/sent/metadata.xml
INFO: [ app_init ] --START--
INFO: Run Behavior\BuildLiteBehavior [ RunTime:0.000016s ]
INFO: [ app_init ] --END-- [ RunTime:0.000300s ]
ERR: 无法加载模块:Components

[ 2015-10-01T01:43:47+08:00 ] 121.42.0.30 /Images/arrow_04.gif
INFO: [ app_init ] --START--
INFO: Run Behavior\BuildLiteBehavior [ RunTime:0.000016s ]
INFO: [ app_init ] --END-- [ RunTime:0.000311s ]
ERR: 无法加载模块:Images

[ 2015-10-01T01:43:47+08:00 ] 121.42.0.30 /Images/bg_bodyer_page.gif
INFO: [ app_init ] --START--
INFO: Run Behavior\BuildLiteBehavior [ RunTime:0.000016s ]
INFO: [ app_init ] --END-- [ RunTime:0.000317s ]
ERR: 无法加载模块:Images

[ 2015-10-01T01:43:47+08:00 ] 121.42.0.30 /Admin/Images/southidc.css
INFO: [ app_init ] --START--
INFO: Run Behavior\BuildLiteBehavior [ RunTime:0.000015s ]
INFO: [ app_init ] --END-- [ RunTime:0.000301s ]
ERR: 无法加载模块:Admin

[ 2015-10-01T01:43:48+08:00 ] 121.42.0.30 /Inc/NoSqlHack.Asp
INFO: [ app_init ] --START--
INFO: Run Behavior\BuildLiteBehavior [ RunTime:0.000015s ]
INFO: [ app_init ] --END-- [ RunTime:0.000300s ]
ERR: 无法加载模块:Inc

[ 2015-10-01T01:43:48+08:00 ] 121.42.0.30 /Script/Html.js
INFO: [ app_init ] --START--
INFO: Run Behavior\BuildLiteBehavior [ RunTime:0.000015s ]
INFO: [ app_init ] --END-- [ RunTime:0.000301s ]
ERR: 无法加载模块:Script

[ 2015-10-01T01:43:48+08:00 ] 121.42.0.30 /e/install/images/bg_1.gif
INFO: [ app_init ] --START--
INFO: Run Behavior\BuildLiteBehavior [ RunTime:0.000039s ]
INFO: [ app_init ] --END-- [ RunTime:0.000442s ]
ERR: 无法加载模块:E

[ 2015-10-01T01:43:48+08:00 ] 121.42.0.30 /e/install/images/logo.gif
INFO: [ app_init ] --START--
INFO: Run Behavior\BuildLiteBehavior [ RunTime:0.000015s ]
INFO: [ app_init ] --END-- [ RunTime:0.000306s ]
ERR: 无法加载模块:E

[ 2015-10-01T01:43:49+08:00 ] 121.42.0.30 /e/js/lang/zh-cn.js
INFO: [ app_init ] --START--
INFO: Run Behavior\BuildLiteBehavior [ RunTime:0.000014s ]
INFO: [ app_init ] --END-- [ RunTime:0.000299s ]
ERR: 无法加载模块:E

[ 2015-10-01T01:43:49+08:00 ] 121.42.0.30 /e/js/zh-cn/lang.js
INFO: [ app_init ] --START--
INFO: Run Behavior\BuildLiteBehavior [ RunTime:0.000024s ]
INFO: [ app_init ] --END-- [ RunTime:0.000396s ]
ERR: 无法加载模块:E

[ 2015-10-01T01:43:49+08:00 ] 121.42.0.30 /e/master/images/login_r1_c1.jpg
INFO: [ app_init ] --START--
INFO: Run Behavior\BuildLiteBehavior [ RunTime:0.000020s ]
INFO: [ app_init ] --END-- [ RunTime:0.000328s ]
ERR: 无法加载模块:E

[ 2015-10-01T01:43:50+08:00 ] 121.42.0.30 /admin/Images/del.gif
INFO: [ app_init ] --START--
INFO: Run Behavior\BuildLiteBehavior [ RunTime:0.000016s ]
INFO: [ app_init ] --END-- [ RunTime:0.000358s ]
ERR: 无法加载模块:Admin

[ 2015-10-01T01:43:50+08:00 ] 121.42.0.30 /Admin/Include/version.xml
INFO: [ app_init ] --START--
INFO: Run Behavior\BuildLiteBehavior [ RunTime:0.000017s ]
INFO: [ app_init ] --END-- [ RunTime:0.000304s ]
ERR: 无法加载模块:Admin

[ 2015-10-01T01:43:50+08:00 ] 121.42.0.30 /KS_Inc/ajax.js
INFO: [ app_init ] --START--
INFO: Run Behavior\BuildLiteBehavior [ RunTime:0.000015s ]
INFO: [ app_init ] --END-- [ RunTime:0.000355s ]
ERR: 无法加载模块:KS_Inc

[ 2015-10-01T01:43:51+08:00 ] 121.42.0.30 /KS_Inc/common.js
INFO: [ app_init ] --START--
INFO: Run Behavior\BuildLiteBehavior [ RunTime:0.000016s ]
INFO: [ app_init ] --END-- [ RunTime:0.000305s ]
ERR: 无法加载模块:KS_Inc

[ 2015-10-01T01:43:51+08:00 ] 121.42.0.30 /template/skin6/cn/images/ico_zlxz.gif
INFO: [ app_init ] --START--
INFO: Run Behavior\BuildLiteBehavior [ RunTime:0.000016s ]
INFO: [ app_init ] --END-- [ RunTime:0.000415s ]
ERR: 无法加载模块:Template

[ 2015-10-01T01:43:51+08:00 ] 121.42.0.30 /inc/image/bj.gif
INFO: [ app_init ] --START--
INFO: Run Behavior\BuildLiteBehavior [ RunTime:0.000016s ]
INFO: [ app_init ] --END-- [ RunTime:0.000308s ]
ERR: 无法加载模块:Inc

[ 2015-10-01T01:43:52+08:00 ] 121.42.0.30 /install/style.css
INFO: [ app_init ] --START--
INFO: Run Behavior\BuildLiteBehavior [ RunTime:0.000016s ]
INFO: [ app_init ] --END-- [ RunTime:0.000302s ]
ERR: 无法加载模块:Install

[ 2015-10-01T01:43:52+08:00 ] 121.42.0.30 /admin/images/arrow_right_8x8.png
INFO: [ app_init ] --START--
INFO: Run Behavior\BuildLiteBehavior [ RunTime:0.000016s ]
INFO: [ app_init ] --END-- [ RunTime:0.000305s ]
ERR: 无法加载模块:Admin

[ 2015-10-01T01:43:52+08:00 ] 121.42.0.30 /image/admin/add.gif
INFO: [ app_init ] --START--
INFO: Run Behavior\BuildLiteBehavior [ RunTime:0.000015s ]
INFO: [ app_init ] --END-- [ RunTime:0.000365s ]
ERR: 无法加载模块:Image

[ 2015-10-01T01:43:52+08:00 ] 121.42.0.30 /image/cflag/ad.gif
INFO: [ app_init ] --START--
INFO: Run Behavior\BuildLiteBehavior [ RunTime:0.000018s ]
INFO: [ app_init ] --END-- [ RunTime:0.000311s ]
ERR: 无法加载模块:Image

[ 2015-10-01T01:43:53+08:00 ] 121.42.0.30 /Admin/images/houtaijs_16.jpg
INFO: [ app_init ] --START--
INFO: Run Behavior\BuildLiteBehavior [ RunTime:0.000015s ]
INFO: [ app_init ] --END-- [ RunTime:0.000305s ]
ERR: 无法加载模块:Admin

[ 2015-10-01T01:43:53+08:00 ] 121.42.0.30 /Templates/master/default/images/ddwc_06.gif
INFO: [ app_init ] --START--
INFO: Run Behavior\BuildLiteBehavior [ RunTime:0.000016s ]
INFO: [ app_init ] --END-- [ RunTime:0.000362s ]
ERR: 无法加载模块:Templates

[ 2015-10-01T01:43:53+08:00 ] 121.42.0.30 /Admin/images/install_logo.jpg
INFO: [ app_init ] --START--
INFO: Run Behavior\BuildLiteBehavior [ RunTime:0.000016s ]
INFO: [ app_init ] --END-- [ RunTime:0.000301s ]
ERR: 无法加载模块:Admin

[ 2015-10-01T01:43:54+08:00 ] 121.42.0.30 /system/phpqrcode/cache/frame_6.png
INFO: [ app_init ] --START--
INFO: Run Behavior\BuildLiteBehavior [ RunTime:0.000021s ]
INFO: [ app_init ] --END-- [ RunTime:0.000494s ]
ERR: 无法加载模块:System

[ 2015-10-01T01:43:54+08:00 ] 121.42.0.30 /public/attachment/201011/4cdde85a27105.gif
INFO: [ app_init ] --START--
INFO: Run Behavior\BuildLiteBehavior [ RunTime:0.000016s ]
INFO: [ app_init ] --END-- [ RunTime:0.000368s ]
ERR: 无法加载模块:Public

[ 2015-10-01T01:43:54+08:00 ] 121.42.0.30 /product/waterimage/200x200.png
INFO: [ app_init ] --START--
INFO: Run Behavior\BuildLiteBehavior [ RunTime:0.000020s ]
INFO: [ app_init ] --END-- [ RunTime:0.000318s ]
ERR: 无法加载模块:Product

[ 2015-10-01T01:43:55+08:00 ] 121.42.0.30 /install/images/header-corners.png
INFO: [ app_init ] --START--
INFO: Run Behavior\BuildLiteBehavior [ RunTime:0.000015s ]
INFO: [ app_init ] --END-- [ RunTime:0.000350s ]
ERR: 无法加载模块:Install

[ 2015-10-01T01:43:55+08:00 ] 121.42.0.30 /images/gif_47_106.gif
INFO: [ app_init ] --START--
INFO: Run Behavior\BuildLiteBehavior [ RunTime:0.000018s ]
INFO: [ app_init ] --END-- [ RunTime:0.000416s ]
ERR: 无法加载模块:Images

[ 2015-10-01T01:43:55+08:00 ] 121.42.0.30 /zb_users/plugin/UEditor/themes/default/images/highlighted.gif
INFO: [ app_init ] --START--
INFO: Run Behavior\BuildLiteBehavior [ RunTime:0.000016s ]
INFO: [ app_init ] --END-- [ RunTime:0.000354s ]
ERR: 无法加载模块:Zb_users

[ 2015-10-01T01:43:56+08:00 ] 121.42.0.30 /media/xmlconnect/system/ok.gif
INFO: [ app_init ] --START--
INFO: Run Behavior\BuildLiteBehavior [ RunTime:0.000020s ]
INFO: [ app_init ] --END-- [ RunTime:0.000321s ]
ERR: 无法加载模块:Media

[ 2015-10-01T01:43:56+08:00 ] 121.42.0.30 /LICENSE.txt
INFO: [ app_init ] --START--
INFO: Run Behavior\BuildLiteBehavior [ RunTime:0.000016s ]
INFO: [ app_init ] --END-- [ RunTime:0.000306s ]
ERR: 无法加载模块:LICENSE

[ 2015-10-01T01:43:56+08:00 ] 121.42.0.30 /skin/frontend/base/default/favicon.ico
INFO: [ app_init ] --START--
INFO: Run Behavior\BuildLiteBehavior [ RunTime:0.000015s ]
INFO: [ app_init ] --END-- [ RunTime:0.000309s ]
ERR: 无法加载模块:Skin

[ 2015-10-01T01:43:57+08:00 ] 121.42.0.30 /static/ayacms.gif
INFO: [ app_init ] --START--
INFO: Run Behavior\BuildLiteBehavior [ RunTime:0.000023s ]
INFO: [ app_init ] --END-- [ RunTime:0.000428s ]
ERR: 无法加载模块:Static

[ 2015-10-01T01:43:57+08:00 ] 121.42.0.30 /static/none.gif
INFO: [ app_init ] --START--
INFO: Run Behavior\BuildLiteBehavior [ RunTime:0.000015s ]
INFO: [ app_init ] --END-- [ RunTime:0.000349s ]
ERR: 无法加载模块:Static

[ 2015-10-01T01:43:57+08:00 ] 121.42.0.30 /bbs/css/images/announ.gif
INFO: [ app_init ] --START--
INFO: Run Behavior\BuildLiteBehavior [ RunTime:0.000019s ]
INFO: [ app_init ] --END-- [ RunTime:0.000366s ]
ERR: 无法加载模块:Bbs

[ 2015-10-01T01:43:57+08:00 ] 121.42.0.30 /bbs/css/images/avatar.gif
INFO: [ app_init ] --START--
INFO: Run Behavior\BuildLiteBehavior [ RunTime:0.000016s ]
INFO: [ app_init ] --END-- [ RunTime:0.000306s ]
ERR: 无法加载模块:Bbs

[ 2015-10-01T01:43:58+08:00 ] 121.42.0.30 /celive/admin/live/loading.gif
INFO: [ app_init ] --START--
INFO: Run Behavior\BuildLiteBehavior [ RunTime:0.000016s ]
INFO: [ app_init ] --END-- [ RunTime:0.000361s ]
ERR: 无法加载模块:Celive

[ 2015-10-01T01:44:00+08:00 ] 121.42.0.30 /celive/templates/default/images/admin/yes.gif
INFO: [ app_init ] --START--
INFO: Run Behavior\BuildLiteBehavior [ RunTime:0.000021s ]
INFO: [ app_init ] --END-- [ RunTime:0.000320s ]
ERR: 无法加载模块:Celive

[ 2015-10-01T01:44:01+08:00 ] 121.42.0.30 /zb_users/PLUGIN/Gravatar/Logo.png
INFO: [ app_init ] --START--
INFO: Run Behavior\BuildLiteBehavior [ RunTime:0.000016s ]
INFO: [ app_init ] --END-- [ RunTime:0.000301s ]
ERR: 无法加载模块:Zb_users

[ 2015-10-01T01:44:01+08:00 ] 121.42.0.30 /images/qq/qqkf2/Kf_bg03_03.gif
INFO: [ app_init ] --START--
INFO: Run Behavior\BuildLiteBehavior [ RunTime:0.000016s ]
INFO: [ app_init ] --END-- [ RunTime:0.000408s ]
ERR: 无法加载模块:Images

[ 2015-10-01T01:44:01+08:00 ] 121.42.0.30 /js/close.gif
INFO: [ app_init ] --START--
INFO: Run Behavior\BuildLiteBehavior [ RunTime:0.000015s ]
INFO: [ app_init ] --END-- [ RunTime:0.000301s ]
ERR: 无法加载模块:Js

[ 2015-10-01T01:44:02+08:00 ] 121.42.0.30 /dayrui/statics/default/images/sd02.png
INFO: [ app_init ] --START--
INFO: Run Behavior\BuildLiteBehavior [ RunTime:0.000019s ]
INFO: [ app_init ] --END-- [ RunTime:0.000316s ]
ERR: 无法加载模块:Dayrui

[ 2015-10-01T01:44:02+08:00 ] 121.42.0.30 /dayrui/statics/default/images/shop/login.gif
INFO: [ app_init ] --START--
INFO: Run Behavior\BuildLiteBehavior [ RunTime:0.000016s ]
INFO: [ app_init ] --END-- [ RunTime:0.000426s ]
ERR: 无法加载模块:Dayrui

[ 2015-10-01T01:44:02+08:00 ] 121.42.0.30 /dayrui/statics/default/images/touming.png
INFO: [ app_init ] --START--
INFO: Run Behavior\BuildLiteBehavior [ RunTime:0.000017s ]
INFO: [ app_init ] --END-- [ RunTime:0.000397s ]
ERR: 无法加载模块:Dayrui

[ 2015-10-01T01:44:02+08:00 ] 121.42.0.30 /extensions/calendar/img/nav-left.gif
INFO: [ app_init ] --START--
INFO: Run Behavior\BuildLiteBehavior [ RunTime:0.000018s ]
INFO: [ app_init ] --END-- [ RunTime:0.000346s ]
ERR: 无法加载模块:Extensions

[ 2015-10-01T01:44:03+08:00 ] 121.42.0.30 /extensions/kindeditor/plugins/emoticons/images/118.gif
INFO: [ app_init ] --START--
INFO: Run Behavior\BuildLiteBehavior [ RunTime:0.000015s ]
INFO: [ app_init ] --END-- [ RunTime:0.000300s ]
ERR: 无法加载模块:Extensions

[ 2015-10-01T01:44:03+08:00 ] 121.42.0.30 /style/default/hdwiki.css
INFO: [ app_init ] --START--
INFO: Run Behavior\BuildLiteBehavior [ RunTime:0.000016s ]
INFO: [ app_init ] --END-- [ RunTime:0.000358s ]
ERR: 无法加载模块:Style

[ 2015-10-01T01:44:03+08:00 ] 121.42.0.30 /style/default/fujian_top_bg.jpg
INFO: [ app_init ] --START--
INFO: Run Behavior\BuildLiteBehavior [ RunTime:0.000015s ]
INFO: [ app_init ] --END-- [ RunTime:0.000347s ]
ERR: 无法加载模块:Style

[ 2015-10-01T01:44:04+08:00 ] 121.42.0.30 /style/default/index_login_bg.jpg
INFO: [ app_init ] --START--
INFO: Run Behavior\BuildLiteBehavior [ RunTime:0.000015s ]
INFO: [ app_init ] --END-- [ RunTime:0.000307s ]
ERR: 无法加载模块:Style

[ 2015-10-01T01:44:04+08:00 ] 121.42.0.30 /style/default/style/bg_title.jpg
INFO: [ app_init ] --START--
INFO: Run Behavior\BuildLiteBehavior [ RunTime:0.000017s ]
INFO: [ app_init ] --END-- [ RunTime:0.000332s ]
ERR: 无法加载模块:Style

[ 2015-10-01T01:44:04+08:00 ] 121.42.0.30 /style/default/login_bg.jpg
INFO: [ app_init ] --START--
INFO: Run Behavior\BuildLiteBehavior [ RunTime:0.000016s ]
INFO: [ app_init ] --END-- [ RunTime:0.000364s ]
ERR: 无法加载模块:Style

[ 2015-10-01T01:44:05+08:00 ] 121.42.0.30 /CN/nite/images/title.gif
INFO: [ app_init ] --START--
INFO: Run Behavior\BuildLiteBehavior [ RunTime:0.000016s ]
INFO: [ app_init ] --END-- [ RunTime:0.000358s ]
ERR: 无法加载模块:CN

[ 2015-10-01T01:44:05+08:00 ] 121.42.0.30 /Images/dialog_closebtn_over.gif
INFO: [ app_init ] --START--
INFO: Run Behavior\BuildLiteBehavior [ RunTime:0.000016s ]
INFO: [ app_init ] --END-- [ RunTime:0.000303s ]
ERR: 无法加载模块:Images

[ 2015-10-01T01:44:05+08:00 ] 121.42.0.30 /App_Themes/AdminDefaultTheme/DateTheme/bgteuw.jpg
INFO: [ app_init ] --START--
INFO: Run Behavior\BuildLiteBehavior [ RunTime:0.000015s ]
INFO: [ app_init ] --END-- [ RunTime:0.000315s ]
ERR: 无法加载模块:App_Themes

[ 2015-10-01T01:44:06+08:00 ] 121.42.0.30 /Images/Microblog/dialog_rt.gif
INFO: [ app_init ] --START--
INFO: Run Behavior\BuildLiteBehavior [ RunTime:0.000016s ]
INFO: [ app_init ] --END-- [ RunTime:0.000367s ]
ERR: 无法加载模块:Images

[ 2015-10-01T01:44:06+08:00 ] 121.42.0.30 /admin/Images/Login_tit.gif
INFO: [ app_init ] --START--
INFO: Run Behavior\BuildLiteBehavior [ RunTime:0.000015s ]
INFO: [ app_init ] --END-- [ RunTime:0.000352s ]
ERR: 无法加载模块:Admin

[ 2015-10-01T01:44:06+08:00 ] 121.42.0.30 /admin/Images/Sort_Folder_Close.gif
INFO: [ app_init ] --START--
INFO: Run Behavior\BuildLiteBehavior [ RunTime:0.000016s ]
INFO: [ app_init ] --END-- [ RunTime:0.000376s ]
ERR: 无法加载模块:Admin

[ 2015-10-01T01:44:06+08:00 ] 121.42.0.30 /admin/Limages/left-corners.png
INFO: [ app_init ] --START--
INFO: Run Behavior\BuildLiteBehavior [ RunTime:0.000015s ]
INFO: [ app_init ] --END-- [ RunTime:0.000351s ]
ERR: 无法加载模块:Admin

[ 2015-10-01T01:44:07+08:00 ] 121.42.0.30 /admin/images/li_4.gif
INFO: [ app_init ] --START--
INFO: Run Behavior\BuildLiteBehavior [ RunTime:0.000015s ]
INFO: [ app_init ] --END-- [ RunTime:0.000301s ]
ERR: 无法加载模块:Admin

[ 2015-10-01T01:44:07+08:00 ] 121.42.0.30 /images/default/listico.gif
INFO: [ app_init ] --START--
INFO: Run Behavior\BuildLiteBehavior [ RunTime:0.000015s ]
INFO: [ app_init ] --END-- [ RunTime:0.000308s ]
ERR: 无法加载模块:Images

[ 2015-10-01T01:44:07+08:00 ] 121.42.0.30 /images/default/images/button_plain_hover.png
INFO: [ app_init ] --START--
INFO: Run Behavior\BuildLiteBehavior [ RunTime:0.000015s ]
INFO: [ app_init ] --END-- [ RunTime:0.000346s ]
ERR: 无法加载模块:Images

[ 2015-10-01T01:44:08+08:00 ] 121.42.0.30 /admin/tpl/images/welcome_h1.gif
INFO: [ app_init ] --START--
INFO: Run Behavior\BuildLiteBehavior [ RunTime:0.000016s ]
INFO: [ app_init ] --END-- [ RunTime:0.000302s ]
ERR: 无法加载模块:Admin

[ 2015-10-01T01:44:08+08:00 ] 121.42.0.30 /admin/images/bg-pay-return-success.gif
INFO: [ app_init ] --START--
INFO: Run Behavior\BuildLiteBehavior [ RunTime:0.000016s ]
INFO: [ app_init ] --END-- [ RunTime:0.000365s ]
ERR: 无法加载模块:Admin

[ 2015-10-01T01:44:08+08:00 ] 121.42.0.30 /template/default/images/ad_scroll_forward.png
INFO: [ app_init ] --START--
INFO: Run Behavior\BuildLiteBehavior [ RunTime:0.000016s ]
INFO: [ app_init ] --END-- [ RunTime:0.000332s ]
ERR: 无法加载模块:Template

[ 2015-10-01T01:44:09+08:00 ] 121.42.0.30 /adfile/ad9.js
INFO: [ app_init ] --START--
INFO: Run Behavior\BuildLiteBehavior [ RunTime:0.000016s ]
INFO: [ app_init ] --END-- [ RunTime:0.000362s ]
ERR: 无法加载模块:Adfile

[ 2015-10-01T01:44:11+08:00 ] 121.42.0.30 /robots.txt
INFO: [ app_init ] --START--
INFO: Run Behavior\BuildLiteBehavior [ RunTime:0.000015s ]
INFO: [ app_init ] --END-- [ RunTime:0.000299s ]
ERR: 无法加载模块:Robots

[ 2015-10-01T01:44:11+08:00 ] 121.42.0.30 /images/common/online_member.gif
INFO: [ app_init ] --START--
INFO: Run Behavior\BuildLiteBehavior [ RunTime:0.000015s ]
INFO: [ app_init ] --END-- [ RunTime:0.000356s ]
ERR: 无法加载模块:Images

[ 2015-10-01T01:44:12+08:00 ] 121.42.0.30 /images/default/reply.gif
INFO: [ app_init ] --START--
INFO: Run Behavior\BuildLiteBehavior [ RunTime:0.000016s ]
INFO: [ app_init ] --END-- [ RunTime:0.000304s ]
ERR: 无法加载模块:Images

[ 2015-10-01T01:44:12+08:00 ] 121.42.0.30 /static/image/admincp/ajax_loader.gif
INFO: [ app_init ] --START--
INFO: Run Behavior\BuildLiteBehavior [ RunTime:0.000018s ]
INFO: [ app_init ] --END-- [ RunTime:0.000309s ]
ERR: 无法加载模块:Static

[ 2015-10-01T01:44:12+08:00 ] 121.42.0.30 /templates/uchome/images/title.gif
INFO: [ app_init ] --START--
INFO: Run Behavior\BuildLiteBehavior [ RunTime:0.000016s ]
INFO: [ app_init ] --END-- [ RunTime:0.000353s ]
ERR: 无法加载模块:Templates

[ 2015-10-01T01:44:13+08:00 ] 121.42.0.30 /adminsoft/templates/images/login_line.png
INFO: [ app_init ] --START--
INFO: Run Behavior\BuildLiteBehavior [ RunTime:0.000017s ]
INFO: [ app_init ] --END-- [ RunTime:0.000326s ]
ERR: 无法加载模块:Adminsoft

[ 2015-10-01T01:44:13+08:00 ] 121.42.0.30 /adminsoft/templates/images/login_title.png
INFO: [ app_init ] --START--
INFO: Run Behavior\BuildLiteBehavior [ RunTime:0.000015s ]
INFO: [ app_init ] --END-- [ RunTime:0.000301s ]
ERR: 无法加载模块:Adminsoft

[ 2015-10-01T01:44:13+08:00 ] 121.42.0.30 /public/plug/im/im_bg.png
INFO: [ app_init ] --START--
INFO: Run Behavior\BuildLiteBehavior [ RunTime:0.000016s ]
INFO: [ app_init ] --END-- [ RunTime:0.000314s ]
ERR: 无法加载模块:Public

[ 2015-10-01T01:44:14+08:00 ] 121.42.0.30 /images/admin/logo.gif
INFO: [ app_init ] --START--
INFO: Run Behavior\BuildLiteBehavior [ RunTime:0.000015s ]
INFO: [ app_init ] --END-- [ RunTime:0.000352s ]
ERR: 无法加载模块:Images

[ 2015-10-01T01:44:14+08:00 ] 121.42.0.30 /images/admin/sprites.png
INFO: [ app_init ] --START--
INFO: Run Behavior\BuildLiteBehavior [ RunTime:0.000015s ]
INFO: [ app_init ] --END-- [ RunTime:0.000326s ]
ERR: 无法加载模块:Images

[ 2015-10-01T01:44:14+08:00 ] 121.42.0.30 /ACT_inc/ItemBg.gif
INFO: [ app_init ] --START--
INFO: Run Behavior\BuildLiteBehavior [ RunTime:0.000015s ]
INFO: [ app_init ] --END-- [ RunTime:0.000353s ]
ERR: 无法加载模块:ACT_inc

[ 2015-10-01T01:44:15+08:00 ] 121.42.0.30 /ACT_inc/share/minusbottom.gif
INFO: [ app_init ] --START--
INFO: Run Behavior\BuildLiteBehavior [ RunTime:0.000017s ]
INFO: [ app_init ] --END-- [ RunTime:0.000349s ]
ERR: 无法加载模块:ACT_inc

[ 2015-10-01T01:44:15+08:00 ] 121.42.0.30 /Admin/Images/bg_admin.jpg
INFO: [ app_init ] --START--
INFO: Run Behavior\BuildLiteBehavior [ RunTime:0.000016s ]
INFO: [ app_init ] --END-- [ RunTime:0.000353s ]
ERR: 无法加载模块:Admin

[ 2015-10-01T01:44:15+08:00 ] 121.42.0.30 /images/act_1.gif
INFO: [ app_init ] --START--
INFO: Run Behavior\BuildLiteBehavior [ RunTime:0.000016s ]
INFO: [ app_init ] --END-- [ RunTime:0.000356s ]
ERR: 无法加载模块:Images

[ 2015-10-01T01:44:15+08:00 ] 121.42.0.30 /images/reg.gif
INFO: [ app_init ] --START--
INFO: Run Behavior\BuildLiteBehavior [ RunTime:0.000015s ]
INFO: [ app_init ] --END-- [ RunTime:0.000393s ]
ERR: 无法加载模块:Images

[ 2015-10-01T01:46:51+08:00 ] 91.196.50.33 http://testp4.pospr.waw.pl/testproxy.php
INFO: [ app_init ] --START--
INFO: Run Behavior\BuildLiteBehavior [ RunTime:0.000016s ]
INFO: [ app_init ] --END-- [ RunTime:0.000378s ]
ERR: 无法加载模块:Testproxy

[ 2015-10-01T02:01:32+08:00 ] 23.110.80.42 http://www.sogou.com/index.html
INFO: [ app_init ] --START--
INFO: Run Behavior\BuildLiteBehavior [ RunTime:0.000016s ]
INFO: [ app_init ] --END-- [ RunTime:0.000308s ]
ERR: 无法加载模块:Index

[ 2015-10-01T02:30:59+08:00 ] 207.46.13.85 /robots.txt
INFO: [ app_init ] --START--
INFO: Run Behavior\BuildLiteBehavior [ RunTime:0.000015s ]
INFO: [ app_init ] --END-- [ RunTime:0.000329s ]
ERR: 无法加载模块:Robots

[ 2015-10-01T04:57:32+08:00 ] 157.55.39.222 /goods.php
INFO: [ app_init ] --START--
INFO: Run Behavior\BuildLiteBehavior [ RunTime:0.000016s ]
INFO: [ app_init ] --END-- [ RunTime:0.000308s ]
ERR: 无法加载模块:Goods

[ 2015-10-01T07:26:59+08:00 ] 207.46.13.140 /category.php?id=32
INFO: [ app_init ] --START--
INFO: Run Behavior\BuildLiteBehavior [ RunTime:0.000016s ]
INFO: [ app_init ] --END-- [ RunTime:0.000309s ]
ERR: 无法加载模块:Category

[ 2015-10-01T07:26:59+08:00 ] 207.46.13.140 /category.php?id=32&brand=2
INFO: [ app_init ] --START--
INFO: Run Behavior\BuildLiteBehavior [ RunTime:0.000016s ]
INFO: [ app_init ] --END-- [ RunTime:0.000348s ]
ERR: 无法加载模块:Category

[ 2015-10-01T07:27:07+08:00 ] 207.46.13.113 /category.php?id=29
INFO: [ app_init ] --START--
INFO: Run Behavior\BuildLiteBehavior [ RunTime:0.000016s ]
INFO: [ app_init ] --END-- [ RunTime:0.000363s ]
ERR: 无法加载模块:Category

[ 2015-10-01T08:35:01+08:00 ] 104.245.97.236 /plugins/system/plugin_googlemap2/plugin_googlemap2_proxy.php?url=
INFO: [ app_init ] --START--
INFO: Run Behavior\BuildLiteBehavior [ RunTime:0.000015s ]
INFO: [ app_init ] --END-- [ RunTime:0.000305s ]
ERR: 无法加载模块:Plugins

[ 2015-10-01T09:04:47+08:00 ] 207.46.13.85 /robots.txt
INFO: [ app_init ] --START--
INFO: Run Behavior\BuildLiteBehavior [ RunTime:0.000022s ]
INFO: [ app_init ] --END-- [ RunTime:0.000386s ]
ERR: 无法加载模块:Robots

[ 2015-10-01T09:57:36+08:00 ] 185.25.151.159 http://testp1.piwo.pila.pl/testproxy.php
INFO: [ app_init ] --START--
INFO: Run Behavior\BuildLiteBehavior [ RunTime:0.000017s ]
INFO: [ app_init ] --END-- [ RunTime:0.000424s ]
ERR: 无法加载模块:Testproxy

[ 2015-10-01T10:42:36+08:00 ] 66.249.64.91 /robots.txt
INFO: [ app_init ] --START--
INFO: Run Behavior\BuildLiteBehavior [ RunTime:0.000016s ]
INFO: [ app_init ] --END-- [ RunTime:0.000302s ]
ERR: 无法加载模块:Robots

[ 2015-10-01T11:58:15+08:00 ] 62.210.90.118 /robots.txt
INFO: [ app_init ] --START--
INFO: Run Behavior\BuildLiteBehavior [ RunTime:0.000014s ]
INFO: [ app_init ] --END-- [ RunTime:0.000353s ]
ERR: 无法加载模块:Robots

[ 2015-10-01T12:08:19+08:00 ] 43.248.10.121 /xgjdvy.txt
INFO: [ app_init ] --START--
INFO: Run Behavior\BuildLiteBehavior [ RunTime:0.000017s ]
INFO: [ app_init ] --END-- [ RunTime:0.000361s ]
ERR: 无法加载模块:Xgjdvy

[ 2015-10-01T12:31:29+08:00 ] 66.249.64.37 /robots.txt
INFO: [ app_init ] --START--
INFO: Run Behavior\BuildLiteBehavior [ RunTime:0.000021s ]
INFO: [ app_init ] --END-- [ RunTime:0.000314s ]
ERR: 无法加载模块:Robots

[ 2015-10-01T12:33:39+08:00 ] 66.249.64.134 /robots.txt
INFO: [ app_init ] --START--
INFO: Run Behavior\BuildLiteBehavior [ RunTime:0.000025s ]
INFO: [ app_init ] --END-- [ RunTime:0.000617s ]
ERR: 无法加载模块:Robots

[ 2015-10-01T13:06:52+08:00 ] 23.110.80.42 http://www.sogou.com/index.html
INFO: [ app_init ] --START--
INFO: Run Behavior\BuildLiteBehavior [ RunTime:0.000024s ]
INFO: [ app_init ] --END-- [ RunTime:0.000410s ]
ERR: 无法加载模块:Index

[ 2015-10-01T13:25:58+08:00 ] 66.249.64.186 /robots.txt
INFO: [ app_init ] --START--
INFO: Run Behavior\BuildLiteBehavior [ RunTime:0.000016s ]
INFO: [ app_init ] --END-- [ RunTime:0.000355s ]
ERR: 无法加载模块:Robots

[ 2015-10-01T16:08:01+08:00 ] 61.160.213.110 http://zc.qq.com/chs/index.html?type=1
INFO: [ app_init ] --START--
INFO: Run Behavior\BuildLiteBehavior [ RunTime:0.000015s ]
INFO: [ app_init ] --END-- [ RunTime:0.000301s ]
ERR: 无法加载模块:Chs

[ 2015-10-01T17:27:23+08:00 ] 23.110.80.42 http://www.sogou.com/index.html
INFO: [ app_init ] --START--
INFO: Run Behavior\BuildLiteBehavior [ RunTime:0.000020s ]
INFO: [ app_init ] --END-- [ RunTime:0.000325s ]
ERR: 无法加载模块:Index

[ 2015-10-01T18:56:34+08:00 ] 66.249.64.91 /apple-app-site-association
INFO: [ app_init ] --START--
INFO: Run Behavior\BuildLiteBehavior [ RunTime:0.000015s ]
INFO: [ app_init ] --END-- [ RunTime:0.000300s ]
ERR: 无法加载模块:Apple-app-site-association

[ 2015-10-01T18:56:35+08:00 ] 66.249.64.37 /robots.txt
INFO: [ app_init ] --START--
INFO: Run Behavior\BuildLiteBehavior [ RunTime:0.000016s ]
INFO: [ app_init ] --END-- [ RunTime:0.000340s ]
ERR: 无法加载模块:Robots

[ 2015-10-01T18:56:35+08:00 ] 66.249.64.37 /apple-app-site-association
INFO: [ app_init ] --START--
INFO: Run Behavior\BuildLiteBehavior [ RunTime:0.000024s ]
INFO: [ app_init ] --END-- [ RunTime:0.000496s ]
ERR: 无法加载模块:Apple-app-site-association

[ 2015-10-01T20:28:44+08:00 ] 69.30.250.178 /robots.txt
INFO: [ app_init ] --START--
INFO: Run Behavior\BuildLiteBehavior [ RunTime:0.000015s ]
INFO: [ app_init ] --END-- [ RunTime:0.000297s ]
ERR: 无法加载模块:Robots

[ 2015-10-01T20:28:45+08:00 ] 69.30.250.178 /%20urlVals
INFO: [ app_init ] --START--
INFO: Run Behavior\BuildLiteBehavior [ RunTime:0.000015s ]
INFO: [ app_init ] --END-- [ RunTime:0.000301s ]
ERR: 无法加载模块: urlVals

[ 2015-10-01T22:01:57+08:00 ] 223.96.144.197 /favicon.ico
INFO: [ app_init ] --START--
INFO: Run Behavior\BuildLiteBehavior [ RunTime:0.000015s ]
INFO: [ app_init ] --END-- [ RunTime:0.000303s ]
ERR: 无法加载模块:Favicon

