[ 2015-11-07T00:04:56+08:00 ] 62.210.88.201 http://51.254.206.142/httptest.php
INFO: [ app_init ] --START--
INFO: Run Behavior\BuildLiteBehavior [ RunTime:0.000017s ]
INFO: [ app_init ] --END-- [ RunTime:0.000377s ]
ERR: 无法加载模块:Httptest

[ 2015-11-07T00:05:47+08:00 ] 62.210.88.201 http://www.google.pl/search?q=wakacje&num=100&start=100
INFO: [ app_init ] --START--
INFO: Run Behavior\BuildLiteBehavior [ RunTime:0.000021s ]
INFO: [ app_init ] --END-- [ RunTime:0.000388s ]
ERR: 无法加载模块:Search

[ 2015-11-07T01:29:24+08:00 ] 91.121.112.142 /robots.txt
INFO: [ app_init ] --START--
INFO: Run Behavior\BuildLiteBehavior [ RunTime:0.000016s ]
INFO: [ app_init ] --END-- [ RunTime:0.000308s ]
ERR: 无法加载模块:Robots

[ 2015-11-07T02:10:18+08:00 ] 120.26.220.39 /web-console/ServerInfo.jsp
INFO: [ app_init ] --START--
INFO: Run Behavior\BuildLiteBehavior [ RunTime:0.000016s ]
INFO: [ app_init ] --END-- [ RunTime:0.000375s ]
ERR: 无法加载模块:Web-console

[ 2015-11-07T02:10:18+08:00 ] 120.26.220.39 /jmx-console/HtmlAdaptor?action=inspectMBean&name=jboss.system:type=ServerInfo
INFO: [ app_init ] --START--
INFO: Run Behavior\BuildLiteBehavior [ RunTime:0.000017s ]
INFO: [ app_init ] --END-- [ RunTime:0.000370s ]
ERR: 无法加载模块:Jmx-console

[ 2015-11-07T02:10:20+08:00 ] 120.26.220.39 /invoker/JMXInvokerServlet
INFO: [ app_init ] --START--
INFO: Run Behavior\BuildLiteBehavior [ RunTime:0.000015s ]
INFO: [ app_init ] --END-- [ RunTime:0.000299s ]
ERR: 无法加载模块:Invoker

[ 2015-11-07T02:44:37+08:00 ] 198.100.144.83 /robots.txt
INFO: [ app_init ] --START--
INFO: Run Behavior\BuildLiteBehavior [ RunTime:0.000017s ]
INFO: [ app_init ] --END-- [ RunTime:0.000318s ]
ERR: 无法加载模块:Robots

[ 2015-11-07T03:42:48+08:00 ] 5.9.111.70 /robots.txt
INFO: [ app_init ] --START--
INFO: Run Behavior\BuildLiteBehavior [ RunTime:0.000016s ]
INFO: [ app_init ] --END-- [ RunTime:0.000373s ]
ERR: 无法加载模块:Robots

[ 2015-11-07T03:57:52+08:00 ] 120.24.65.45 http://proxy.gouwudating.cn/api/proxy/type_check
INFO: [ app_init ] --START--
INFO: Run Behavior\BuildLiteBehavior [ RunTime:0.000017s ]
INFO: [ app_init ] --END-- [ RunTime:0.000400s ]
ERR: 无法加载模块:Api

[ 2015-11-07T04:53:44+08:00 ] 123.126.113.127 /fuzhuangdapei/660.html
INFO: [ app_init ] --START--
INFO: Run Behavior\BuildLiteBehavior [ RunTime:0.000019s ]
INFO: [ app_init ] --END-- [ RunTime:0.000351s ]
ERR: 无法加载模块:Fuzhuangdapei

[ 2015-11-07T04:54:07+08:00 ] 123.126.113.127 /wxws/20/index.html
INFO: [ app_init ] --START--
INFO: Run Behavior\BuildLiteBehavior [ RunTime:0.000016s ]
INFO: [ app_init ] --END-- [ RunTime:0.000307s ]
ERR: 无法加载模块:Wxws

[ 2015-11-07T04:54:19+08:00 ] 123.126.113.127 /wxws/35/index.html
INFO: [ app_init ] --START--
INFO: Run Behavior\BuildLiteBehavior [ RunTime:0.000016s ]
INFO: [ app_init ] --END-- [ RunTime:0.000356s ]
ERR: 无法加载模块:Wxws

[ 2015-11-07T04:54:31+08:00 ] 123.126.113.127 /dtts/119/index.html
INFO: [ app_init ] --START--
INFO: Run Behavior\BuildLiteBehavior [ RunTime:0.000020s ]
INFO: [ app_init ] --END-- [ RunTime:0.000377s ]
ERR: 无法加载模块:Dtts

[ 2015-11-07T04:54:43+08:00 ] 123.126.113.127 /gxtt/186/index.html
INFO: [ app_init ] --START--
INFO: Run Behavior\BuildLiteBehavior [ RunTime:0.000016s ]
INFO: [ app_init ] --END-- [ RunTime:0.000305s ]
ERR: 无法加载模块:Gxtt

[ 2015-11-07T05:09:47+08:00 ] 185.25.151.159 http://testp2.czar.bielawa.pl/testproxy.php
INFO: [ app_init ] --START--
INFO: Run Behavior\BuildLiteBehavior [ RunTime:0.000017s ]
INFO: [ app_init ] --END-- [ RunTime:0.000326s ]
ERR: 无法加载模块:Testproxy

[ 2015-11-07T06:50:22+08:00 ] 220.181.108.117 /shss/528/2DC219E64DDD5ECB311253524860230384_2.jpg
INFO: [ app_init ] --START--
INFO: Run Behavior\BuildLiteBehavior [ RunTime:0.000020s ]
INFO: [ app_init ] --END-- [ RunTime:0.000413s ]
ERR: 无法加载模块:Shss

[ 2015-11-07T07:51:15+08:00 ] 198.27.65.39 /robots.txt
INFO: [ app_init ] --START--
INFO: Run Behavior\BuildLiteBehavior [ RunTime:0.000015s ]
INFO: [ app_init ] --END-- [ RunTime:0.000360s ]
ERR: 无法加载模块:Robots

[ 2015-11-07T07:57:41+08:00 ] 183.79.223.103 /robots.txt
INFO: [ app_init ] --START--
INFO: Run Behavior\BuildLiteBehavior [ RunTime:0.000015s ]
INFO: [ app_init ] --END-- [ RunTime:0.000354s ]
ERR: 无法加载模块:Robots

[ 2015-11-07T08:03:42+08:00 ] 140.207.54.78 /api.php/api/afeyqt1414382659?signature=c9a9e6cd03e3bcf48695d7726787ec4856d08a59&timestamp=1446854702&nonce=1859854827
INFO: [ app_init ] --START--
INFO: Run Behavior\BuildLiteBehavior [ RunTime:0.000021s ]
INFO: [ app_init ] --END-- [ RunTime:0.000339s ]
ERR: 无法加载模块:Api.php

[ 2015-11-07T08:03:45+08:00 ] 140.207.54.78 /api.php/api/afeyqt1414382659?signature=924e20fe92d13affa6dd2b548bfb05483a4d0d9f&timestamp=1446854704&nonce=128605382
INFO: [ app_init ] --START--
INFO: Run Behavior\BuildLiteBehavior [ RunTime:0.000017s ]
INFO: [ app_init ] --END-- [ RunTime:0.000308s ]
ERR: 无法加载模块:Api.php

[ 2015-11-07T08:03:50+08:00 ] 140.207.54.77 /api.php/api/afeyqt1414382659?signature=f7d9e5330971f5d4c3bb3ec5feba19f1c296f19e&timestamp=1446854710&nonce=855196292
INFO: [ app_init ] --START--
INFO: Run Behavior\BuildLiteBehavior [ RunTime:0.000016s ]
INFO: [ app_init ] --END-- [ RunTime:0.000307s ]
ERR: 无法加载模块:Api.php

[ 2015-11-07T08:53:06+08:00 ] 42.156.139.46 /gxtt/36/991030A7C0EF729BF1124377260649533_2.jpg
INFO: [ app_init ] --START--
INFO: Run Behavior\BuildLiteBehavior [ RunTime:0.000016s ]
INFO: [ app_init ] --END-- [ RunTime:0.000354s ]
ERR: 无法加载模块:Gxtt

[ 2015-11-07T09:30:01+08:00 ] 123.125.71.15 /shss/308/D758D21DEBBCB43E7D124888329187295_1.jpg
INFO: [ app_init ] --START--
INFO: Run Behavior\BuildLiteBehavior [ RunTime:0.000017s ]
INFO: [ app_init ] --END-- [ RunTime:0.000332s ]
ERR: 无法加载模块:Shss

[ 2015-11-07T10:09:37+08:00 ] 42.121.237.23 http://proxy.gouwudating.cn/api/proxy/type_check
INFO: [ app_init ] --START--
INFO: Run Behavior\BuildLiteBehavior [ RunTime:0.000017s ]
INFO: [ app_init ] --END-- [ RunTime:0.000311s ]
ERR: 无法加载模块:Api

[ 2015-11-07T10:31:22+08:00 ] 207.46.13.183 /exchange.php
INFO: [ app_init ] --START--
INFO: Run Behavior\BuildLiteBehavior [ RunTime:0.000016s ]
INFO: [ app_init ] --END-- [ RunTime:0.000308s ]
ERR: 无法加载模块:Exchange

[ 2015-11-07T10:50:22+08:00 ] 207.46.13.183 /goods.php
INFO: [ app_init ] --START--
INFO: Run Behavior\BuildLiteBehavior [ RunTime:0.000017s ]
INFO: [ app_init ] --END-- [ RunTime:0.000332s ]
ERR: 无法加载模块:Goods

[ 2015-11-07T11:48:53+08:00 ] 185.49.14.190 http://testp2.czar.bielawa.pl/testproxy.php
INFO: [ app_init ] --START--
INFO: Run Behavior\BuildLiteBehavior [ RunTime:0.000016s ]
INFO: [ app_init ] --END-- [ RunTime:0.000317s ]
ERR: 无法加载模块:Testproxy

[ 2015-11-07T13:50:39+08:00 ] 185.25.151.159 http://testp4.pospr.waw.pl/testproxy.php
INFO: [ app_init ] --START--
INFO: Run Behavior\BuildLiteBehavior [ RunTime:0.000015s ]
INFO: [ app_init ] --END-- [ RunTime:0.000306s ]
ERR: 无法加载模块:Testproxy

[ 2015-11-07T15:02:26+08:00 ] 220.181.108.106 /fuzhuangdapei/1204.html
INFO: [ app_init ] --START--
INFO: Run Behavior\BuildLiteBehavior [ RunTime:0.000016s ]
INFO: [ app_init ] --END-- [ RunTime:0.000373s ]
ERR: 无法加载模块:Fuzhuangdapei

[ 2015-11-07T15:21:26+08:00 ] 23.110.80.42 http://www.sogou.com/index.html
INFO: [ app_init ] --START--
INFO: Run Behavior\BuildLiteBehavior [ RunTime:0.000063s ]
INFO: [ app_init ] --END-- [ RunTime:0.000363s ]
ERR: 无法加载模块:Index

[ 2015-11-07T15:33:28+08:00 ] 220.181.108.151 /shss/400/24F3B5ABA60D4C04F81251350948154380_3.jpg
INFO: [ app_init ] --START--
INFO: Run Behavior\BuildLiteBehavior [ RunTime:0.000016s ]
INFO: [ app_init ] --END-- [ RunTime:0.000316s ]
ERR: 无法加载模块:Shss

[ 2015-11-07T16:22:41+08:00 ] 42.121.237.23 http://proxy.gouwudating.cn/api/proxy/type_check
INFO: [ app_init ] --START--
INFO: Run Behavior\BuildLiteBehavior [ RunTime:0.000015s ]
INFO: [ app_init ] --END-- [ RunTime:0.000312s ]
ERR: 无法加载模块:Api

[ 2015-11-07T17:49:39+08:00 ] 42.156.136.80 /gxtt/36/991030A7C0EF729BF1124377260649533_2.jpg
INFO: [ app_init ] --START--
INFO: Run Behavior\BuildLiteBehavior [ RunTime:0.000017s ]
INFO: [ app_init ] --END-- [ RunTime:0.000322s ]
ERR: 无法加载模块:Gxtt

[ 2015-11-07T18:25:32+08:00 ] 204.12.241.170 /robots.txt
INFO: [ app_init ] --START--
INFO: Run Behavior\BuildLiteBehavior [ RunTime:0.000016s ]
INFO: [ app_init ] --END-- [ RunTime:0.000313s ]
ERR: 无法加载模块:Robots

[ 2015-11-07T19:17:08+08:00 ] 123.125.71.30 /robots.txt
INFO: [ app_init ] --START--
INFO: Run Behavior\BuildLiteBehavior [ RunTime:0.000016s ]
INFO: [ app_init ] --END-- [ RunTime:0.000308s ]
ERR: 无法加载模块:Robots

[ 2015-11-07T20:57:43+08:00 ] 207.46.13.150 /gxtt/37/index.html
INFO: [ app_init ] --START--
INFO: Run Behavior\BuildLiteBehavior [ RunTime:0.000066s ]
INFO: [ app_init ] --END-- [ RunTime:0.000359s ]
ERR: 无法加载模块:Gxtt

[ 2015-11-07T21:06:23+08:00 ] 120.24.65.45 http://proxy.gouwudating.cn/api/proxy/type_check
INFO: [ app_init ] --START--
INFO: Run Behavior\BuildLiteBehavior [ RunTime:0.000016s ]
INFO: [ app_init ] --END-- [ RunTime:0.000340s ]
ERR: 无法加载模块:Api

[ 2015-11-07T21:30:32+08:00 ] 203.208.60.189 /about
INFO: [ app_init ] --START--
INFO: Run Behavior\BuildLiteBehavior [ RunTime:0.000016s ]
INFO: [ app_init ] --END-- [ RunTime:0.000407s ]
ERR: 无法加载模块:About

[ 2015-11-07T21:33:34+08:00 ] 185.49.14.190 http://testp5.mielno.lubin.pl/testproxy.php
INFO: [ app_init ] --START--
INFO: Run Behavior\BuildLiteBehavior [ RunTime:0.000016s ]
INFO: [ app_init ] --END-- [ RunTime:0.000324s ]
ERR: 无法加载模块:Testproxy

[ 2015-11-07T23:27:41+08:00 ] 157.55.39.122 /category.php
INFO: [ app_init ] --START--
INFO: Run Behavior\BuildLiteBehavior [ RunTime:0.000016s ]
INFO: [ app_init ] --END-- [ RunTime:0.000364s ]
ERR: 无法加载模块:Category

