[ 2015-10-25T01:11:29+08:00 ] 23.110.80.42 http://www.sogou.com/index.html
INFO: [ app_init ] --START--
INFO: Run Behavior\BuildLiteBehavior [ RunTime:0.000015s ]
INFO: [ app_init ] --END-- [ RunTime:0.000324s ]
ERR: 无法加载模块:Index

[ 2015-10-25T06:46:39+08:00 ] 68.180.230.60 /robots.txt
INFO: [ app_init ] --START--
INFO: Run Behavior\BuildLiteBehavior [ RunTime:0.000018s ]
INFO: [ app_init ] --END-- [ RunTime:0.000321s ]
ERR: 无法加载模块:Robots

[ 2015-10-25T09:13:03+08:00 ] 185.25.148.240 http://testp3.pospr.waw.pl/testproxy.php
INFO: [ app_init ] --START--
INFO: Run Behavior\BuildLiteBehavior [ RunTime:0.000015s ]
INFO: [ app_init ] --END-- [ RunTime:0.000362s ]
ERR: 无法加载模块:Testproxy

[ 2015-10-25T13:27:23+08:00 ] 23.110.80.42 http://www.sogou.com/index.html
INFO: [ app_init ] --START--
INFO: Run Behavior\BuildLiteBehavior [ RunTime:0.000015s ]
INFO: [ app_init ] --END-- [ RunTime:0.000379s ]
ERR: 无法加载模块:Index

[ 2015-10-25T15:29:21+08:00 ] 213.251.184.38 /robots.txt
INFO: [ app_init ] --START--
INFO: Run Behavior\BuildLiteBehavior [ RunTime:0.000016s ]
INFO: [ app_init ] --END-- [ RunTime:0.000310s ]
ERR: 无法加载模块:Robots

[ 2015-10-25T15:57:57+08:00 ] 69.30.210.242 /robots.txt
INFO: [ app_init ] --START--
INFO: Run Behavior\BuildLiteBehavior [ RunTime:0.000017s ]
INFO: [ app_init ] --END-- [ RunTime:0.000363s ]
ERR: 无法加载模块:Robots

[ 2015-10-25T16:53:24+08:00 ] 144.76.29.66 /robots.txt
INFO: [ app_init ] --START--
INFO: Run Behavior\BuildLiteBehavior [ RunTime:0.000023s ]
INFO: [ app_init ] --END-- [ RunTime:0.000472s ]
ERR: 无法加载模块:Robots

[ 2015-10-25T17:25:29+08:00 ] 111.207.151.66 /favicon.ico
INFO: [ app_init ] --START--
INFO: Run Behavior\BuildLiteBehavior [ RunTime:0.000016s ]
INFO: [ app_init ] --END-- [ RunTime:0.000351s ]
ERR: 无法加载模块:Favicon

[ 2015-10-25T19:32:38+08:00 ] 185.49.14.190 http://testp5.mielno.lubin.pl/testproxy.php
INFO: [ app_init ] --START--
INFO: Run Behavior\BuildLiteBehavior [ RunTime:0.000017s ]
INFO: [ app_init ] --END-- [ RunTime:0.000315s ]
ERR: 无法加载模块:Testproxy

