[ 2015-10-22T02:29:47+08:00 ] 85.25.92.80 /robots.txt
INFO: [ app_init ] --START--
INFO: Run Behavior\BuildLiteBehavior [ RunTime:0.000015s ]
INFO: [ app_init ] --END-- [ RunTime:0.000311s ]
ERR: 无法加载模块:Robots

[ 2015-10-22T03:38:39+08:00 ] 207.46.13.181 /goods.php
INFO: [ app_init ] --START--
INFO: Run Behavior\BuildLiteBehavior [ RunTime:0.000016s ]
INFO: [ app_init ] --END-- [ RunTime:0.000335s ]
ERR: 无法加载模块:Goods

[ 2015-10-22T04:04:51+08:00 ] 61.160.213.110 http://zc.qq.com/chs/index.html?type=1
INFO: [ app_init ] --START--
INFO: Run Behavior\BuildLiteBehavior [ RunTime:0.000016s ]
INFO: [ app_init ] --END-- [ RunTime:0.000357s ]
ERR: 无法加载模块:Chs

[ 2015-10-22T04:52:41+08:00 ] 192.99.107.239 /robots.txt
INFO: [ app_init ] --START--
INFO: Run Behavior\BuildLiteBehavior [ RunTime:0.000073s ]
INFO: [ app_init ] --END-- [ RunTime:0.000403s ]
ERR: 无法加载模块:Robots

[ 2015-10-22T05:01:15+08:00 ] 207.46.13.136 /user.php?act=register
INFO: [ app_init ] --START--
INFO: Run Behavior\BuildLiteBehavior [ RunTime:0.000016s ]
INFO: [ app_init ] --END-- [ RunTime:0.000316s ]
ERR: 无法加载模块:User

[ 2015-10-22T07:02:37+08:00 ] 185.49.14.190 http://testp4.pospr.waw.pl/testproxy.php
INFO: [ app_init ] --START--
INFO: Run Behavior\BuildLiteBehavior [ RunTime:0.000015s ]
INFO: [ app_init ] --END-- [ RunTime:0.000304s ]
ERR: 无法加载模块:Testproxy

[ 2015-10-22T07:40:48+08:00 ] 185.25.151.159 http://testp4.pospr.waw.pl/testproxy.php
INFO: [ app_init ] --START--
INFO: Run Behavior\BuildLiteBehavior [ RunTime:0.000092s ]
INFO: [ app_init ] --END-- [ RunTime:0.000507s ]
ERR: 无法加载模块:Testproxy

[ 2015-10-22T10:19:20+08:00 ] 123.125.71.114 /robots.txt
INFO: [ app_init ] --START--
INFO: Run Behavior\BuildLiteBehavior [ RunTime:0.000016s ]
INFO: [ app_init ] --END-- [ RunTime:0.000361s ]
ERR: 无法加载模块:Robots

[ 2015-10-22T10:39:53+08:00 ] 195.154.156.209 /robots.txt
INFO: [ app_init ] --START--
INFO: Run Behavior\BuildLiteBehavior [ RunTime:0.000015s ]
INFO: [ app_init ] --END-- [ RunTime:0.000302s ]
ERR: 无法加载模块:Robots

[ 2015-10-22T13:32:33+08:00 ] 180.153.186.114 /shop/tpl/static/js/control_width.js
INFO: [ app_init ] --START--
INFO: Run Behavior\BuildLiteBehavior [ RunTime:0.000022s ]
INFO: [ app_init ] --END-- [ RunTime:0.000323s ]
ERR: 无法加载模块:Shop

[ 2015-10-22T15:09:32+08:00 ] 185.25.151.159 http://testp2.czar.bielawa.pl/testproxy.php
INFO: [ app_init ] --START--
INFO: Run Behavior\BuildLiteBehavior [ RunTime:0.000017s ]
INFO: [ app_init ] --END-- [ RunTime:0.000368s ]
ERR: 无法加载模块:Testproxy

[ 2015-10-22T19:01:24+08:00 ] 23.110.80.42 http://www.sogou.com/index.html
INFO: [ app_init ] --START--
INFO: Run Behavior\BuildLiteBehavior [ RunTime:0.000015s ]
INFO: [ app_init ] --END-- [ RunTime:0.000303s ]
ERR: 无法加载模块:Index

[ 2015-10-22T20:47:32+08:00 ] 207.46.13.136 /robots.txt
INFO: [ app_init ] --START--
INFO: Run Behavior\BuildLiteBehavior [ RunTime:0.000017s ]
INFO: [ app_init ] --END-- [ RunTime:0.000419s ]
ERR: 无法加载模块:Robots

[ 2015-10-22T22:35:52+08:00 ] 180.76.15.155 /robots.txt
INFO: [ app_init ] --START--
INFO: Run Behavior\BuildLiteBehavior [ RunTime:0.000014s ]
INFO: [ app_init ] --END-- [ RunTime:0.000354s ]
ERR: 无法加载模块:Robots

[ 2015-10-22T23:00:36+08:00 ] 61.160.213.110 http://zc.qq.com/chs/index.html?type=1
INFO: [ app_init ] --START--
INFO: Run Behavior\BuildLiteBehavior [ RunTime:0.000016s ]
INFO: [ app_init ] --END-- [ RunTime:0.000303s ]
ERR: 无法加载模块:Chs

